2026-04-12 14:33:49 error: Error: read ECONNRESET
    at TCP.onStreamRead (node:internal/stream_base_commons:216:20) | {"errno":-4077,"code":"ECONNRESET","syscall":"read"}
2026-04-12 16:24:22 error: Error: read ECONNRESET
    at TCP.onStreamRead (node:internal/stream_base_commons:216:20) | {"errno":-4077,"code":"ECONNRESET","syscall":"read"}
2026-04-12 16:24:28 error: TypeError: Cannot read properties of undefined (reading 'findByBookingId')
    at GetRefundDetailUseCase.execute (C:\Users\User\Desktop\completed\week23\myaro\server\src\application\usecases\admin\management\booking\getrefundDetailUSeCase.ts:33:51)
    at processTicksAndRejections (node:internal/process/task_queues:103:5)
    at BookingController.getRefundDetailForAdmin (C:\Users\User\Desktop\completed\week23\myaro\server\src\interface\Http\controllers\public\bookingController.ts:335:21)
2026-04-12 16:24:59 error: TypeError: Cannot read properties of undefined (reading 'findByBookingId')
    at GetRefundDetailUseCase.execute (C:\Users\User\Desktop\completed\week23\myaro\server\src\application\usecases\admin\management\booking\getrefundDetailUSeCase.ts:33:51)
    at processTicksAndRejections (node:internal/process/task_queues:103:5)
    at BookingController.getRefundDetailForAdmin (C:\Users\User\Desktop\completed\week23\myaro\server\src\interface\Http\controllers\public\bookingController.ts:335:21)
2026-04-12 17:09:00 error: Error: read ECONNRESET
    at TCP.onStreamRead (node:internal/stream_base_commons:216:20) | {"errno":-4077,"code":"ECONNRESET","syscall":"read"}
2026-04-12 18:37:14 error: Error: read ECONNRESET
    at TCP.onStreamRead (node:internal/stream_base_commons:216:20) | {"errno":-4077,"code":"ECONNRESET","syscall":"read"}
2026-04-12 18:46:17 error: Error: Cannot set headers after they are sent to the client
    at ServerResponse.setHeader (node:_http_outgoing:642:11)
    at ServerResponse.header (C:\Users\User\Desktop\completed\week23\myaro\server\node_modules\express\lib\response.js:684:10)
    at ServerResponse.send (C:\Users\User\Desktop\completed\week23\myaro\server\node_modules\express\lib\response.js:161:12)
    at ServerResponse.json (C:\Users\User\Desktop\completed\week23\myaro\server\node_modules\express\lib\response.js:250:15)
    at BookingController.getAllDisputeForAdmin (C:\Users\User\Desktop\completed\week23\myaro\server\src\interface\Http\controllers\public\bookingController.ts:263:30)
    at processTicksAndRejections (node:internal/process/task_queues:103:5)
2026-04-12 18:48:13 error: Error: Cannot set headers after they are sent to the client
    at ServerResponse.setHeader (node:_http_outgoing:642:11)
    at ServerResponse.header (C:\Users\User\Desktop\completed\week23\myaro\server\node_modules\express\lib\response.js:684:10)
    at ServerResponse.json (C:\Users\User\Desktop\completed\week23\myaro\server\node_modules\express\lib\response.js:247:10)
    at BookingController.getAllDisputeForAdmin (C:\Users\User\Desktop\completed\week23\myaro\server\src\interface\Http\controllers\public\bookingController.ts:263:30)
    at processTicksAndRejections (node:internal/process/task_queues:103:5)
2026-04-12 18:48:18 error: Error: Cannot set headers after they are sent to the client
    at ServerResponse.setHeader (node:_http_outgoing:642:11)
    at ServerResponse.header (C:\Users\User\Desktop\completed\week23\myaro\server\node_modules\express\lib\response.js:684:10)
    at ServerResponse.json (C:\Users\User\Desktop\completed\week23\myaro\server\node_modules\express\lib\response.js:247:10)
    at BookingController.getAllDisputeForAdmin (C:\Users\User\Desktop\completed\week23\myaro\server\src\interface\Http\controllers\public\bookingController.ts:263:30)
    at processTicksAndRejections (node:internal/process/task_queues:103:5)
2026-04-12 18:49:08 error: Error: Cannot set headers after they are sent to the client
    at ServerResponse.setHeader (node:_http_outgoing:642:11)
    at ServerResponse.header (C:\Users\User\Desktop\completed\week23\myaro\server\node_modules\express\lib\response.js:684:10)
    at ServerResponse.json (C:\Users\User\Desktop\completed\week23\myaro\server\node_modules\express\lib\response.js:247:10)
    at BookingController.getAllDisputeForAdmin (C:\Users\User\Desktop\completed\week23\myaro\server\src\interface\Http\controllers\public\bookingController.ts:263:30)
    at processTicksAndRejections (node:internal/process/task_queues:103:5)
2026-04-12 18:49:32 error: Error: Cannot set headers after they are sent to the client
    at ServerResponse.setHeader (node:_http_outgoing:642:11)
    at ServerResponse.header (C:\Users\User\Desktop\completed\week23\myaro\server\node_modules\express\lib\response.js:684:10)
    at ServerResponse.json (C:\Users\User\Desktop\completed\week23\myaro\server\node_modules\express\lib\response.js:247:10)
    at BookingController.getAllDisputeForAdmin (C:\Users\User\Desktop\completed\week23\myaro\server\src\interface\Http\controllers\public\bookingController.ts:263:30)
    at processTicksAndRejections (node:internal/process/task_queues:103:5)
2026-04-12 18:49:47 error: Error: Cannot set headers after they are sent to the client
    at ServerResponse.setHeader (node:_http_outgoing:642:11)
    at ServerResponse.header (C:\Users\User\Desktop\completed\week23\myaro\server\node_modules\express\lib\response.js:684:10)
    at ServerResponse.json (C:\Users\User\Desktop\completed\week23\myaro\server\node_modules\express\lib\response.js:247:10)
    at BookingController.getAllDisputeForAdmin (C:\Users\User\Desktop\completed\week23\myaro\server\src\interface\Http\controllers\public\bookingController.ts:263:30)
    at processTicksAndRejections (node:internal/process/task_queues:103:5)
2026-04-12 18:49:49 error: Error: Cannot set headers after they are sent to the client
    at ServerResponse.setHeader (node:_http_outgoing:642:11)
    at ServerResponse.header (C:\Users\User\Desktop\completed\week23\myaro\server\node_modules\express\lib\response.js:684:10)
    at ServerResponse.json (C:\Users\User\Desktop\completed\week23\myaro\server\node_modules\express\lib\response.js:247:10)
    at BookingController.getAllDisputeForAdmin (C:\Users\User\Desktop\completed\week23\myaro\server\src\interface\Http\controllers\public\bookingController.ts:263:30)
    at processTicksAndRejections (node:internal/process/task_queues:103:5)
2026-04-12 18:49:54 error: Error: Cannot set headers after they are sent to the client
    at ServerResponse.setHeader (node:_http_outgoing:642:11)
    at ServerResponse.header (C:\Users\User\Desktop\completed\week23\myaro\server\node_modules\express\lib\response.js:684:10)
    at ServerResponse.json (C:\Users\User\Desktop\completed\week23\myaro\server\node_modules\express\lib\response.js:247:10)
    at BookingController.getAllDisputeForAdmin (C:\Users\User\Desktop\completed\week23\myaro\server\src\interface\Http\controllers\public\bookingController.ts:263:30)
    at processTicksAndRejections (node:internal/process/task_queues:103:5)
2026-04-12 18:49:58 error: Error: Cannot set headers after they are sent to the client
    at ServerResponse.setHeader (node:_http_outgoing:642:11)
    at ServerResponse.header (C:\Users\User\Desktop\completed\week23\myaro\server\node_modules\express\lib\response.js:684:10)
    at ServerResponse.json (C:\Users\User\Desktop\completed\week23\myaro\server\node_modules\express\lib\response.js:247:10)
    at BookingController.getAllDisputeForAdmin (C:\Users\User\Desktop\completed\week23\myaro\server\src\interface\Http\controllers\public\bookingController.ts:263:30)
    at processTicksAndRejections (node:internal/process/task_queues:103:5)
2026-04-12 19:30:55 error: CastError: Cast to ObjectId failed for value ":refundId" (type string) at path "_id" for model "Refund"
    at SchemaObjectId.cast (C:\Users\User\Desktop\completed\week23\myaro\server\node_modules\mongoose\lib\schema\objectId.js:251:11)
    at SchemaObjectId.SchemaType.applySetters (C:\Users\User\Desktop\completed\week23\myaro\server\node_modules\mongoose\lib\schemaType.js:1262:12)
    at SchemaObjectId.SchemaType.castForQuery (C:\Users\User\Desktop\completed\week23\myaro\server\node_modules\mongoose\lib\schemaType.js:1698:17)
    at cast (C:\Users\User\Desktop\completed\week23\myaro\server\node_modules\mongoose\lib\cast.js:390:32)
    at model.Query.Query.cast (C:\Users\User\Desktop\completed\week23\myaro\server\node_modules\mongoose\lib\query.js:5060:12)
    at model.Query.Query._castConditions (C:\Users\User\Desktop\completed\week23\myaro\server\node_modules\mongoose\lib\query.js:2374:10)
    at model.Query._findOne (C:\Users\User\Desktop\completed\week23\myaro\server\node_modules\mongoose\lib\query.js:2697:8)
    at model.Query.exec (C:\Users\User\Desktop\completed\week23\myaro\server\node_modules\mongoose\lib\query.js:4627:80)
    at processTicksAndRejections (node:internal/process/task_queues:103:5)
    at RefundRepository.findById (C:\Users\User\Desktop\completed\week23\myaro\server\src\infrastructure\repositories\user\refundRepository.ts:72:15)
2026-04-12 19:32:57 error: TypeError: Cannot read properties of undefined (reading 'findByBookingId')
    at GetDisputeDetailsUseCase.execute (C:\Users\User\Desktop\completed\week23\myaro\server\src\application\usecases\admin\management\booking\getDisputeDetailsUseCase.ts:27:31)
    at processTicksAndRejections (node:internal/process/task_queues:103:5)
    at BookingController.getDisputeDetailForAdmin (C:\Users\User\Desktop\completed\week23\myaro\server\src\interface\Http\controllers\public\bookingController.ts:317:21)
2026-04-12 19:33:02 error: TypeError: Cannot read properties of undefined (reading 'findByBookingId')
    at GetDisputeDetailsUseCase.execute (C:\Users\User\Desktop\completed\week23\myaro\server\src\application\usecases\admin\management\booking\getDisputeDetailsUseCase.ts:27:31)
    at processTicksAndRejections (node:internal/process/task_queues:103:5)
    at BookingController.getDisputeDetailForAdmin (C:\Users\User\Desktop\completed\week23\myaro\server\src\interface\Http\controllers\public\bookingController.ts:317:21)
2026-04-12 19:53:37 error: Error: read ECONNRESET
    at TCP.onStreamRead (node:internal/stream_base_commons:216:20) | {"errno":-4077,"code":"ECONNRESET","syscall":"read"}
2026-04-12 19:53:39 error: Error: getaddrinfo ENOTFOUND redis-12559.crce217.ap-south-1-1.ec2.cloud.redislabs.com
    at GetAddrInfoReqWrap.onlookupall [as oncomplete] (node:dns:122:26) | {"errno":-3008,"code":"ENOTFOUND","syscall":"getaddrinfo","hostname":"redis-12559.crce217.ap-south-1-1.ec2.cloud.redislabs.com"}
2026-04-12 19:53:42 error: Error: read ECONNRESET
    at TCP.onStreamRead (node:internal/stream_base_commons:216:20) | {"errno":-4077,"code":"ECONNRESET","syscall":"read"}
2026-04-12 19:54:12 error: Error: read ECONNRESET
    at TCP.onStreamRead (node:internal/stream_base_commons:216:20) | {"errno":-4077,"code":"ECONNRESET","syscall":"read"}
2026-04-12 19:54:12 error: Error: getaddrinfo ENOTFOUND redis-12559.crce217.ap-south-1-1.ec2.cloud.redislabs.com
    at GetAddrInfoReqWrap.onlookupall [as oncomplete] (node:dns:122:26) | {"errno":-3008,"code":"ENOTFOUND","syscall":"getaddrinfo","hostname":"redis-12559.crce217.ap-south-1-1.ec2.cloud.redislabs.com"}
2026-04-12 19:54:12 error: Error: getaddrinfo ENOTFOUND redis-12559.crce217.ap-south-1-1.ec2.cloud.redislabs.com
    at GetAddrInfoReqWrap.onlookupall [as oncomplete] (node:dns:122:26) | {"errno":-3008,"code":"ENOTFOUND","syscall":"getaddrinfo","hostname":"redis-12559.crce217.ap-south-1-1.ec2.cloud.redislabs.com"}
2026-04-12 19:54:12 error: Error: getaddrinfo ENOTFOUND redis-12559.crce217.ap-south-1-1.ec2.cloud.redislabs.com
    at GetAddrInfoReqWrap.onlookupall [as oncomplete] (node:dns:122:26) | {"errno":-3008,"code":"ENOTFOUND","syscall":"getaddrinfo","hostname":"redis-12559.crce217.ap-south-1-1.ec2.cloud.redislabs.com"}
2026-04-12 19:54:12 error: Error: getaddrinfo ENOTFOUND redis-12559.crce217.ap-south-1-1.ec2.cloud.redislabs.com
    at GetAddrInfoReqWrap.onlookupall [as oncomplete] (node:dns:122:26) | {"errno":-3008,"code":"ENOTFOUND","syscall":"getaddrinfo","hostname":"redis-12559.crce217.ap-south-1-1.ec2.cloud.redislabs.com"}
2026-04-12 19:54:13 error: Error: getaddrinfo ENOTFOUND redis-12559.crce217.ap-south-1-1.ec2.cloud.redislabs.com
    at GetAddrInfoReqWrap.onlookupall [as oncomplete] (node:dns:122:26) | {"errno":-3008,"code":"ENOTFOUND","syscall":"getaddrinfo","hostname":"redis-12559.crce217.ap-south-1-1.ec2.cloud.redislabs.com"}
2026-04-12 19:54:14 error: Error: getaddrinfo ENOTFOUND redis-12559.crce217.ap-south-1-1.ec2.cloud.redislabs.com
    at GetAddrInfoReqWrap.onlookupall [as oncomplete] (node:dns:122:26) | {"errno":-3008,"code":"ENOTFOUND","syscall":"getaddrinfo","hostname":"redis-12559.crce217.ap-south-1-1.ec2.cloud.redislabs.com"}
2026-04-12 19:54:16 error: Error: getaddrinfo ENOTFOUND redis-12559.crce217.ap-south-1-1.ec2.cloud.redislabs.com
    at GetAddrInfoReqWrap.onlookupall [as oncomplete] (node:dns:122:26) | {"errno":-3008,"code":"ENOTFOUND","syscall":"getaddrinfo","hostname":"redis-12559.crce217.ap-south-1-1.ec2.cloud.redislabs.com"}
2026-04-12 19:54:18 error: Error: getaddrinfo ENOTFOUND redis-12559.crce217.ap-south-1-1.ec2.cloud.redislabs.com
    at GetAddrInfoReqWrap.onlookupall [as oncomplete] (node:dns:122:26) | {"errno":-3008,"code":"ENOTFOUND","syscall":"getaddrinfo","hostname":"redis-12559.crce217.ap-south-1-1.ec2.cloud.redislabs.com"}
2026-04-12 19:54:20 error: Error: getaddrinfo ENOTFOUND redis-12559.crce217.ap-south-1-1.ec2.cloud.redislabs.com
    at GetAddrInfoReqWrap.onlookupall [as oncomplete] (node:dns:122:26) | {"errno":-3008,"code":"ENOTFOUND","syscall":"getaddrinfo","hostname":"redis-12559.crce217.ap-south-1-1.ec2.cloud.redislabs.com"}
2026-04-12 19:54:22 error: Error: getaddrinfo ENOTFOUND redis-12559.crce217.ap-south-1-1.ec2.cloud.redislabs.com
    at GetAddrInfoReqWrap.onlookupall [as oncomplete] (node:dns:122:26) | {"errno":-3008,"code":"ENOTFOUND","syscall":"getaddrinfo","hostname":"redis-12559.crce217.ap-south-1-1.ec2.cloud.redislabs.com"}
2026-04-12 19:54:24 error: Error: getaddrinfo ENOTFOUND redis-12559.crce217.ap-south-1-1.ec2.cloud.redislabs.com
    at GetAddrInfoReqWrap.onlookupall [as oncomplete] (node:dns:122:26) | {"errno":-3008,"code":"ENOTFOUND","syscall":"getaddrinfo","hostname":"redis-12559.crce217.ap-south-1-1.ec2.cloud.redislabs.com"}
2026-04-12 19:54:26 error: Error: getaddrinfo ENOTFOUND redis-12559.crce217.ap-south-1-1.ec2.cloud.redislabs.com
    at GetAddrInfoReqWrap.onlookupall [as oncomplete] (node:dns:122:26) | {"errno":-3008,"code":"ENOTFOUND","syscall":"getaddrinfo","hostname":"redis-12559.crce217.ap-south-1-1.ec2.cloud.redislabs.com"}
2026-04-12 19:54:28 error: Error: getaddrinfo ENOTFOUND redis-12559.crce217.ap-south-1-1.ec2.cloud.redislabs.com
    at GetAddrInfoReqWrap.onlookupall [as oncomplete] (node:dns:122:26) | {"errno":-3008,"code":"ENOTFOUND","syscall":"getaddrinfo","hostname":"redis-12559.crce217.ap-south-1-1.ec2.cloud.redislabs.com"}
2026-04-12 19:54:36 error: Error: Connection timeout
    at Socket.onTimeout (C:\Users\User\Desktop\completed\week23\myaro\server\node_modules\@redis\client\lib\client\socket.ts:265:40)
    at Object.onceWrapper (node:events:622:28)
    at Socket.emit (node:events:508:28)
    at Socket._onTimeout (node:net:604:8)
    at listOnTimeout (node:internal/timers:605:17)
    at processTimers (node:internal/timers:541:7)
2026-04-12 19:54:38 error: Error: getaddrinfo ENOTFOUND redis-12559.crce217.ap-south-1-1.ec2.cloud.redislabs.com
    at GetAddrInfoReqWrap.onlookupall [as oncomplete] (node:dns:122:26) | {"errno":-3008,"code":"ENOTFOUND","syscall":"getaddrinfo","hostname":"redis-12559.crce217.ap-south-1-1.ec2.cloud.redislabs.com"}
2026-04-12 19:54:40 error: Error: getaddrinfo ENOTFOUND redis-12559.crce217.ap-south-1-1.ec2.cloud.redislabs.com
    at GetAddrInfoReqWrap.onlookupall [as oncomplete] (node:dns:122:26) | {"errno":-3008,"code":"ENOTFOUND","syscall":"getaddrinfo","hostname":"redis-12559.crce217.ap-south-1-1.ec2.cloud.redislabs.com"}
2026-04-12 19:54:42 error: Error: getaddrinfo ENOTFOUND redis-12559.crce217.ap-south-1-1.ec2.cloud.redislabs.com
    at GetAddrInfoReqWrap.onlookupall [as oncomplete] (node:dns:122:26) | {"errno":-3008,"code":"ENOTFOUND","syscall":"getaddrinfo","hostname":"redis-12559.crce217.ap-south-1-1.ec2.cloud.redislabs.com"}
2026-04-12 19:54:49 error: Error: Connection timeout
    at Socket.onTimeout (C:\Users\User\Desktop\completed\week23\myaro\server\node_modules\@redis\client\lib\client\socket.ts:265:40)
    at Object.onceWrapper (node:events:622:28)
    at Socket.emit (node:events:508:28)
    at Socket._onTimeout (node:net:604:8)
    at listOnTimeout (node:internal/timers:605:17)
    at processTimers (node:internal/timers:541:7)
2026-04-12 19:54:56 error: Error: Connection timeout
    at Socket.onTimeout (C:\Users\User\Desktop\completed\week23\myaro\server\node_modules\@redis\client\lib\client\socket.ts:265:40)
    at Object.onceWrapper (node:events:622:28)
    at Socket.emit (node:events:508:28)
    at Socket._onTimeout (node:net:604:8)
    at listOnTimeout (node:internal/timers:605:17)
    at processTimers (node:internal/timers:541:7)
2026-04-12 19:55:57 error: Error: read ECONNRESET
    at TCP.onStreamRead (node:internal/stream_base_commons:216:20) | {"errno":-4077,"code":"ECONNRESET","syscall":"read"}
2026-04-12 19:56:01 error: Error: getaddrinfo ENOTFOUND redis-12559.crce217.ap-south-1-1.ec2.cloud.redislabs.com
    at GetAddrInfoReqWrap.onlookupall [as oncomplete] (node:dns:122:26) | {"errno":-3008,"code":"ENOTFOUND","syscall":"getaddrinfo","hostname":"redis-12559.crce217.ap-south-1-1.ec2.cloud.redislabs.com"}
2026-04-12 19:56:02 error: Error: getaddrinfo ENOTFOUND redis-12559.crce217.ap-south-1-1.ec2.cloud.redislabs.com
    at GetAddrInfoReqWrap.onlookupall [as oncomplete] (node:dns:122:26) | {"errno":-3008,"code":"ENOTFOUND","syscall":"getaddrinfo","hostname":"redis-12559.crce217.ap-south-1-1.ec2.cloud.redislabs.com"}
2026-04-12 20:23:09 error: Error: read ECONNRESET
    at TCP.onStreamRead (node:internal/stream_base_commons:216:20) | {"errno":-4077,"code":"ECONNRESET","syscall":"read"}
2026-04-12 20:41:19 error: TypeError: Cannot read properties of undefined (reading 'findByBookingId')
    at UpdateBookingStatusUseCase.execute (C:\Users\User\Desktop\completed\week23\myaro\server\src\application\usecases\booking\updateBookingStatusUseCase.ts:66:42)
    at processTicksAndRejections (node:internal/process/task_queues:103:5)
    at BookingController.updateBookingStatus (C:\Users\User\Desktop\completed\week23\myaro\server\src\interface\Http\controllers\public\bookingController.ts:121:21)
2026-04-12 21:31:50 error: Error: read ECONNRESET
    at TCP.onStreamRead (node:internal/stream_base_commons:216:20) | {"errno":-4077,"code":"ECONNRESET","syscall":"read"}
2026-04-12 21:51:38 error: Error: Cannot set headers after they are sent to the client
    at ServerResponse.setHeader (node:_http_outgoing:642:11)
    at ServerResponse.header (C:\Users\User\Desktop\completed\week23\myaro\server\node_modules\express\lib\response.js:684:10)
    at ServerResponse.send (C:\Users\User\Desktop\completed\week23\myaro\server\node_modules\express\lib\response.js:161:12)
    at ServerResponse.json (C:\Users\User\Desktop\completed\week23\myaro\server\node_modules\express\lib\response.js:250:15)
    at BookingController.getAllBookingsForAdmin (C:\Users\User\Desktop\completed\week23\myaro\server\src\interface\Http\controllers\public\bookingController.ts:245:30)
    at processTicksAndRejections (node:internal/process/task_queues:103:5)
2026-04-12 21:51:45 error: Error: Cannot set headers after they are sent to the client
    at ServerResponse.setHeader (node:_http_outgoing:642:11)
    at ServerResponse.header (C:\Users\User\Desktop\completed\week23\myaro\server\node_modules\express\lib\response.js:684:10)
    at ServerResponse.send (C:\Users\User\Desktop\completed\week23\myaro\server\node_modules\express\lib\response.js:161:12)
    at ServerResponse.json (C:\Users\User\Desktop\completed\week23\myaro\server\node_modules\express\lib\response.js:250:15)
    at BookingController.getAllBookingsForAdmin (C:\Users\User\Desktop\completed\week23\myaro\server\src\interface\Http\controllers\public\bookingController.ts:245:30)
    at processTicksAndRejections (node:internal/process/task_queues:103:5)
2026-04-12 21:51:47 error: Error: Cannot set headers after they are sent to the client
    at ServerResponse.setHeader (node:_http_outgoing:642:11)
    at ServerResponse.header (C:\Users\User\Desktop\completed\week23\myaro\server\node_modules\express\lib\response.js:684:10)
    at ServerResponse.send (C:\Users\User\Desktop\completed\week23\myaro\server\node_modules\express\lib\response.js:161:12)
    at ServerResponse.json (C:\Users\User\Desktop\completed\week23\myaro\server\node_modules\express\lib\response.js:250:15)
    at BookingController.getAllBookingsForAdmin (C:\Users\User\Desktop\completed\week23\myaro\server\src\interface\Http\controllers\public\bookingController.ts:245:30)
    at processTicksAndRejections (node:internal/process/task_queues:103:5)
2026-04-12 21:51:48 error: Error: Cannot set headers after they are sent to the client
    at ServerResponse.setHeader (node:_http_outgoing:642:11)
    at ServerResponse.header (C:\Users\User\Desktop\completed\week23\myaro\server\node_modules\express\lib\response.js:684:10)
    at ServerResponse.send (C:\Users\User\Desktop\completed\week23\myaro\server\node_modules\express\lib\response.js:161:12)
    at ServerResponse.json (C:\Users\User\Desktop\completed\week23\myaro\server\node_modules\express\lib\response.js:250:15)
    at BookingController.getAllBookingsForAdmin (C:\Users\User\Desktop\completed\week23\myaro\server\src\interface\Http\controllers\public\bookingController.ts:245:30)
    at processTicksAndRejections (node:internal/process/task_queues:103:5)
2026-04-12 21:51:49 error: Error: Cannot set headers after they are sent to the client
    at ServerResponse.setHeader (node:_http_outgoing:642:11)
    at ServerResponse.header (C:\Users\User\Desktop\completed\week23\myaro\server\node_modules\express\lib\response.js:684:10)
    at ServerResponse.json (C:\Users\User\Desktop\completed\week23\myaro\server\node_modules\express\lib\response.js:247:10)
    at BookingController.getAllBookingsForAdmin (C:\Users\User\Desktop\completed\week23\myaro\server\src\interface\Http\controllers\public\bookingController.ts:245:30)
    at processTicksAndRejections (node:internal/process/task_queues:103:5)
2026-04-12 21:51:50 error: Error: Cannot set headers after they are sent to the client
    at ServerResponse.setHeader (node:_http_outgoing:642:11)
    at ServerResponse.header (C:\Users\User\Desktop\completed\week23\myaro\server\node_modules\express\lib\response.js:684:10)
    at ServerResponse.json (C:\Users\User\Desktop\completed\week23\myaro\server\node_modules\express\lib\response.js:247:10)
    at BookingController.getAllBookingsForAdmin (C:\Users\User\Desktop\completed\week23\myaro\server\src\interface\Http\controllers\public\bookingController.ts:245:30)
    at processTicksAndRejections (node:internal/process/task_queues:103:5)
2026-04-12 21:52:01 error: Error: Cannot set headers after they are sent to the client
    at ServerResponse.setHeader (node:_http_outgoing:642:11)
    at ServerResponse.header (C:\Users\User\Desktop\completed\week23\myaro\server\node_modules\express\lib\response.js:684:10)
    at ServerResponse.json (C:\Users\User\Desktop\completed\week23\myaro\server\node_modules\express\lib\response.js:247:10)
    at BookingController.getAllBookingsForAdmin (C:\Users\User\Desktop\completed\week23\myaro\server\src\interface\Http\controllers\public\bookingController.ts:245:30)
    at processTicksAndRejections (node:internal/process/task_queues:103:5)
2026-04-12 22:28:17 error: CastError: Cast to ObjectId failed for value ":refundId" (type string) at path "_id" for model "Refund"
    at SchemaObjectId.cast (C:\Users\User\Desktop\completed\week23\myaro\server\node_modules\mongoose\lib\schema\objectId.js:251:11)
    at SchemaObjectId.SchemaType.applySetters (C:\Users\User\Desktop\completed\week23\myaro\server\node_modules\mongoose\lib\schemaType.js:1262:12)
    at SchemaObjectId.SchemaType.castForQuery (C:\Users\User\Desktop\completed\week23\myaro\server\node_modules\mongoose\lib\schemaType.js:1698:17)
    at cast (C:\Users\User\Desktop\completed\week23\myaro\server\node_modules\mongoose\lib\cast.js:390:32)
    at model.Query.Query.cast (C:\Users\User\Desktop\completed\week23\myaro\server\node_modules\mongoose\lib\query.js:5060:12)
    at model.Query.Query._castConditions (C:\Users\User\Desktop\completed\week23\myaro\server\node_modules\mongoose\lib\query.js:2374:10)
    at model.Query._findOne (C:\Users\User\Desktop\completed\week23\myaro\server\node_modules\mongoose\lib\query.js:2697:8)
    at model.Query.exec (C:\Users\User\Desktop\completed\week23\myaro\server\node_modules\mongoose\lib\query.js:4627:80)
    at processTicksAndRejections (node:internal/process/task_queues:103:5)
    at RefundRepository.findById (C:\Users\User\Desktop\completed\week23\myaro\server\src\infrastructure\repositories\user\refundRepository.ts:72:15)
2026-04-12 22:28:21 error: CastError: Cast to ObjectId failed for value ":refundId" (type string) at path "_id" for model "Refund"
    at SchemaObjectId.cast (C:\Users\User\Desktop\completed\week23\myaro\server\node_modules\mongoose\lib\schema\objectId.js:251:11)
    at SchemaObjectId.SchemaType.applySetters (C:\Users\User\Desktop\completed\week23\myaro\server\node_modules\mongoose\lib\schemaType.js:1262:12)
    at SchemaObjectId.SchemaType.castForQuery (C:\Users\User\Desktop\completed\week23\myaro\server\node_modules\mongoose\lib\schemaType.js:1698:17)
    at cast (C:\Users\User\Desktop\completed\week23\myaro\server\node_modules\mongoose\lib\cast.js:390:32)
    at model.Query.Query.cast (C:\Users\User\Desktop\completed\week23\myaro\server\node_modules\mongoose\lib\query.js:5060:12)
    at model.Query.Query._castConditions (C:\Users\User\Desktop\completed\week23\myaro\server\node_modules\mongoose\lib\query.js:2374:10)
    at model.Query._findOne (C:\Users\User\Desktop\completed\week23\myaro\server\node_modules\mongoose\lib\query.js:2697:8)
    at model.Query.exec (C:\Users\User\Desktop\completed\week23\myaro\server\node_modules\mongoose\lib\query.js:4627:80)
    at processTicksAndRejections (node:internal/process/task_queues:103:5)
    at RefundRepository.findById (C:\Users\User\Desktop\completed\week23\myaro\server\src\infrastructure\repositories\user\refundRepository.ts:72:15)
2026-04-12 22:28:34 error: CastError: Cast to ObjectId failed for value ":refundId" (type string) at path "_id" for model "Refund"
    at SchemaObjectId.cast (C:\Users\User\Desktop\completed\week23\myaro\server\node_modules\mongoose\lib\schema\objectId.js:251:11)
    at SchemaObjectId.SchemaType.applySetters (C:\Users\User\Desktop\completed\week23\myaro\server\node_modules\mongoose\lib\schemaType.js:1262:12)
    at SchemaObjectId.SchemaType.castForQuery (C:\Users\User\Desktop\completed\week23\myaro\server\node_modules\mongoose\lib\schemaType.js:1698:17)
    at cast (C:\Users\User\Desktop\completed\week23\myaro\server\node_modules\mongoose\lib\cast.js:390:32)
    at model.Query.Query.cast (C:\Users\User\Desktop\completed\week23\myaro\server\node_modules\mongoose\lib\query.js:5060:12)
    at model.Query.Query._castConditions (C:\Users\User\Desktop\completed\week23\myaro\server\node_modules\mongoose\lib\query.js:2374:10)
    at model.Query._findOne (C:\Users\User\Desktop\completed\week23\myaro\server\node_modules\mongoose\lib\query.js:2697:8)
    at model.Query.exec (C:\Users\User\Desktop\completed\week23\myaro\server\node_modules\mongoose\lib\query.js:4627:80)
    at processTicksAndRejections (node:internal/process/task_queues:103:5)
    at RefundRepository.findById (C:\Users\User\Desktop\completed\week23\myaro\server\src\infrastructure\repositories\user\refundRepository.ts:72:15)
