2026-04-22 16:23:54 error: CastError: Cast to ObjectId failed for value ":bauticianId" (type string) at path "_id" for model "User"
    at SchemaObjectId.cast (C:\Users\User\Desktop\completed\week23\myaro\server\node_modules\mongoose\lib\schema\objectId.js:251:11)
    at SchemaObjectId.SchemaType.applySetters (C:\Users\User\Desktop\completed\week23\myaro\server\node_modules\mongoose\lib\schemaType.js:1262:12)
    at SchemaObjectId.SchemaType.castForQuery (C:\Users\User\Desktop\completed\week23\myaro\server\node_modules\mongoose\lib\schemaType.js:1698:17)
    at cast (C:\Users\User\Desktop\completed\week23\myaro\server\node_modules\mongoose\lib\cast.js:390:32)
    at model.Query.Query.cast (C:\Users\User\Desktop\completed\week23\myaro\server\node_modules\mongoose\lib\query.js:5060:12)
    at model.Query.Query._castConditions (C:\Users\User\Desktop\completed\week23\myaro\server\node_modules\mongoose\lib\query.js:2374:10)
    at model.Query._findOne (C:\Users\User\Desktop\completed\week23\myaro\server\node_modules\mongoose\lib\query.js:2697:8)
    at model.Query.exec (C:\Users\User\Desktop\completed\week23\myaro\server\node_modules\mongoose\lib\query.js:4627:80)
    at processTicksAndRejections (node:internal/process/task_queues:103:5)
    at MongoUserRepository.findByUserId (C:\Users\User\Desktop\completed\week23\myaro\server\src\infrastructure\repositories\UserRepository.ts:41:17)
2026-04-22 16:28:05 error: ValidationError: Comment validation failed: text: Path `text` is required.
    at model.Document.invalidate (C:\Users\User\Desktop\completed\week23\myaro\server\node_modules\mongoose\lib\document.js:3362:32)
    at C:\Users\User\Desktop\completed\week23\myaro\server\node_modules\mongoose\lib\document.js:3123:17
    at C:\Users\User\Desktop\completed\week23\myaro\server\node_modules\mongoose\lib\schemaType.js:1420:9
    at processTicksAndRejections (node:internal/process/task_queues:84:11)
2026-04-22 16:28:54 error: ValidationError: Comment validation failed: text: Path `text` is required.
    at model.Document.invalidate (C:\Users\User\Desktop\completed\week23\myaro\server\node_modules\mongoose\lib\document.js:3362:32)
    at C:\Users\User\Desktop\completed\week23\myaro\server\node_modules\mongoose\lib\document.js:3123:17
    at C:\Users\User\Desktop\completed\week23\myaro\server\node_modules\mongoose\lib\schemaType.js:1420:9
    at processTicksAndRejections (node:internal/process/task_queues:84:11)
2026-04-22 16:31:06 error: ValidationError: Comment validation failed: text: Path `text` is required.
    at model.Document.invalidate (C:\Users\User\Desktop\completed\week23\myaro\server\node_modules\mongoose\lib\document.js:3362:32)
    at C:\Users\User\Desktop\completed\week23\myaro\server\node_modules\mongoose\lib\document.js:3123:17
    at C:\Users\User\Desktop\completed\week23\myaro\server\node_modules\mongoose\lib\schemaType.js:1420:9
    at processTicksAndRejections (node:internal/process/task_queues:84:11)
2026-04-22 16:44:51 error: ValidationError: Comment validation failed: text: Path `text` is required.
    at model.Document.invalidate (C:\Users\User\Desktop\completed\week23\myaro\server\node_modules\mongoose\lib\document.js:3362:32)
    at C:\Users\User\Desktop\completed\week23\myaro\server\node_modules\mongoose\lib\document.js:3123:17
    at C:\Users\User\Desktop\completed\week23\myaro\server\node_modules\mongoose\lib\schemaType.js:1420:9
    at processTicksAndRejections (node:internal/process/task_queues:84:11)
2026-04-22 16:46:19 error: ValidationError: Comment validation failed: text: Path `text` is required.
    at model.Document.invalidate (C:\Users\User\Desktop\completed\week23\myaro\server\node_modules\mongoose\lib\document.js:3362:32)
    at C:\Users\User\Desktop\completed\week23\myaro\server\node_modules\mongoose\lib\document.js:3123:17
    at C:\Users\User\Desktop\completed\week23\myaro\server\node_modules\mongoose\lib\schemaType.js:1420:9
    at processTicksAndRejections (node:internal/process/task_queues:84:11)
2026-04-22 16:50:41 error: ValidationError: Comment validation failed: text: Path `text` is required.
    at model.Document.invalidate (C:\Users\User\Desktop\completed\week23\myaro\server\node_modules\mongoose\lib\document.js:3362:32)
    at C:\Users\User\Desktop\completed\week23\myaro\server\node_modules\mongoose\lib\document.js:3123:17
    at C:\Users\User\Desktop\completed\week23\myaro\server\node_modules\mongoose\lib\schemaType.js:1420:9
    at processTicksAndRejections (node:internal/process/task_queues:84:11)
2026-04-22 16:51:29 error: ValidationError: Comment validation failed: text: Path `text` is required.
    at model.Document.invalidate (C:\Users\User\Desktop\completed\week23\myaro\server\node_modules\mongoose\lib\document.js:3362:32)
    at C:\Users\User\Desktop\completed\week23\myaro\server\node_modules\mongoose\lib\document.js:3123:17
    at C:\Users\User\Desktop\completed\week23\myaro\server\node_modules\mongoose\lib\schemaType.js:1420:9
    at processTicksAndRejections (node:internal/process/task_queues:84:11)
2026-04-22 16:55:02 error: ValidationError: Comment validation failed: text: Path `text` is required.
    at model.Document.invalidate (C:\Users\User\Desktop\completed\week23\myaro\server\node_modules\mongoose\lib\document.js:3362:32)
    at C:\Users\User\Desktop\completed\week23\myaro\server\node_modules\mongoose\lib\document.js:3123:17
    at C:\Users\User\Desktop\completed\week23\myaro\server\node_modules\mongoose\lib\schemaType.js:1420:9
    at processTicksAndRejections (node:internal/process/task_queues:84:11)
2026-04-22 16:55:05 error: ValidationError: Comment validation failed: text: Path `text` is required.
    at model.Document.invalidate (C:\Users\User\Desktop\completed\week23\myaro\server\node_modules\mongoose\lib\document.js:3362:32)
    at C:\Users\User\Desktop\completed\week23\myaro\server\node_modules\mongoose\lib\document.js:3123:17
    at C:\Users\User\Desktop\completed\week23\myaro\server\node_modules\mongoose\lib\schemaType.js:1420:9
    at processTicksAndRejections (node:internal/process/task_queues:84:11)
2026-04-22 16:55:38 error: ValidationError: Comment validation failed: text: Path `text` is required.
    at model.Document.invalidate (C:\Users\User\Desktop\completed\week23\myaro\server\node_modules\mongoose\lib\document.js:3362:32)
    at C:\Users\User\Desktop\completed\week23\myaro\server\node_modules\mongoose\lib\document.js:3123:17
    at C:\Users\User\Desktop\completed\week23\myaro\server\node_modules\mongoose\lib\schemaType.js:1420:9
    at processTicksAndRejections (node:internal/process/task_queues:84:11)
2026-04-22 17:03:03 error: ValidationError: Comment validation failed: text: Path `text` is required.
    at model.Document.invalidate (C:\Users\User\Desktop\completed\week23\myaro\server\node_modules\mongoose\lib\document.js:3362:32)
    at C:\Users\User\Desktop\completed\week23\myaro\server\node_modules\mongoose\lib\document.js:3123:17
    at C:\Users\User\Desktop\completed\week23\myaro\server\node_modules\mongoose\lib\schemaType.js:1420:9
    at processTicksAndRejections (node:internal/process/task_queues:84:11)
2026-04-22 17:05:44 error: Error: Connection timeout
    at Socket.onTimeout (C:\Users\User\Desktop\completed\week23\myaro\server\node_modules\@redis\client\lib\client\socket.ts:265:40)
    at Object.onceWrapper (node:events:622:28)
    at Socket.emit (node:events:508:28)
    at Socket._onTimeout (node:net:604:8)
    at listOnTimeout (node:internal/timers:605:17)
    at processTimers (node:internal/timers:541:7)
2026-04-22 17:05:56 error: Error: Connection timeout
    at Socket.onTimeout (C:\Users\User\Desktop\completed\week23\myaro\server\node_modules\@redis\client\lib\client\socket.ts:265:40)
    at Object.onceWrapper (node:events:622:28)
    at Socket.emit (node:events:508:28)
    at Socket._onTimeout (node:net:604:8)
    at listOnTimeout (node:internal/timers:605:17)
    at processTimers (node:internal/timers:541:7)
2026-04-22 17:06:11 error: Error: Connection timeout
    at Socket.onTimeout (C:\Users\User\Desktop\completed\week23\myaro\server\node_modules\@redis\client\lib\client\socket.ts:265:40)
    at Object.onceWrapper (node:events:622:28)
    at Socket.emit (node:events:508:28)
    at Socket._onTimeout (node:net:604:8)
    at listOnTimeout (node:internal/timers:605:17)
    at processTimers (node:internal/timers:541:7)
2026-04-22 17:06:21 error: Error: Connection timeout
    at Socket.onTimeout (C:\Users\User\Desktop\completed\week23\myaro\server\node_modules\@redis\client\lib\client\socket.ts:265:40)
    at Object.onceWrapper (node:events:622:28)
    at Socket.emit (node:events:508:28)
    at Socket._onTimeout (node:net:604:8)
    at listOnTimeout (node:internal/timers:605:17)
    at processTimers (node:internal/timers:541:7)
2026-04-22 17:06:22 error: Error: getaddrinfo ENOTFOUND redis-12559.crce217.ap-south-1-1.ec2.cloud.redislabs.com
    at GetAddrInfoReqWrap.onlookupall [as oncomplete] (node:dns:122:26) | {"errno":-3008,"code":"ENOTFOUND","syscall":"getaddrinfo","hostname":"redis-12559.crce217.ap-south-1-1.ec2.cloud.redislabs.com"}
2026-04-22 17:06:27 error: Error: Connection timeout
    at Socket.onTimeout (C:\Users\User\Desktop\completed\week23\myaro\server\node_modules\@redis\client\lib\client\socket.ts:265:40)
    at Object.onceWrapper (node:events:622:28)
    at Socket.emit (node:events:508:28)
    at Socket._onTimeout (node:net:604:8)
    at listOnTimeout (node:internal/timers:605:17)
    at processTimers (node:internal/timers:541:7)
2026-04-22 17:06:28 error: Error: getaddrinfo ENOTFOUND redis-12559.crce217.ap-south-1-1.ec2.cloud.redislabs.com
    at GetAddrInfoReqWrap.onlookupall [as oncomplete] (node:dns:122:26) | {"errno":-3008,"code":"ENOTFOUND","syscall":"getaddrinfo","hostname":"redis-12559.crce217.ap-south-1-1.ec2.cloud.redislabs.com"}
2026-04-22 17:06:28 error: Error: getaddrinfo ENOTFOUND redis-12559.crce217.ap-south-1-1.ec2.cloud.redislabs.com
    at GetAddrInfoReqWrap.onlookupall [as oncomplete] (node:dns:122:26) | {"errno":-3008,"code":"ENOTFOUND","syscall":"getaddrinfo","hostname":"redis-12559.crce217.ap-south-1-1.ec2.cloud.redislabs.com"}
2026-04-22 17:06:29 error: Error: getaddrinfo ENOTFOUND redis-12559.crce217.ap-south-1-1.ec2.cloud.redislabs.com
    at GetAddrInfoReqWrap.onlookupall [as oncomplete] (node:dns:122:26) | {"errno":-3008,"code":"ENOTFOUND","syscall":"getaddrinfo","hostname":"redis-12559.crce217.ap-south-1-1.ec2.cloud.redislabs.com"}
2026-04-22 17:06:36 error: Error: Connection timeout
    at Socket.onTimeout (C:\Users\User\Desktop\completed\week23\myaro\server\node_modules\@redis\client\lib\client\socket.ts:265:40)
    at Object.onceWrapper (node:events:622:28)
    at Socket.emit (node:events:508:28)
    at Socket._onTimeout (node:net:604:8)
    at listOnTimeout (node:internal/timers:605:17)
    at processTimers (node:internal/timers:541:7)
2026-04-22 17:06:38 error: Error: getaddrinfo ENOTFOUND redis-12559.crce217.ap-south-1-1.ec2.cloud.redislabs.com
    at GetAddrInfoReqWrap.onlookupall [as oncomplete] (node:dns:122:26) | {"errno":-3008,"code":"ENOTFOUND","syscall":"getaddrinfo","hostname":"redis-12559.crce217.ap-south-1-1.ec2.cloud.redislabs.com"}
2026-04-22 17:06:40 error: Error: getaddrinfo ENOTFOUND redis-12559.crce217.ap-south-1-1.ec2.cloud.redislabs.com
    at GetAddrInfoReqWrap.onlookupall [as oncomplete] (node:dns:122:26) | {"errno":-3008,"code":"ENOTFOUND","syscall":"getaddrinfo","hostname":"redis-12559.crce217.ap-south-1-1.ec2.cloud.redislabs.com"}
2026-04-22 17:06:42 error: Error: getaddrinfo ENOTFOUND redis-12559.crce217.ap-south-1-1.ec2.cloud.redislabs.com
    at GetAddrInfoReqWrap.onlookupall [as oncomplete] (node:dns:122:26) | {"errno":-3008,"code":"ENOTFOUND","syscall":"getaddrinfo","hostname":"redis-12559.crce217.ap-south-1-1.ec2.cloud.redislabs.com"}
2026-04-22 17:06:44 error: Error: getaddrinfo ENOTFOUND redis-12559.crce217.ap-south-1-1.ec2.cloud.redislabs.com
    at GetAddrInfoReqWrap.onlookupall [as oncomplete] (node:dns:122:26) | {"errno":-3008,"code":"ENOTFOUND","syscall":"getaddrinfo","hostname":"redis-12559.crce217.ap-south-1-1.ec2.cloud.redislabs.com"}
2026-04-22 17:06:46 error: Error: getaddrinfo ENOTFOUND redis-12559.crce217.ap-south-1-1.ec2.cloud.redislabs.com
    at GetAddrInfoReqWrap.onlookupall [as oncomplete] (node:dns:122:26) | {"errno":-3008,"code":"ENOTFOUND","syscall":"getaddrinfo","hostname":"redis-12559.crce217.ap-south-1-1.ec2.cloud.redislabs.com"}
2026-04-22 17:06:49 error: Error: getaddrinfo ENOTFOUND redis-12559.crce217.ap-south-1-1.ec2.cloud.redislabs.com
    at GetAddrInfoReqWrap.onlookupall [as oncomplete] (node:dns:122:26) | {"errno":-3008,"code":"ENOTFOUND","syscall":"getaddrinfo","hostname":"redis-12559.crce217.ap-south-1-1.ec2.cloud.redislabs.com"}
2026-04-22 17:06:51 error: Error: getaddrinfo ENOTFOUND redis-12559.crce217.ap-south-1-1.ec2.cloud.redislabs.com
    at GetAddrInfoReqWrap.onlookupall [as oncomplete] (node:dns:122:26) | {"errno":-3008,"code":"ENOTFOUND","syscall":"getaddrinfo","hostname":"redis-12559.crce217.ap-south-1-1.ec2.cloud.redislabs.com"}
2026-04-22 17:06:53 error: Error: getaddrinfo ENOTFOUND redis-12559.crce217.ap-south-1-1.ec2.cloud.redislabs.com
    at GetAddrInfoReqWrap.onlookupall [as oncomplete] (node:dns:122:26) | {"errno":-3008,"code":"ENOTFOUND","syscall":"getaddrinfo","hostname":"redis-12559.crce217.ap-south-1-1.ec2.cloud.redislabs.com"}
2026-04-22 17:06:55 error: Error: getaddrinfo ENOTFOUND redis-12559.crce217.ap-south-1-1.ec2.cloud.redislabs.com
    at GetAddrInfoReqWrap.onlookupall [as oncomplete] (node:dns:122:26) | {"errno":-3008,"code":"ENOTFOUND","syscall":"getaddrinfo","hostname":"redis-12559.crce217.ap-south-1-1.ec2.cloud.redislabs.com"}
2026-04-22 17:06:57 error: Error: getaddrinfo ENOTFOUND redis-12559.crce217.ap-south-1-1.ec2.cloud.redislabs.com
    at GetAddrInfoReqWrap.onlookupall [as oncomplete] (node:dns:122:26) | {"errno":-3008,"code":"ENOTFOUND","syscall":"getaddrinfo","hostname":"redis-12559.crce217.ap-south-1-1.ec2.cloud.redislabs.com"}
2026-04-22 17:06:59 error: Error: getaddrinfo ENOTFOUND redis-12559.crce217.ap-south-1-1.ec2.cloud.redislabs.com
    at GetAddrInfoReqWrap.onlookupall [as oncomplete] (node:dns:122:26) | {"errno":-3008,"code":"ENOTFOUND","syscall":"getaddrinfo","hostname":"redis-12559.crce217.ap-south-1-1.ec2.cloud.redislabs.com"}
2026-04-22 17:07:01 error: Error: getaddrinfo ENOTFOUND redis-12559.crce217.ap-south-1-1.ec2.cloud.redislabs.com
    at GetAddrInfoReqWrap.onlookupall [as oncomplete] (node:dns:122:26) | {"errno":-3008,"code":"ENOTFOUND","syscall":"getaddrinfo","hostname":"redis-12559.crce217.ap-south-1-1.ec2.cloud.redislabs.com"}
2026-04-22 17:07:03 error: Error: getaddrinfo ENOTFOUND redis-12559.crce217.ap-south-1-1.ec2.cloud.redislabs.com
    at GetAddrInfoReqWrap.onlookupall [as oncomplete] (node:dns:122:26) | {"errno":-3008,"code":"ENOTFOUND","syscall":"getaddrinfo","hostname":"redis-12559.crce217.ap-south-1-1.ec2.cloud.redislabs.com"}
2026-04-22 17:07:10 error: Error: Connection timeout
    at Socket.onTimeout (C:\Users\User\Desktop\completed\week23\myaro\server\node_modules\@redis\client\lib\client\socket.ts:265:40)
    at Object.onceWrapper (node:events:622:28)
    at Socket.emit (node:events:508:28)
    at Socket._onTimeout (node:net:604:8)
    at listOnTimeout (node:internal/timers:605:17)
    at processTimers (node:internal/timers:541:7)
2026-04-22 17:07:19 error: Error: Connection timeout
    at Socket.onTimeout (C:\Users\User\Desktop\completed\week23\myaro\server\node_modules\@redis\client\lib\client\socket.ts:265:40)
    at Object.onceWrapper (node:events:622:28)
    at Socket.emit (node:events:508:28)
    at Socket._onTimeout (node:net:604:8)
    at listOnTimeout (node:internal/timers:605:17)
    at processTimers (node:internal/timers:541:7)
2026-04-22 17:07:26 error: Error: Connection timeout
    at Socket.onTimeout (C:\Users\User\Desktop\completed\week23\myaro\server\node_modules\@redis\client\lib\client\socket.ts:265:40)
    at Object.onceWrapper (node:events:622:28)
    at Socket.emit (node:events:508:28)
    at Socket._onTimeout (node:net:604:8)
    at listOnTimeout (node:internal/timers:605:17)
    at processTimers (node:internal/timers:541:7)
2026-04-22 17:07:33 error: Error: Connection timeout
    at Socket.onTimeout (C:\Users\User\Desktop\completed\week23\myaro\server\node_modules\@redis\client\lib\client\socket.ts:265:40)
    at Object.onceWrapper (node:events:622:28)
    at Socket.emit (node:events:508:28)
    at Socket._onTimeout (node:net:604:8)
    at listOnTimeout (node:internal/timers:605:17)
    at processTimers (node:internal/timers:541:7)
2026-04-22 17:07:39 error: Error: getaddrinfo ENOTFOUND redis-12559.crce217.ap-south-1-1.ec2.cloud.redislabs.com
    at GetAddrInfoReqWrap.onlookupall [as oncomplete] (node:dns:122:26) | {"errno":-3008,"code":"ENOTFOUND","syscall":"getaddrinfo","hostname":"redis-12559.crce217.ap-south-1-1.ec2.cloud.redislabs.com"}
2026-04-22 17:07:41 error: Error: getaddrinfo ENOTFOUND redis-12559.crce217.ap-south-1-1.ec2.cloud.redislabs.com
    at GetAddrInfoReqWrap.onlookupall [as oncomplete] (node:dns:122:26) | {"errno":-3008,"code":"ENOTFOUND","syscall":"getaddrinfo","hostname":"redis-12559.crce217.ap-south-1-1.ec2.cloud.redislabs.com"}
2026-04-22 17:07:43 error: Error: getaddrinfo ENOTFOUND redis-12559.crce217.ap-south-1-1.ec2.cloud.redislabs.com
    at GetAddrInfoReqWrap.onlookupall [as oncomplete] (node:dns:122:26) | {"errno":-3008,"code":"ENOTFOUND","syscall":"getaddrinfo","hostname":"redis-12559.crce217.ap-south-1-1.ec2.cloud.redislabs.com"}
2026-04-22 17:07:45 error: Error: getaddrinfo ENOTFOUND redis-12559.crce217.ap-south-1-1.ec2.cloud.redislabs.com
    at GetAddrInfoReqWrap.onlookupall [as oncomplete] (node:dns:122:26) | {"errno":-3008,"code":"ENOTFOUND","syscall":"getaddrinfo","hostname":"redis-12559.crce217.ap-south-1-1.ec2.cloud.redislabs.com"}
2026-04-22 17:07:47 error: Error: getaddrinfo ENOTFOUND redis-12559.crce217.ap-south-1-1.ec2.cloud.redislabs.com
    at GetAddrInfoReqWrap.onlookupall [as oncomplete] (node:dns:122:26) | {"errno":-3008,"code":"ENOTFOUND","syscall":"getaddrinfo","hostname":"redis-12559.crce217.ap-south-1-1.ec2.cloud.redislabs.com"}
2026-04-22 17:07:50 error: Error: getaddrinfo ENOTFOUND redis-12559.crce217.ap-south-1-1.ec2.cloud.redislabs.com
    at GetAddrInfoReqWrap.onlookupall [as oncomplete] (node:dns:122:26) | {"errno":-3008,"code":"ENOTFOUND","syscall":"getaddrinfo","hostname":"redis-12559.crce217.ap-south-1-1.ec2.cloud.redislabs.com"}
2026-04-22 17:08:48 error: Error: read ECONNRESET
    at TCP.onStreamRead (node:internal/stream_base_commons:216:20) | {"errno":-4077,"code":"ECONNRESET","syscall":"read"}
2026-04-22 17:09:00 error: ValidationError: Comment validation failed: text: Path `text` is required.
    at model.Document.invalidate (C:\Users\User\Desktop\completed\week23\myaro\server\node_modules\mongoose\lib\document.js:3362:32)
    at C:\Users\User\Desktop\completed\week23\myaro\server\node_modules\mongoose\lib\document.js:3123:17
    at C:\Users\User\Desktop\completed\week23\myaro\server\node_modules\mongoose\lib\schemaType.js:1420:9
    at processTicksAndRejections (node:internal/process/task_queues:84:11)
2026-04-22 17:10:39 error: Error: getaddrinfo ENOTFOUND redis-12559.crce217.ap-south-1-1.ec2.cloud.redislabs.com
    at GetAddrInfoReqWrap.onlookupall [as oncomplete] (node:dns:122:26) | {"errno":-3008,"code":"ENOTFOUND","syscall":"getaddrinfo","hostname":"redis-12559.crce217.ap-south-1-1.ec2.cloud.redislabs.com"}
2026-04-22 17:10:39 error: Error: getaddrinfo ENOTFOUND redis-12559.crce217.ap-south-1-1.ec2.cloud.redislabs.com
    at GetAddrInfoReqWrap.onlookupall [as oncomplete] (node:dns:122:26) | {"errno":-3008,"code":"ENOTFOUND","syscall":"getaddrinfo","hostname":"redis-12559.crce217.ap-south-1-1.ec2.cloud.redislabs.com"}
2026-04-22 17:10:39 error: Error: getaddrinfo ENOTFOUND redis-12559.crce217.ap-south-1-1.ec2.cloud.redislabs.com
    at GetAddrInfoReqWrap.onlookupall [as oncomplete] (node:dns:122:26) | {"errno":-3008,"code":"ENOTFOUND","syscall":"getaddrinfo","hostname":"redis-12559.crce217.ap-south-1-1.ec2.cloud.redislabs.com"}
2026-04-22 17:10:39 error: Error: getaddrinfo ENOTFOUND redis-12559.crce217.ap-south-1-1.ec2.cloud.redislabs.com
    at GetAddrInfoReqWrap.onlookupall [as oncomplete] (node:dns:122:26) | {"errno":-3008,"code":"ENOTFOUND","syscall":"getaddrinfo","hostname":"redis-12559.crce217.ap-south-1-1.ec2.cloud.redislabs.com"}
2026-04-22 17:10:40 error: Error: getaddrinfo ENOTFOUND redis-12559.crce217.ap-south-1-1.ec2.cloud.redislabs.com
    at GetAddrInfoReqWrap.onlookupall [as oncomplete] (node:dns:122:26) | {"errno":-3008,"code":"ENOTFOUND","syscall":"getaddrinfo","hostname":"redis-12559.crce217.ap-south-1-1.ec2.cloud.redislabs.com"}
2026-04-22 17:11:42 error: ValidationError: Comment validation failed: text: Path `text` is required.
    at model.Document.invalidate (C:\Users\User\Desktop\completed\week23\myaro\server\node_modules\mongoose\lib\document.js:3362:32)
    at C:\Users\User\Desktop\completed\week23\myaro\server\node_modules\mongoose\lib\document.js:3123:17
    at C:\Users\User\Desktop\completed\week23\myaro\server\node_modules\mongoose\lib\schemaType.js:1420:9
    at processTicksAndRejections (node:internal/process/task_queues:84:11)
2026-04-22 17:12:34 error: ValidationError: Comment validation failed: text: Path `text` is required.
    at model.Document.invalidate (C:\Users\User\Desktop\completed\week23\myaro\server\node_modules\mongoose\lib\document.js:3362:32)
    at C:\Users\User\Desktop\completed\week23\myaro\server\node_modules\mongoose\lib\document.js:3123:17
    at C:\Users\User\Desktop\completed\week23\myaro\server\node_modules\mongoose\lib\schemaType.js:1420:9
    at processTicksAndRejections (node:internal/process/task_queues:84:11)
2026-04-22 17:43:06 error: Error: read ECONNRESET
    at TCP.onStreamRead (node:internal/stream_base_commons:216:20) | {"errno":-4077,"code":"ECONNRESET","syscall":"read"}
2026-04-22 17:43:11 error: Error: Connection timeout
    at Socket.onTimeout (C:\Users\User\Desktop\completed\week23\myaro\server\node_modules\@redis\client\lib\client\socket.ts:265:40)
    at Object.onceWrapper (node:events:622:28)
    at Socket.emit (node:events:508:28)
    at Socket._onTimeout (node:net:604:8)
    at listOnTimeout (node:internal/timers:605:17)
    at processTimers (node:internal/timers:541:7)
2026-04-22 17:43:16 error: Error: Connection timeout
    at Socket.onTimeout (C:\Users\User\Desktop\completed\week23\myaro\server\node_modules\@redis\client\lib\client\socket.ts:265:40)
    at Object.onceWrapper (node:events:622:28)
    at Socket.emit (node:events:508:28)
    at Socket._onTimeout (node:net:604:8)
    at listOnTimeout (node:internal/timers:605:17)
    at processTimers (node:internal/timers:541:7)
2026-04-22 19:49:46 error: TypeError: Cannot read properties of undefined (reading '_BeauticianDashboard')
    at getDashboard (C:\Users\User\Desktop\completed\week23\myaro\server\src\interface\Http\controllers\beautician\beauticianController.ts:350:30)
    at Layer.handleRequest (C:\Users\User\Desktop\completed\week23\myaro\server\node_modules\router\lib\layer.js:152:17)
    at next (C:\Users\User\Desktop\completed\week23\myaro\server\node_modules\router\lib\route.js:157:13)
    at C:\Users\User\Desktop\completed\week23\myaro\server\src\interface\Http\middleware\authMiddleware.ts:121:7
    at processTicksAndRejections (node:internal/process/task_queues:103:5)
2026-04-22 19:49:57 error: TypeError: Cannot read properties of undefined (reading '_BeauticianDashboard')
    at getDashboard (C:\Users\User\Desktop\completed\week23\myaro\server\src\interface\Http\controllers\beautician\beauticianController.ts:350:30)
    at Layer.handleRequest (C:\Users\User\Desktop\completed\week23\myaro\server\node_modules\router\lib\layer.js:152:17)
    at next (C:\Users\User\Desktop\completed\week23\myaro\server\node_modules\router\lib\route.js:157:13)
    at C:\Users\User\Desktop\completed\week23\myaro\server\src\interface\Http\middleware\authMiddleware.ts:121:7
    at processTicksAndRejections (node:internal/process/task_queues:103:5)
2026-04-22 19:53:16 error: TypeError: Cannot read properties of undefined (reading '_beauticianDashboard')
    at getDashboard (C:\Users\User\Desktop\completed\week23\myaro\server\src\interface\Http\controllers\beautician\beauticianController.ts:350:30)
    at Layer.handleRequest (C:\Users\User\Desktop\completed\week23\myaro\server\node_modules\router\lib\layer.js:152:17)
    at next (C:\Users\User\Desktop\completed\week23\myaro\server\node_modules\router\lib\route.js:157:13)
    at C:\Users\User\Desktop\completed\week23\myaro\server\src\interface\Http\middleware\authMiddleware.ts:121:7
    at processTicksAndRejections (node:internal/process/task_queues:103:5)
2026-04-22 19:53:25 error: TypeError: Cannot read properties of undefined (reading '_beauticianDashboard')
    at getDashboard (C:\Users\User\Desktop\completed\week23\myaro\server\src\interface\Http\controllers\beautician\beauticianController.ts:350:30)
    at Layer.handleRequest (C:\Users\User\Desktop\completed\week23\myaro\server\node_modules\router\lib\layer.js:152:17)
    at next (C:\Users\User\Desktop\completed\week23\myaro\server\node_modules\router\lib\route.js:157:13)
    at C:\Users\User\Desktop\completed\week23\myaro\server\src\interface\Http\middleware\authMiddleware.ts:121:7
    at processTicksAndRejections (node:internal/process/task_queues:103:5)
