2026-02-21 18:03:52 error: Error: read ECONNRESET
    at TCP.onStreamRead (node:internal/stream_base_commons:216:20) | {"errno":-4077,"code":"ECONNRESET","syscall":"read"}
2026-02-21 20:05:55 error: Error: read ECONNRESET
    at TCP.onStreamRead (node:internal/stream_base_commons:216:20) | {"errno":-4077,"code":"ECONNRESET","syscall":"read"}
2026-02-21 20:06:00 error: Error: Connection timeout
    at Socket.onTimeout (C:\Users\User\Desktop\week23\myaro\server\node_modules\@redis\client\lib\client\socket.ts:265:40)
    at Object.onceWrapper (node:events:622:28)
    at Socket.emit (node:events:508:28)
    at Socket._onTimeout (node:net:604:8)
    at listOnTimeout (node:internal/timers:605:17)
    at processTimers (node:internal/timers:541:7)
2026-02-21 20:06:05 error: Error: Connection timeout
    at Socket.onTimeout (C:\Users\User\Desktop\week23\myaro\server\node_modules\@redis\client\lib\client\socket.ts:265:40)
    at Object.onceWrapper (node:events:622:28)
    at Socket.emit (node:events:508:28)
    at Socket._onTimeout (node:net:604:8)
    at listOnTimeout (node:internal/timers:605:17)
    at processTimers (node:internal/timers:541:7)
2026-02-21 20:06:10 error: Error: Connection timeout
    at Socket.onTimeout (C:\Users\User\Desktop\week23\myaro\server\node_modules\@redis\client\lib\client\socket.ts:265:40)
    at Object.onceWrapper (node:events:622:28)
    at Socket.emit (node:events:508:28)
    at Socket._onTimeout (node:net:604:8)
    at listOnTimeout (node:internal/timers:605:17)
    at processTimers (node:internal/timers:541:7)
2026-02-21 20:06:18 error: Error: Connection timeout
    at Socket.onTimeout (C:\Users\User\Desktop\week23\myaro\server\node_modules\@redis\client\lib\client\socket.ts:265:40)
    at Object.onceWrapper (node:events:622:28)
    at Socket.emit (node:events:508:28)
    at Socket._onTimeout (node:net:604:8)
    at listOnTimeout (node:internal/timers:605:17)
    at processTimers (node:internal/timers:541:7)
2026-02-21 20:06:24 error: Error: Connection timeout
    at Socket.onTimeout (C:\Users\User\Desktop\week23\myaro\server\node_modules\@redis\client\lib\client\socket.ts:265:40)
    at Object.onceWrapper (node:events:622:28)
    at Socket.emit (node:events:508:28)
    at Socket._onTimeout (node:net:604:8)
    at listOnTimeout (node:internal/timers:605:17)
    at processTimers (node:internal/timers:541:7)
2026-02-21 20:06:32 error: Error: Connection timeout
    at Socket.onTimeout (C:\Users\User\Desktop\week23\myaro\server\node_modules\@redis\client\lib\client\socket.ts:265:40)
    at Object.onceWrapper (node:events:622:28)
    at Socket.emit (node:events:508:28)
    at Socket._onTimeout (node:net:604:8)
    at listOnTimeout (node:internal/timers:605:17)
    at processTimers (node:internal/timers:541:7)
2026-02-21 21:06:15 error: Error: read ECONNRESET
    at TCP.onStreamRead (node:internal/stream_base_commons:216:20) | {"errno":-4077,"code":"ECONNRESET","syscall":"read"}
2026-02-21 21:06:20 error: Error: Connection timeout
    at Socket.onTimeout (C:\Users\User\Desktop\week23\myaro\server\node_modules\@redis\client\lib\client\socket.ts:265:40)
    at Object.onceWrapper (node:events:622:28)
    at Socket.emit (node:events:508:28)
    at Socket._onTimeout (node:net:604:8)
    at listOnTimeout (node:internal/timers:605:17)
    at processTimers (node:internal/timers:541:7)
2026-02-21 21:06:25 error: Error: Connection timeout
    at Socket.onTimeout (C:\Users\User\Desktop\week23\myaro\server\node_modules\@redis\client\lib\client\socket.ts:265:40)
    at Object.onceWrapper (node:events:622:28)
    at Socket.emit (node:events:508:28)
    at Socket._onTimeout (node:net:604:8)
    at listOnTimeout (node:internal/timers:605:17)
    at processTimers (node:internal/timers:541:7)
2026-02-21 21:06:30 error: Error: Connection timeout
    at Socket.onTimeout (C:\Users\User\Desktop\week23\myaro\server\node_modules\@redis\client\lib\client\socket.ts:265:40)
    at Object.onceWrapper (node:events:622:28)
    at Socket.emit (node:events:508:28)
    at Socket._onTimeout (node:net:604:8)
    at listOnTimeout (node:internal/timers:605:17)
    at processTimers (node:internal/timers:541:7)
2026-02-21 21:06:36 error: Error: Connection timeout
    at Socket.onTimeout (C:\Users\User\Desktop\week23\myaro\server\node_modules\@redis\client\lib\client\socket.ts:265:40)
    at Object.onceWrapper (node:events:622:28)
    at Socket.emit (node:events:508:28)
    at Socket._onTimeout (node:net:604:8)
    at listOnTimeout (node:internal/timers:605:17)
    at processTimers (node:internal/timers:541:7)
2026-02-21 21:06:37 error: Error: getaddrinfo ENOTFOUND redis-12559.crce217.ap-south-1-1.ec2.cloud.redislabs.com
    at GetAddrInfoReqWrap.onlookupall [as oncomplete] (node:dns:122:26) | {"errno":-3008,"code":"ENOTFOUND","syscall":"getaddrinfo","hostname":"redis-12559.crce217.ap-south-1-1.ec2.cloud.redislabs.com"}
2026-02-21 21:08:22 error: Error: read ECONNRESET
    at TCP.onStreamRead (node:internal/stream_base_commons:216:20) | {"errno":-4077,"code":"ECONNRESET","syscall":"read"}
2026-02-21 21:08:27 error: Error: Connection timeout
    at Socket.onTimeout (C:\Users\User\Desktop\week23\myaro\server\node_modules\@redis\client\lib\client\socket.ts:265:40)
    at Object.onceWrapper (node:events:622:28)
    at Socket.emit (node:events:508:28)
    at Socket._onTimeout (node:net:604:8)
    at listOnTimeout (node:internal/timers:605:17)
    at processTimers (node:internal/timers:541:7)
2026-02-21 21:08:32 error: Error: Connection timeout
    at Socket.onTimeout (C:\Users\User\Desktop\week23\myaro\server\node_modules\@redis\client\lib\client\socket.ts:265:40)
    at Object.onceWrapper (node:events:622:28)
    at Socket.emit (node:events:508:28)
    at Socket._onTimeout (node:net:604:8)
    at listOnTimeout (node:internal/timers:605:17)
    at processTimers (node:internal/timers:541:7)
2026-02-21 21:08:37 error: Error: Connection timeout
    at Socket.onTimeout (C:\Users\User\Desktop\week23\myaro\server\node_modules\@redis\client\lib\client\socket.ts:265:40)
    at Object.onceWrapper (node:events:622:28)
    at Socket.emit (node:events:508:28)
    at Socket._onTimeout (node:net:604:8)
    at listOnTimeout (node:internal/timers:605:17)
    at processTimers (node:internal/timers:541:7)
2026-02-21 21:08:43 error: Error: Connection timeout
    at Socket.onTimeout (C:\Users\User\Desktop\week23\myaro\server\node_modules\@redis\client\lib\client\socket.ts:265:40)
    at Object.onceWrapper (node:events:622:28)
    at Socket.emit (node:events:508:28)
    at Socket._onTimeout (node:net:604:8)
    at listOnTimeout (node:internal/timers:605:17)
    at processTimers (node:internal/timers:541:7)
2026-02-21 21:08:44 error: Error: getaddrinfo ENOTFOUND redis-12559.crce217.ap-south-1-1.ec2.cloud.redislabs.com
    at GetAddrInfoReqWrap.onlookupall [as oncomplete] (node:dns:122:26) | {"errno":-3008,"code":"ENOTFOUND","syscall":"getaddrinfo","hostname":"redis-12559.crce217.ap-south-1-1.ec2.cloud.redislabs.com"}
2026-02-21 21:08:45 error: Error: getaddrinfo ENOTFOUND redis-12559.crce217.ap-south-1-1.ec2.cloud.redislabs.com
    at GetAddrInfoReqWrap.onlookupall [as oncomplete] (node:dns:122:26) | {"errno":-3008,"code":"ENOTFOUND","syscall":"getaddrinfo","hostname":"redis-12559.crce217.ap-south-1-1.ec2.cloud.redislabs.com"}
2026-02-21 21:08:47 error: Error: getaddrinfo ENOTFOUND redis-12559.crce217.ap-south-1-1.ec2.cloud.redislabs.com
    at GetAddrInfoReqWrap.onlookupall [as oncomplete] (node:dns:122:26) | {"errno":-3008,"code":"ENOTFOUND","syscall":"getaddrinfo","hostname":"redis-12559.crce217.ap-south-1-1.ec2.cloud.redislabs.com"}
2026-02-21 21:08:49 error: Error: getaddrinfo ENOTFOUND redis-12559.crce217.ap-south-1-1.ec2.cloud.redislabs.com
    at GetAddrInfoReqWrap.onlookupall [as oncomplete] (node:dns:122:26) | {"errno":-3008,"code":"ENOTFOUND","syscall":"getaddrinfo","hostname":"redis-12559.crce217.ap-south-1-1.ec2.cloud.redislabs.com"}
2026-02-21 21:08:51 error: Error: getaddrinfo ENOTFOUND redis-12559.crce217.ap-south-1-1.ec2.cloud.redislabs.com
    at GetAddrInfoReqWrap.onlookupall [as oncomplete] (node:dns:122:26) | {"errno":-3008,"code":"ENOTFOUND","syscall":"getaddrinfo","hostname":"redis-12559.crce217.ap-south-1-1.ec2.cloud.redislabs.com"}
2026-02-21 21:08:53 error: Error: getaddrinfo ENOTFOUND redis-12559.crce217.ap-south-1-1.ec2.cloud.redislabs.com
    at GetAddrInfoReqWrap.onlookupall [as oncomplete] (node:dns:122:26) | {"errno":-3008,"code":"ENOTFOUND","syscall":"getaddrinfo","hostname":"redis-12559.crce217.ap-south-1-1.ec2.cloud.redislabs.com"}
2026-02-21 21:08:55 error: Error: getaddrinfo ENOTFOUND redis-12559.crce217.ap-south-1-1.ec2.cloud.redislabs.com
    at GetAddrInfoReqWrap.onlookupall [as oncomplete] (node:dns:122:26) | {"errno":-3008,"code":"ENOTFOUND","syscall":"getaddrinfo","hostname":"redis-12559.crce217.ap-south-1-1.ec2.cloud.redislabs.com"}
2026-02-21 21:08:57 error: Error: getaddrinfo ENOTFOUND redis-12559.crce217.ap-south-1-1.ec2.cloud.redislabs.com
    at GetAddrInfoReqWrap.onlookupall [as oncomplete] (node:dns:122:26) | {"errno":-3008,"code":"ENOTFOUND","syscall":"getaddrinfo","hostname":"redis-12559.crce217.ap-south-1-1.ec2.cloud.redislabs.com"}
2026-02-21 21:09:00 error: Error: getaddrinfo ENOTFOUND redis-12559.crce217.ap-south-1-1.ec2.cloud.redislabs.com
    at GetAddrInfoReqWrap.onlookupall [as oncomplete] (node:dns:122:26) | {"errno":-3008,"code":"ENOTFOUND","syscall":"getaddrinfo","hostname":"redis-12559.crce217.ap-south-1-1.ec2.cloud.redislabs.com"}
2026-02-21 21:09:25 error: Error: read ECONNRESET
    at TCP.onStreamRead (node:internal/stream_base_commons:216:20) | {"errno":-4077,"code":"ECONNRESET","syscall":"read"}
2026-02-21 21:09:30 error: Error: Connection timeout
    at Socket.onTimeout (C:\Users\User\Desktop\week23\myaro\server\node_modules\@redis\client\lib\client\socket.ts:265:40)
    at Object.onceWrapper (node:events:622:28)
    at Socket.emit (node:events:508:28)
    at Socket._onTimeout (node:net:604:8)
    at listOnTimeout (node:internal/timers:605:17)
    at processTimers (node:internal/timers:541:7)
2026-02-21 21:09:35 error: Error: Connection timeout
    at Socket.onTimeout (C:\Users\User\Desktop\week23\myaro\server\node_modules\@redis\client\lib\client\socket.ts:265:40)
    at Object.onceWrapper (node:events:622:28)
    at Socket.emit (node:events:508:28)
    at Socket._onTimeout (node:net:604:8)
    at listOnTimeout (node:internal/timers:605:17)
    at processTimers (node:internal/timers:541:7)
2026-02-21 21:09:40 error: Error: Connection timeout
    at Socket.onTimeout (C:\Users\User\Desktop\week23\myaro\server\node_modules\@redis\client\lib\client\socket.ts:265:40)
    at Object.onceWrapper (node:events:622:28)
    at Socket.emit (node:events:508:28)
    at Socket._onTimeout (node:net:604:8)
    at listOnTimeout (node:internal/timers:605:17)
    at processTimers (node:internal/timers:541:7)
2026-02-21 21:09:45 error: Error: Connection timeout
    at Socket.onTimeout (C:\Users\User\Desktop\week23\myaro\server\node_modules\@redis\client\lib\client\socket.ts:265:40)
    at Object.onceWrapper (node:events:622:28)
    at Socket.emit (node:events:508:28)
    at Socket._onTimeout (node:net:604:8)
    at listOnTimeout (node:internal/timers:605:17)
    at processTimers (node:internal/timers:541:7)
2026-02-21 21:09:47 error: Error: getaddrinfo ENOTFOUND redis-12559.crce217.ap-south-1-1.ec2.cloud.redislabs.com
    at GetAddrInfoReqWrap.onlookupall [as oncomplete] (node:dns:122:26) | {"errno":-3008,"code":"ENOTFOUND","syscall":"getaddrinfo","hostname":"redis-12559.crce217.ap-south-1-1.ec2.cloud.redislabs.com"}
2026-02-21 21:09:48 error: Error: getaddrinfo ENOTFOUND redis-12559.crce217.ap-south-1-1.ec2.cloud.redislabs.com
    at GetAddrInfoReqWrap.onlookupall [as oncomplete] (node:dns:122:26) | {"errno":-3008,"code":"ENOTFOUND","syscall":"getaddrinfo","hostname":"redis-12559.crce217.ap-south-1-1.ec2.cloud.redislabs.com"}
2026-02-21 21:09:50 error: Error: getaddrinfo ENOTFOUND redis-12559.crce217.ap-south-1-1.ec2.cloud.redislabs.com
    at GetAddrInfoReqWrap.onlookupall [as oncomplete] (node:dns:122:26) | {"errno":-3008,"code":"ENOTFOUND","syscall":"getaddrinfo","hostname":"redis-12559.crce217.ap-south-1-1.ec2.cloud.redislabs.com"}
2026-02-21 21:09:52 error: Error: getaddrinfo ENOTFOUND redis-12559.crce217.ap-south-1-1.ec2.cloud.redislabs.com
    at GetAddrInfoReqWrap.onlookupall [as oncomplete] (node:dns:122:26) | {"errno":-3008,"code":"ENOTFOUND","syscall":"getaddrinfo","hostname":"redis-12559.crce217.ap-south-1-1.ec2.cloud.redislabs.com"}
2026-02-21 21:09:54 error: Error: getaddrinfo ENOTFOUND redis-12559.crce217.ap-south-1-1.ec2.cloud.redislabs.com
    at GetAddrInfoReqWrap.onlookupall [as oncomplete] (node:dns:122:26) | {"errno":-3008,"code":"ENOTFOUND","syscall":"getaddrinfo","hostname":"redis-12559.crce217.ap-south-1-1.ec2.cloud.redislabs.com"}
2026-02-21 21:09:56 error: Error: getaddrinfo ENOTFOUND redis-12559.crce217.ap-south-1-1.ec2.cloud.redislabs.com
    at GetAddrInfoReqWrap.onlookupall [as oncomplete] (node:dns:122:26) | {"errno":-3008,"code":"ENOTFOUND","syscall":"getaddrinfo","hostname":"redis-12559.crce217.ap-south-1-1.ec2.cloud.redislabs.com"}
2026-02-21 21:09:58 error: Error: getaddrinfo ENOTFOUND redis-12559.crce217.ap-south-1-1.ec2.cloud.redislabs.com
    at GetAddrInfoReqWrap.onlookupall [as oncomplete] (node:dns:122:26) | {"errno":-3008,"code":"ENOTFOUND","syscall":"getaddrinfo","hostname":"redis-12559.crce217.ap-south-1-1.ec2.cloud.redislabs.com"}
2026-02-21 21:10:05 error: Error: Connection timeout
    at Socket.onTimeout (C:\Users\User\Desktop\week23\myaro\server\node_modules\@redis\client\lib\client\socket.ts:265:40)
    at Object.onceWrapper (node:events:622:28)
    at Socket.emit (node:events:508:28)
    at Socket._onTimeout (node:net:604:8)
    at listOnTimeout (node:internal/timers:605:17)
    at processTimers (node:internal/timers:541:7)
2026-02-21 21:10:07 error: Error: getaddrinfo ENOTFOUND redis-12559.crce217.ap-south-1-1.ec2.cloud.redislabs.com
    at GetAddrInfoReqWrap.onlookupall [as oncomplete] (node:dns:122:26) | {"errno":-3008,"code":"ENOTFOUND","syscall":"getaddrinfo","hostname":"redis-12559.crce217.ap-south-1-1.ec2.cloud.redislabs.com"}
2026-02-21 21:10:09 error: Error: getaddrinfo ENOTFOUND redis-12559.crce217.ap-south-1-1.ec2.cloud.redislabs.com
    at GetAddrInfoReqWrap.onlookupall [as oncomplete] (node:dns:122:26) | {"errno":-3008,"code":"ENOTFOUND","syscall":"getaddrinfo","hostname":"redis-12559.crce217.ap-south-1-1.ec2.cloud.redislabs.com"}
2026-02-21 21:10:11 error: Error: getaddrinfo ENOTFOUND redis-12559.crce217.ap-south-1-1.ec2.cloud.redislabs.com
    at GetAddrInfoReqWrap.onlookupall [as oncomplete] (node:dns:122:26) | {"errno":-3008,"code":"ENOTFOUND","syscall":"getaddrinfo","hostname":"redis-12559.crce217.ap-south-1-1.ec2.cloud.redislabs.com"}
2026-02-21 21:10:14 error: Error: getaddrinfo ENOTFOUND redis-12559.crce217.ap-south-1-1.ec2.cloud.redislabs.com
    at GetAddrInfoReqWrap.onlookupall [as oncomplete] (node:dns:122:26) | {"errno":-3008,"code":"ENOTFOUND","syscall":"getaddrinfo","hostname":"redis-12559.crce217.ap-south-1-1.ec2.cloud.redislabs.com"}
2026-02-21 21:10:16 error: Error: getaddrinfo ENOTFOUND redis-12559.crce217.ap-south-1-1.ec2.cloud.redislabs.com
    at GetAddrInfoReqWrap.onlookupall [as oncomplete] (node:dns:122:26) | {"errno":-3008,"code":"ENOTFOUND","syscall":"getaddrinfo","hostname":"redis-12559.crce217.ap-south-1-1.ec2.cloud.redislabs.com"}
2026-02-21 21:10:18 error: Error: getaddrinfo ENOTFOUND redis-12559.crce217.ap-south-1-1.ec2.cloud.redislabs.com
    at GetAddrInfoReqWrap.onlookupall [as oncomplete] (node:dns:122:26) | {"errno":-3008,"code":"ENOTFOUND","syscall":"getaddrinfo","hostname":"redis-12559.crce217.ap-south-1-1.ec2.cloud.redislabs.com"}
2026-02-21 21:10:25 error: Error: Connection timeout
    at Socket.onTimeout (C:\Users\User\Desktop\week23\myaro\server\node_modules\@redis\client\lib\client\socket.ts:265:40)
    at Object.onceWrapper (node:events:622:28)
    at Socket.emit (node:events:508:28)
    at Socket._onTimeout (node:net:604:8)
    at listOnTimeout (node:internal/timers:605:17)
    at processTimers (node:internal/timers:541:7)
2026-02-21 21:10:32 error: Error: Connection timeout
    at Socket.onTimeout (C:\Users\User\Desktop\week23\myaro\server\node_modules\@redis\client\lib\client\socket.ts:265:40)
    at Object.onceWrapper (node:events:622:28)
    at Socket.emit (node:events:508:28)
    at Socket._onTimeout (node:net:604:8)
    at listOnTimeout (node:internal/timers:605:17)
    at processTimers (node:internal/timers:541:7)
2026-02-21 21:10:34 error: Error: getaddrinfo ENOTFOUND redis-12559.crce217.ap-south-1-1.ec2.cloud.redislabs.com
    at GetAddrInfoReqWrap.onlookupall [as oncomplete] (node:dns:122:26) | {"errno":-3008,"code":"ENOTFOUND","syscall":"getaddrinfo","hostname":"redis-12559.crce217.ap-south-1-1.ec2.cloud.redislabs.com"}
2026-02-21 21:10:38 error: Error: getaddrinfo ENOTFOUND redis-12559.crce217.ap-south-1-1.ec2.cloud.redislabs.com
    at GetAddrInfoReqWrap.onlookupall [as oncomplete] (node:dns:122:26) | {"errno":-3008,"code":"ENOTFOUND","syscall":"getaddrinfo","hostname":"redis-12559.crce217.ap-south-1-1.ec2.cloud.redislabs.com"}
2026-02-21 21:10:40 error: Error: getaddrinfo ENOTFOUND redis-12559.crce217.ap-south-1-1.ec2.cloud.redislabs.com
    at GetAddrInfoReqWrap.onlookupall [as oncomplete] (node:dns:122:26) | {"errno":-3008,"code":"ENOTFOUND","syscall":"getaddrinfo","hostname":"redis-12559.crce217.ap-south-1-1.ec2.cloud.redislabs.com"}
