2026-04-26 12:43:36 info: ✅ Redis connected
2026-04-26 12:43:36 info: ✅ Server running on http://localhost:4323
2026-04-26 12:43:36 info: ✅ CORS enabled for: http://localhost:5173
2026-04-26 12:43:36 info: ✅ Socket.io ready
2026-04-26 12:54:34 info: ✅ Redis connected
2026-04-26 12:54:34 info: ✅ Server running on http://localhost:4323
2026-04-26 12:54:34 info: ✅ CORS enabled for: http://localhost:5173
2026-04-26 12:54:34 info: ✅ Socket.io ready
2026-04-26 13:43:51 info: ✅ Redis connected
2026-04-26 13:43:51 info: ✅ Server running on http://localhost:4323
2026-04-26 13:43:51 info: ✅ CORS enabled for: http://localhost:5173
2026-04-26 13:43:51 info: ✅ Socket.io ready
2026-04-26 14:59:20 error: Error: read ECONNRESET
    at TCP.onStreamRead (node:internal/stream_base_commons:216:20) | {"errno":-4077,"code":"ECONNRESET","syscall":"read"}
2026-04-26 16:07:49 info: ✅ Redis connected
2026-04-26 16:07:49 info: ✅ Server running on http://localhost:4323
2026-04-26 16:07:49 info: ✅ CORS enabled for: http://localhost:5173
2026-04-26 16:07:49 info: ✅ Socket.io ready
2026-04-26 16:47:49 error: Error: read ECONNRESET
    at TCP.onStreamRead (node:internal/stream_base_commons:216:20) | {"errno":-4077,"code":"ECONNRESET","syscall":"read"}
2026-04-26 17:17:46 info: ✅ Redis connected
2026-04-26 17:17:46 info: ✅ Server running on http://localhost:4323
2026-04-26 17:17:46 info: ✅ CORS enabled for: http://localhost:5173
2026-04-26 17:17:46 info: ✅ Socket.io ready
2026-04-26 17:17:52 info: ✅ Redis connected
2026-04-26 17:17:52 info: ✅ Server running on http://localhost:4323
2026-04-26 17:17:52 info: ✅ CORS enabled for: http://localhost:5173
2026-04-26 17:17:52 info: ✅ Socket.io ready
2026-04-26 17:18:30 info: ✅ Redis connected
2026-04-26 17:18:30 info: ✅ Server running on http://localhost:4323
2026-04-26 17:18:30 info: ✅ CORS enabled for: http://localhost:5173
2026-04-26 17:18:30 info: ✅ Socket.io ready
2026-04-26 17:19:08 info: ✅ Redis connected
2026-04-26 17:19:08 info: ✅ Server running on http://localhost:4323
2026-04-26 17:19:08 info: ✅ CORS enabled for: http://localhost:5173
2026-04-26 17:19:08 info: ✅ Socket.io ready
2026-04-26 17:19:16 info: ✅ Redis connected
2026-04-26 17:19:16 info: ✅ Server running on http://localhost:4323
2026-04-26 17:19:16 info: ✅ CORS enabled for: http://localhost:5173
2026-04-26 17:19:16 info: ✅ Socket.io ready
2026-04-26 17:19:23 info: ✅ Redis connected
2026-04-26 17:19:23 info: ✅ Server running on http://localhost:4323
2026-04-26 17:19:23 info: ✅ CORS enabled for: http://localhost:5173
2026-04-26 17:19:23 info: ✅ Socket.io ready
2026-04-26 17:43:30 info: ✅ Redis connected
2026-04-26 17:43:30 info: ✅ Server running on http://localhost:4323
2026-04-26 17:43:30 info: ✅ CORS enabled for: http://localhost:5173
2026-04-26 17:43:30 info: ✅ Socket.io ready
2026-04-26 17:43:36 info: ✅ Redis connected
2026-04-26 17:43:36 info: ✅ Server running on http://localhost:4323
2026-04-26 17:43:36 info: ✅ CORS enabled for: http://localhost:5173
2026-04-26 17:43:36 info: ✅ Socket.io ready
2026-04-26 17:44:53 info: ✅ Redis connected
2026-04-26 17:44:53 info: ✅ Server running on http://localhost:4323
2026-04-26 17:44:53 info: ✅ CORS enabled for: http://localhost:5173
2026-04-26 17:44:53 info: ✅ Socket.io ready
2026-04-26 17:49:22 info: ✅ Redis connected
2026-04-26 17:49:22 info: ✅ Server running on http://localhost:4323
2026-04-26 17:49:22 info: ✅ CORS enabled for: http://localhost:5173
2026-04-26 17:49:22 info: ✅ Socket.io ready
2026-04-26 17:50:09 info: ✅ Redis connected
2026-04-26 17:50:09 info: ✅ Server running on http://localhost:4323
2026-04-26 17:50:09 info: ✅ CORS enabled for: http://localhost:5173
2026-04-26 17:50:09 info: ✅ Socket.io ready
2026-04-26 17:50:19 info: ✅ Redis connected
2026-04-26 17:50:19 info: ✅ Server running on http://localhost:4323
2026-04-26 17:50:19 info: ✅ CORS enabled for: http://localhost:5173
2026-04-26 17:50:19 info: ✅ Socket.io ready
2026-04-26 17:50:47 info: ✅ Redis connected
2026-04-26 17:50:47 info: ✅ Server running on http://localhost:4323
2026-04-26 17:50:47 info: ✅ CORS enabled for: http://localhost:5173
2026-04-26 17:50:47 info: ✅ Socket.io ready
2026-04-26 17:50:56 info: ✅ Redis connected
2026-04-26 17:50:56 info: ✅ Server running on http://localhost:4323
2026-04-26 17:50:56 info: ✅ CORS enabled for: http://localhost:5173
2026-04-26 17:50:56 info: ✅ Socket.io ready
2026-04-26 17:52:49 info: ✅ Redis connected
2026-04-26 17:52:49 info: ✅ Server running on http://localhost:4323
2026-04-26 17:52:49 info: ✅ CORS enabled for: http://localhost:5173
2026-04-26 17:52:49 info: ✅ Socket.io ready
2026-04-26 17:52:55 info: ✅ Redis connected
2026-04-26 17:52:55 info: ✅ Server running on http://localhost:4323
2026-04-26 17:52:55 info: ✅ CORS enabled for: http://localhost:5173
2026-04-26 17:52:55 info: ✅ Socket.io ready
2026-04-26 17:53:10 info: ✅ Redis connected
2026-04-26 17:53:10 info: ✅ Server running on http://localhost:4323
2026-04-26 17:53:10 info: ✅ CORS enabled for: http://localhost:5173
2026-04-26 17:53:10 info: ✅ Socket.io ready
2026-04-26 17:53:42 info: ✅ Redis connected
2026-04-26 17:53:42 info: ✅ Server running on http://localhost:4323
2026-04-26 17:53:42 info: ✅ CORS enabled for: http://localhost:5173
2026-04-26 17:53:42 info: ✅ Socket.io ready
2026-04-26 17:53:51 info: ✅ Redis connected
2026-04-26 17:53:51 info: ✅ Server running on http://localhost:4323
2026-04-26 17:53:51 info: ✅ CORS enabled for: http://localhost:5173
2026-04-26 17:53:51 info: ✅ Socket.io ready
2026-04-26 18:16:05 info: ✅ Redis connected
2026-04-26 18:16:05 info: ✅ Server running on http://localhost:4323
2026-04-26 18:16:05 info: ✅ CORS enabled for: http://localhost:5173
2026-04-26 18:16:05 info: ✅ Socket.io ready
2026-04-26 18:16:11 info: ✅ Redis connected
2026-04-26 18:16:11 info: ✅ Server running on http://localhost:4323
2026-04-26 18:16:11 info: ✅ CORS enabled for: http://localhost:5173
2026-04-26 18:16:11 info: ✅ Socket.io ready
2026-04-26 18:16:43 info: ✅ Redis connected
2026-04-26 18:16:43 info: ✅ Server running on http://localhost:4323
2026-04-26 18:16:43 info: ✅ CORS enabled for: http://localhost:5173
2026-04-26 18:16:43 info: ✅ Socket.io ready
2026-04-26 18:19:06 info: ✅ Redis connected
2026-04-26 18:19:06 info: ✅ Server running on http://localhost:4323
2026-04-26 18:19:06 info: ✅ CORS enabled for: http://localhost:5173
2026-04-26 18:19:06 info: ✅ Socket.io ready
2026-04-26 18:34:27 info: ✅ Redis connected
2026-04-26 18:34:27 info: ✅ Server running on http://localhost:4323
2026-04-26 18:34:27 info: ✅ CORS enabled for: http://localhost:5173
2026-04-26 18:34:27 info: ✅ Socket.io ready
2026-04-26 18:35:46 info: ✅ Redis connected
2026-04-26 18:35:46 info: ✅ Server running on http://localhost:4323
2026-04-26 18:35:46 info: ✅ CORS enabled for: http://localhost:5173
2026-04-26 18:35:46 info: ✅ Socket.io ready
2026-04-26 18:35:53 info: ✅ Redis connected
2026-04-26 18:35:53 info: ✅ Server running on http://localhost:4323
2026-04-26 18:35:53 info: ✅ CORS enabled for: http://localhost:5173
2026-04-26 18:35:53 info: ✅ Socket.io ready
2026-04-26 18:35:58 info: ✅ Redis connected
2026-04-26 18:35:58 info: ✅ Server running on http://localhost:4323
2026-04-26 18:35:58 info: ✅ CORS enabled for: http://localhost:5173
2026-04-26 18:35:58 info: ✅ Socket.io ready
2026-04-26 18:42:45 info: ✅ Redis connected
2026-04-26 18:42:45 info: ✅ Server running on http://localhost:4323
2026-04-26 18:42:45 info: ✅ CORS enabled for: http://localhost:5173
2026-04-26 18:42:45 info: ✅ Socket.io ready
