2026-02-18 09:13:03 error: Error: read ECONNRESET
    at TCP.onStreamRead (node:internal/stream_base_commons:216:20) | {"errno":-4077,"code":"ECONNRESET","syscall":"read"}
2026-02-18 09:13:05 error: Error: getaddrinfo ENOTFOUND redis-12559.crce217.ap-south-1-1.ec2.cloud.redislabs.com
    at GetAddrInfoReqWrap.onlookupall [as oncomplete] (node:dns:122:26) | {"errno":-3008,"code":"ENOTFOUND","syscall":"getaddrinfo","hostname":"redis-12559.crce217.ap-south-1-1.ec2.cloud.redislabs.com"}
2026-02-18 11:43:54 error: Error: read ECONNRESET
    at TCP.onStreamRead (node:internal/stream_base_commons:216:20) | {"errno":-4077,"code":"ECONNRESET","syscall":"read"}
2026-02-18 12:10:46 error: Error: read ECONNRESET
    at TCP.onStreamRead (node:internal/stream_base_commons:216:20) | {"errno":-4077,"code":"ECONNRESET","syscall":"read"}
2026-02-18 13:38:02 error: Error: read ECONNRESET
    at TCP.onStreamRead (node:internal/stream_base_commons:216:20) | {"errno":-4077,"code":"ECONNRESET","syscall":"read"}
2026-02-18 17:44:51 error: Error: read ECONNRESET
    at TCP.onStreamRead (node:internal/stream_base_commons:216:20) | {"errno":-4077,"code":"ECONNRESET","syscall":"read"}
2026-02-18 17:44:52 error: Error: getaddrinfo ENOTFOUND redis-12559.crce217.ap-south-1-1.ec2.cloud.redislabs.com
    at GetAddrInfoReqWrap.onlookupall [as oncomplete] (node:dns:122:26) | {"errno":-3008,"code":"ENOTFOUND","syscall":"getaddrinfo","hostname":"redis-12559.crce217.ap-south-1-1.ec2.cloud.redislabs.com"}
2026-02-18 17:47:53 error: TypeError: Cannot read properties of undefined (reading 'execute')
    at BeauticianController.viewEditProfile (C:\Users\User\Desktop\week23\myaro\server\src\interface\Http\controllers\beautician\beauticianController.ts:160:59)
    at Layer.handleRequest (C:\Users\User\Desktop\week23\myaro\server\node_modules\router\lib\layer.js:152:17)
    at next (C:\Users\User\Desktop\week23\myaro\server\node_modules\router\lib\route.js:157:13)
    at C:\Users\User\Desktop\week23\myaro\server\src\interface\Http\middleware\authMiddleware.ts:93:9
    at processTicksAndRejections (node:internal/process/task_queues:103:5)
2026-02-18 17:47:53 error: TypeError: Cannot read properties of undefined (reading 'execute')
    at BeauticianController.viewEditProfile (C:\Users\User\Desktop\week23\myaro\server\src\interface\Http\controllers\beautician\beauticianController.ts:160:59)
    at Layer.handleRequest (C:\Users\User\Desktop\week23\myaro\server\node_modules\router\lib\layer.js:152:17)
    at next (C:\Users\User\Desktop\week23\myaro\server\node_modules\router\lib\route.js:157:13)
    at C:\Users\User\Desktop\week23\myaro\server\src\interface\Http\middleware\authMiddleware.ts:93:9
    at processTicksAndRejections (node:internal/process/task_queues:103:5)
2026-02-18 17:51:24 error: TypeError: Cannot read properties of undefined (reading 'execute')
    at BeauticianController.viewEditProfile (C:\Users\User\Desktop\week23\myaro\server\src\interface\Http\controllers\beautician\beauticianController.ts:160:59)
    at Layer.handleRequest (C:\Users\User\Desktop\week23\myaro\server\node_modules\router\lib\layer.js:152:17)
    at next (C:\Users\User\Desktop\week23\myaro\server\node_modules\router\lib\route.js:157:13)
    at C:\Users\User\Desktop\week23\myaro\server\src\interface\Http\middleware\authMiddleware.ts:93:9
    at processTicksAndRejections (node:internal/process/task_queues:103:5)
2026-02-18 17:51:24 error: TypeError: Cannot read properties of undefined (reading 'execute')
    at BeauticianController.viewEditProfile (C:\Users\User\Desktop\week23\myaro\server\src\interface\Http\controllers\beautician\beauticianController.ts:160:59)
    at Layer.handleRequest (C:\Users\User\Desktop\week23\myaro\server\node_modules\router\lib\layer.js:152:17)
    at next (C:\Users\User\Desktop\week23\myaro\server\node_modules\router\lib\route.js:157:13)
    at C:\Users\User\Desktop\week23\myaro\server\src\interface\Http\middleware\authMiddleware.ts:93:9
    at processTicksAndRejections (node:internal/process/task_queues:103:5)
