2026-04-27 09:21:33 info: ✅ Redis connected
2026-04-27 09:21:33 info: ✅ Server running on http://localhost:4323
2026-04-27 09:21:33 info: ✅ CORS enabled for: http://localhost:5173
2026-04-27 09:21:33 info: ✅ Socket.io ready
2026-04-27 09:33:50 info: ✅ Redis connected
2026-04-27 09:33:50 info: ✅ Server running on http://localhost:4323
2026-04-27 09:33:50 info: ✅ CORS enabled for: http://localhost:5173
2026-04-27 09:33:50 info: ✅ Socket.io ready
2026-04-27 09:50:16 error: Error: read ECONNRESET
    at TCP.onStreamRead (node:internal/stream_base_commons:216:20) | {"errno":-4077,"code":"ECONNRESET","syscall":"read"}
2026-04-27 09:50:21 error: Error: Connection timeout
    at Socket.onTimeout (C:\Users\User\Desktop\completed\week23\myaro\server\node_modules\@redis\client\lib\client\socket.ts:265:40)
    at Object.onceWrapper (node:events:622:28)
    at Socket.emit (node:events:508:28)
    at Socket._onTimeout (node:net:604:8)
    at listOnTimeout (node:internal/timers:605:17)
    at processTimers (node:internal/timers:541:7)
2026-04-27 09:50:26 error: Error: Connection timeout
    at Socket.onTimeout (C:\Users\User\Desktop\completed\week23\myaro\server\node_modules\@redis\client\lib\client\socket.ts:265:40)
    at Object.onceWrapper (node:events:622:28)
    at Socket.emit (node:events:508:28)
    at Socket._onTimeout (node:net:604:8)
    at listOnTimeout (node:internal/timers:605:17)
    at processTimers (node:internal/timers:541:7)
2026-04-27 09:50:31 error: Error: Connection timeout
    at Socket.onTimeout (C:\Users\User\Desktop\completed\week23\myaro\server\node_modules\@redis\client\lib\client\socket.ts:265:40)
    at Object.onceWrapper (node:events:622:28)
    at Socket.emit (node:events:508:28)
    at Socket._onTimeout (node:net:604:8)
    at listOnTimeout (node:internal/timers:605:17)
    at processTimers (node:internal/timers:541:7)
2026-04-27 10:17:24 info: ✅ Redis connected
2026-04-27 10:17:24 info: ✅ Server running on http://localhost:4323
2026-04-27 10:17:24 info: ✅ CORS enabled for: http://localhost:5173
2026-04-27 10:17:25 info: ✅ Socket.io ready
2026-04-27 10:23:40 info: ✅ Redis connected
2026-04-27 10:23:40 info: ✅ Server running on http://localhost:4323
2026-04-27 10:23:40 info: ✅ CORS enabled for: http://localhost:5173
2026-04-27 10:23:40 info: ✅ Socket.io ready
2026-04-27 10:24:27 info: ✅ Redis connected
2026-04-27 10:24:27 info: ✅ Server running on http://localhost:4323
2026-04-27 10:24:27 info: ✅ CORS enabled for: http://localhost:5173
2026-04-27 10:24:27 info: ✅ Socket.io ready
2026-04-27 10:24:34 info: ✅ Redis connected
2026-04-27 10:24:34 info: ✅ Server running on http://localhost:4323
2026-04-27 10:24:34 info: ✅ CORS enabled for: http://localhost:5173
2026-04-27 10:24:34 info: ✅ Socket.io ready
2026-04-27 10:24:43 info: ✅ Redis connected
2026-04-27 10:24:43 info: ✅ Server running on http://localhost:4323
2026-04-27 10:24:43 info: ✅ CORS enabled for: http://localhost:5173
2026-04-27 10:24:43 info: ✅ Socket.io ready
2026-04-27 10:28:27 info: ✅ Redis connected
2026-04-27 10:28:27 info: ✅ Server running on http://localhost:4323
2026-04-27 10:28:27 info: ✅ CORS enabled for: http://localhost:5173
2026-04-27 10:28:27 info: ✅ Socket.io ready
2026-04-27 10:30:06 info: ✅ Redis connected
2026-04-27 10:30:06 info: ✅ Server running on http://localhost:4323
2026-04-27 10:30:06 info: ✅ CORS enabled for: http://localhost:5173
2026-04-27 10:30:06 info: ✅ Socket.io ready
2026-04-27 10:31:24 info: ✅ Redis connected
2026-04-27 10:31:24 info: ✅ Server running on http://localhost:4323
2026-04-27 10:31:24 info: ✅ CORS enabled for: http://localhost:5173
2026-04-27 10:31:24 info: ✅ Socket.io ready
2026-04-27 10:31:57 info: ✅ Redis connected
2026-04-27 10:31:57 info: ✅ Server running on http://localhost:4323
2026-04-27 10:31:57 info: ✅ CORS enabled for: http://localhost:5173
2026-04-27 10:31:57 info: ✅ Socket.io ready
2026-04-27 10:32:09 info: ✅ Redis connected
2026-04-27 10:32:09 info: ✅ Server running on http://localhost:4323
2026-04-27 10:32:09 info: ✅ CORS enabled for: http://localhost:5173
2026-04-27 10:32:09 info: ✅ Socket.io ready
2026-04-27 10:33:20 info: ✅ Redis connected
2026-04-27 10:33:20 info: ✅ Server running on http://localhost:4323
2026-04-27 10:33:20 info: ✅ CORS enabled for: http://localhost:5173
2026-04-27 10:33:20 info: ✅ Socket.io ready
2026-04-27 10:33:29 info: ✅ Redis connected
2026-04-27 10:33:29 info: ✅ Server running on http://localhost:4323
2026-04-27 10:33:29 info: ✅ CORS enabled for: http://localhost:5173
2026-04-27 10:33:29 info: ✅ Socket.io ready
2026-04-27 10:33:51 info: ✅ Redis connected
2026-04-27 10:33:51 info: ✅ Server running on http://localhost:4323
2026-04-27 10:33:51 info: ✅ CORS enabled for: http://localhost:5173
2026-04-27 10:33:51 info: ✅ Socket.io ready
2026-04-27 10:46:14 info: ✅ Redis connected
2026-04-27 10:46:14 info: ✅ Server running on http://localhost:4323
2026-04-27 10:46:14 info: ✅ CORS enabled for: http://localhost:5173
2026-04-27 10:46:14 info: ✅ Socket.io ready
2026-04-27 10:58:22 info: ✅ Redis connected
2026-04-27 10:58:22 info: ✅ Server running on http://localhost:4323
2026-04-27 10:58:22 info: ✅ CORS enabled for: http://localhost:5173
2026-04-27 10:58:22 info: ✅ Socket.io ready
2026-04-27 10:59:03 info: ✅ Redis connected
2026-04-27 10:59:03 info: ✅ Server running on http://localhost:4323
2026-04-27 10:59:03 info: ✅ CORS enabled for: http://localhost:5173
2026-04-27 10:59:03 info: ✅ Socket.io ready
2026-04-27 11:09:06 info: ✅ Redis connected
2026-04-27 11:09:06 info: ✅ Server running on http://localhost:4323
2026-04-27 11:09:06 info: ✅ CORS enabled for: http://localhost:5173
2026-04-27 11:09:06 info: ✅ Socket.io ready
2026-04-27 11:10:18 info: ✅ Redis connected
2026-04-27 11:10:18 info: ✅ Server running on http://localhost:4323
2026-04-27 11:10:18 info: ✅ CORS enabled for: http://localhost:5173
2026-04-27 11:10:18 info: ✅ Socket.io ready
2026-04-27 11:10:50 info: ✅ Redis connected
2026-04-27 11:10:50 info: ✅ Server running on http://localhost:4323
2026-04-27 11:10:50 info: ✅ CORS enabled for: http://localhost:5173
2026-04-27 11:10:50 info: ✅ Socket.io ready
2026-04-27 11:12:22 info: ✅ Redis connected
2026-04-27 11:12:22 info: ✅ Server running on http://localhost:4323
2026-04-27 11:12:22 info: ✅ CORS enabled for: http://localhost:5173
2026-04-27 11:12:22 info: ✅ Socket.io ready
2026-04-27 11:16:45 info: ✅ Redis connected
2026-04-27 11:16:45 info: ✅ Server running on http://localhost:4323
2026-04-27 11:16:45 info: ✅ CORS enabled for: http://localhost:5173
2026-04-27 11:16:45 info: ✅ Socket.io ready
2026-04-27 11:17:56 info: ✅ Redis connected
2026-04-27 11:17:56 info: ✅ Server running on http://localhost:4323
2026-04-27 11:17:56 info: ✅ CORS enabled for: http://localhost:5173
2026-04-27 11:17:56 info: ✅ Socket.io ready
2026-04-27 11:18:28 info: ✅ Redis connected
2026-04-27 11:18:28 info: ✅ Server running on http://localhost:4323
2026-04-27 11:18:28 info: ✅ CORS enabled for: http://localhost:5173
2026-04-27 11:18:28 info: ✅ Socket.io ready
2026-04-27 11:18:48 info: ✅ Redis connected
2026-04-27 11:18:48 info: ✅ Server running on http://localhost:4323
2026-04-27 11:18:48 info: ✅ CORS enabled for: http://localhost:5173
2026-04-27 11:18:48 info: ✅ Socket.io ready
2026-04-27 11:19:00 info: ✅ Redis connected
2026-04-27 11:19:00 info: ✅ Server running on http://localhost:4323
2026-04-27 11:19:00 info: ✅ CORS enabled for: http://localhost:5173
2026-04-27 11:19:00 info: ✅ Socket.io ready
2026-04-27 11:19:24 info: ✅ Redis connected
2026-04-27 11:19:24 info: ✅ Server running on http://localhost:4323
2026-04-27 11:19:24 info: ✅ CORS enabled for: http://localhost:5173
2026-04-27 11:19:24 info: ✅ Socket.io ready
2026-04-27 11:24:44 info: ✅ Redis connected
2026-04-27 11:24:44 info: ✅ Server running on http://localhost:4323
2026-04-27 11:24:44 info: ✅ CORS enabled for: http://localhost:5173
2026-04-27 11:24:44 info: ✅ Socket.io ready
2026-04-27 11:25:43 info: ✅ Redis connected
2026-04-27 11:25:43 info: ✅ Server running on http://localhost:4323
2026-04-27 11:25:43 info: ✅ CORS enabled for: http://localhost:5173
2026-04-27 11:25:43 info: ✅ Socket.io ready
2026-04-27 11:26:35 info: ✅ Redis connected
2026-04-27 11:26:35 info: ✅ Server running on http://localhost:4323
2026-04-27 11:26:35 info: ✅ CORS enabled for: http://localhost:5173
2026-04-27 11:26:35 info: ✅ Socket.io ready
2026-04-27 11:26:45 info: ✅ Redis connected
2026-04-27 11:26:45 info: ✅ Server running on http://localhost:4323
2026-04-27 11:26:45 info: ✅ CORS enabled for: http://localhost:5173
2026-04-27 11:26:45 info: ✅ Socket.io ready
2026-04-27 11:26:58 info: ✅ Redis connected
2026-04-27 11:26:58 info: ✅ Server running on http://localhost:4323
2026-04-27 11:26:58 info: ✅ CORS enabled for: http://localhost:5173
2026-04-27 11:26:58 info: ✅ Socket.io ready
2026-04-27 11:27:14 info: ✅ Redis connected
2026-04-27 11:27:14 info: ✅ Server running on http://localhost:4323
2026-04-27 11:27:14 info: ✅ CORS enabled for: http://localhost:5173
2026-04-27 11:27:14 info: ✅ Socket.io ready
2026-04-27 11:31:21 info: ✅ Redis connected
2026-04-27 11:31:21 info: ✅ Server running on http://localhost:4323
2026-04-27 11:31:21 info: ✅ CORS enabled for: http://localhost:5173
2026-04-27 11:31:21 info: ✅ Socket.io ready
2026-04-27 11:31:29 info: ✅ Redis connected
2026-04-27 11:31:29 info: ✅ Server running on http://localhost:4323
2026-04-27 11:31:29 info: ✅ CORS enabled for: http://localhost:5173
2026-04-27 11:31:29 info: ✅ Socket.io ready
2026-04-27 11:31:52 info: ✅ Redis connected
2026-04-27 11:31:52 info: ✅ Server running on http://localhost:4323
2026-04-27 11:31:52 info: ✅ CORS enabled for: http://localhost:5173
2026-04-27 11:31:52 info: ✅ Socket.io ready
2026-04-27 11:31:57 info: ✅ Redis connected
2026-04-27 11:31:57 info: ✅ Server running on http://localhost:4323
2026-04-27 11:31:57 info: ✅ CORS enabled for: http://localhost:5173
2026-04-27 11:31:57 info: ✅ Socket.io ready
2026-04-27 11:32:17 info: ✅ Redis connected
2026-04-27 11:32:17 info: ✅ Server running on http://localhost:4323
2026-04-27 11:32:17 info: ✅ CORS enabled for: http://localhost:5173
2026-04-27 11:32:17 info: ✅ Socket.io ready
2026-04-27 11:32:33 info: ✅ Redis connected
2026-04-27 11:32:33 info: ✅ Server running on http://localhost:4323
2026-04-27 11:32:33 info: ✅ CORS enabled for: http://localhost:5173
2026-04-27 11:32:33 info: ✅ Socket.io ready
2026-04-27 11:32:46 info: ✅ Redis connected
2026-04-27 11:32:46 info: ✅ Server running on http://localhost:4323
2026-04-27 11:32:46 info: ✅ CORS enabled for: http://localhost:5173
2026-04-27 11:32:46 info: ✅ Socket.io ready
2026-04-27 11:33:05 info: ✅ Redis connected
2026-04-27 11:33:05 info: ✅ Server running on http://localhost:4323
2026-04-27 11:33:05 info: ✅ CORS enabled for: http://localhost:5173
2026-04-27 11:33:05 info: ✅ Socket.io ready
2026-04-27 11:33:11 info: ✅ Redis connected
2026-04-27 11:33:11 info: ✅ Server running on http://localhost:4323
2026-04-27 11:33:11 info: ✅ CORS enabled for: http://localhost:5173
2026-04-27 11:33:11 info: ✅ Socket.io ready
