2026-03-25 08:45:02 error: CastError: Cast to ObjectId failed for value ":692eb58ed692da39bc3c1860" (type string) at path "_id" for model "User"
    at SchemaObjectId.cast (C:\Users\User\Desktop\completed\week23\myaro\server\node_modules\mongoose\lib\schema\objectId.js:251:11)
    at SchemaObjectId.SchemaType.applySetters (C:\Users\User\Desktop\completed\week23\myaro\server\node_modules\mongoose\lib\schemaType.js:1262:12)
    at SchemaObjectId.SchemaType.castForQuery (C:\Users\User\Desktop\completed\week23\myaro\server\node_modules\mongoose\lib\schemaType.js:1698:17)
    at cast (C:\Users\User\Desktop\completed\week23\myaro\server\node_modules\mongoose\lib\cast.js:390:32)
    at model.Query.Query.cast (C:\Users\User\Desktop\completed\week23\myaro\server\node_modules\mongoose\lib\query.js:5060:12)
    at model.Query.Query._castConditions (C:\Users\User\Desktop\completed\week23\myaro\server\node_modules\mongoose\lib\query.js:2374:10)
    at model.Query._findOne (C:\Users\User\Desktop\completed\week23\myaro\server\node_modules\mongoose\lib\query.js:2697:8)
    at model.Query.exec (C:\Users\User\Desktop\completed\week23\myaro\server\node_modules\mongoose\lib\query.js:4627:80)
    at processTicksAndRejections (node:internal/process/task_queues:103:5)
    at MongoUserRepository.findByUserId (C:\Users\User\Desktop\completed\week23\myaro\server\src\infrastructure\repositories\UserRepository.ts:40:15)
2026-03-25 08:45:02 error: CastError: Cast to ObjectId failed for value ":692eb58ed692da39bc3c1860" (type string) at path "_id" for model "User"
    at SchemaObjectId.cast (C:\Users\User\Desktop\completed\week23\myaro\server\node_modules\mongoose\lib\schema\objectId.js:251:11)
    at SchemaObjectId.SchemaType.applySetters (C:\Users\User\Desktop\completed\week23\myaro\server\node_modules\mongoose\lib\schemaType.js:1262:12)
    at SchemaObjectId.SchemaType.castForQuery (C:\Users\User\Desktop\completed\week23\myaro\server\node_modules\mongoose\lib\schemaType.js:1698:17)
    at cast (C:\Users\User\Desktop\completed\week23\myaro\server\node_modules\mongoose\lib\cast.js:390:32)
    at model.Query.Query.cast (C:\Users\User\Desktop\completed\week23\myaro\server\node_modules\mongoose\lib\query.js:5060:12)
    at model.Query.Query._castConditions (C:\Users\User\Desktop\completed\week23\myaro\server\node_modules\mongoose\lib\query.js:2374:10)
    at model.Query._findOne (C:\Users\User\Desktop\completed\week23\myaro\server\node_modules\mongoose\lib\query.js:2697:8)
    at model.Query.exec (C:\Users\User\Desktop\completed\week23\myaro\server\node_modules\mongoose\lib\query.js:4627:80)
    at processTicksAndRejections (node:internal/process/task_queues:103:5)
    at MongoUserRepository.findByUserId (C:\Users\User\Desktop\completed\week23\myaro\server\src\infrastructure\repositories\UserRepository.ts:40:15)
2026-03-25 08:45:19 error: CastError: Cast to ObjectId failed for value ":692eb58ed692da39bc3c1860" (type string) at path "_id" for model "User"
    at SchemaObjectId.cast (C:\Users\User\Desktop\completed\week23\myaro\server\node_modules\mongoose\lib\schema\objectId.js:251:11)
    at SchemaObjectId.SchemaType.applySetters (C:\Users\User\Desktop\completed\week23\myaro\server\node_modules\mongoose\lib\schemaType.js:1262:12)
    at SchemaObjectId.SchemaType.castForQuery (C:\Users\User\Desktop\completed\week23\myaro\server\node_modules\mongoose\lib\schemaType.js:1698:17)
    at cast (C:\Users\User\Desktop\completed\week23\myaro\server\node_modules\mongoose\lib\cast.js:390:32)
    at model.Query.Query.cast (C:\Users\User\Desktop\completed\week23\myaro\server\node_modules\mongoose\lib\query.js:5060:12)
    at model.Query.Query._castConditions (C:\Users\User\Desktop\completed\week23\myaro\server\node_modules\mongoose\lib\query.js:2374:10)
    at model.Query._findOne (C:\Users\User\Desktop\completed\week23\myaro\server\node_modules\mongoose\lib\query.js:2697:8)
    at model.Query.exec (C:\Users\User\Desktop\completed\week23\myaro\server\node_modules\mongoose\lib\query.js:4627:80)
    at processTicksAndRejections (node:internal/process/task_queues:103:5)
    at MongoUserRepository.findByUserId (C:\Users\User\Desktop\completed\week23\myaro\server\src\infrastructure\repositories\UserRepository.ts:40:15)
2026-03-25 08:45:19 error: CastError: Cast to ObjectId failed for value ":692eb58ed692da39bc3c1860" (type string) at path "_id" for model "User"
    at SchemaObjectId.cast (C:\Users\User\Desktop\completed\week23\myaro\server\node_modules\mongoose\lib\schema\objectId.js:251:11)
    at SchemaObjectId.SchemaType.applySetters (C:\Users\User\Desktop\completed\week23\myaro\server\node_modules\mongoose\lib\schemaType.js:1262:12)
    at SchemaObjectId.SchemaType.castForQuery (C:\Users\User\Desktop\completed\week23\myaro\server\node_modules\mongoose\lib\schemaType.js:1698:17)
    at cast (C:\Users\User\Desktop\completed\week23\myaro\server\node_modules\mongoose\lib\cast.js:390:32)
    at model.Query.Query.cast (C:\Users\User\Desktop\completed\week23\myaro\server\node_modules\mongoose\lib\query.js:5060:12)
    at model.Query.Query._castConditions (C:\Users\User\Desktop\completed\week23\myaro\server\node_modules\mongoose\lib\query.js:2374:10)
    at model.Query._findOne (C:\Users\User\Desktop\completed\week23\myaro\server\node_modules\mongoose\lib\query.js:2697:8)
    at model.Query.exec (C:\Users\User\Desktop\completed\week23\myaro\server\node_modules\mongoose\lib\query.js:4627:80)
    at processTicksAndRejections (node:internal/process/task_queues:103:5)
    at MongoUserRepository.findByUserId (C:\Users\User\Desktop\completed\week23\myaro\server\src\infrastructure\repositories\UserRepository.ts:40:15)
2026-03-25 08:47:59 error: CastError: Cast to ObjectId failed for value ":692eb58ed692da39bc3c1860" (type string) at path "_id" for model "User"
    at SchemaObjectId.cast (C:\Users\User\Desktop\completed\week23\myaro\server\node_modules\mongoose\lib\schema\objectId.js:251:11)
    at SchemaObjectId.SchemaType.applySetters (C:\Users\User\Desktop\completed\week23\myaro\server\node_modules\mongoose\lib\schemaType.js:1262:12)
    at SchemaObjectId.SchemaType.castForQuery (C:\Users\User\Desktop\completed\week23\myaro\server\node_modules\mongoose\lib\schemaType.js:1698:17)
    at cast (C:\Users\User\Desktop\completed\week23\myaro\server\node_modules\mongoose\lib\cast.js:390:32)
    at model.Query.Query.cast (C:\Users\User\Desktop\completed\week23\myaro\server\node_modules\mongoose\lib\query.js:5060:12)
    at model.Query.Query._castConditions (C:\Users\User\Desktop\completed\week23\myaro\server\node_modules\mongoose\lib\query.js:2374:10)
    at model.Query._findOne (C:\Users\User\Desktop\completed\week23\myaro\server\node_modules\mongoose\lib\query.js:2697:8)
    at model.Query.exec (C:\Users\User\Desktop\completed\week23\myaro\server\node_modules\mongoose\lib\query.js:4627:80)
    at processTicksAndRejections (node:internal/process/task_queues:103:5)
    at MongoUserRepository.findByUserId (C:\Users\User\Desktop\completed\week23\myaro\server\src\infrastructure\repositories\UserRepository.ts:40:15)
2026-03-25 08:47:59 error: CastError: Cast to ObjectId failed for value ":692eb58ed692da39bc3c1860" (type string) at path "_id" for model "User"
    at SchemaObjectId.cast (C:\Users\User\Desktop\completed\week23\myaro\server\node_modules\mongoose\lib\schema\objectId.js:251:11)
    at SchemaObjectId.SchemaType.applySetters (C:\Users\User\Desktop\completed\week23\myaro\server\node_modules\mongoose\lib\schemaType.js:1262:12)
    at SchemaObjectId.SchemaType.castForQuery (C:\Users\User\Desktop\completed\week23\myaro\server\node_modules\mongoose\lib\schemaType.js:1698:17)
    at cast (C:\Users\User\Desktop\completed\week23\myaro\server\node_modules\mongoose\lib\cast.js:390:32)
    at model.Query.Query.cast (C:\Users\User\Desktop\completed\week23\myaro\server\node_modules\mongoose\lib\query.js:5060:12)
    at model.Query.Query._castConditions (C:\Users\User\Desktop\completed\week23\myaro\server\node_modules\mongoose\lib\query.js:2374:10)
    at model.Query._findOne (C:\Users\User\Desktop\completed\week23\myaro\server\node_modules\mongoose\lib\query.js:2697:8)
    at model.Query.exec (C:\Users\User\Desktop\completed\week23\myaro\server\node_modules\mongoose\lib\query.js:4627:80)
    at processTicksAndRejections (node:internal/process/task_queues:103:5)
    at MongoUserRepository.findByUserId (C:\Users\User\Desktop\completed\week23\myaro\server\src\infrastructure\repositories\UserRepository.ts:40:15)
2026-03-25 08:48:18 error: CastError: Cast to ObjectId failed for value ":692eb58ed692da39bc3c1860" (type string) at path "_id" for model "User"
    at SchemaObjectId.cast (C:\Users\User\Desktop\completed\week23\myaro\server\node_modules\mongoose\lib\schema\objectId.js:251:11)
    at SchemaObjectId.SchemaType.applySetters (C:\Users\User\Desktop\completed\week23\myaro\server\node_modules\mongoose\lib\schemaType.js:1262:12)
    at SchemaObjectId.SchemaType.castForQuery (C:\Users\User\Desktop\completed\week23\myaro\server\node_modules\mongoose\lib\schemaType.js:1698:17)
    at cast (C:\Users\User\Desktop\completed\week23\myaro\server\node_modules\mongoose\lib\cast.js:390:32)
    at model.Query.Query.cast (C:\Users\User\Desktop\completed\week23\myaro\server\node_modules\mongoose\lib\query.js:5060:12)
    at model.Query.Query._castConditions (C:\Users\User\Desktop\completed\week23\myaro\server\node_modules\mongoose\lib\query.js:2374:10)
    at model.Query._findOne (C:\Users\User\Desktop\completed\week23\myaro\server\node_modules\mongoose\lib\query.js:2697:8)
    at model.Query.exec (C:\Users\User\Desktop\completed\week23\myaro\server\node_modules\mongoose\lib\query.js:4627:80)
    at processTicksAndRejections (node:internal/process/task_queues:103:5)
    at MongoUserRepository.findByUserId (C:\Users\User\Desktop\completed\week23\myaro\server\src\infrastructure\repositories\UserRepository.ts:40:15)
2026-03-25 08:48:19 error: CastError: Cast to ObjectId failed for value ":692eb58ed692da39bc3c1860" (type string) at path "_id" for model "User"
    at SchemaObjectId.cast (C:\Users\User\Desktop\completed\week23\myaro\server\node_modules\mongoose\lib\schema\objectId.js:251:11)
    at SchemaObjectId.SchemaType.applySetters (C:\Users\User\Desktop\completed\week23\myaro\server\node_modules\mongoose\lib\schemaType.js:1262:12)
    at SchemaObjectId.SchemaType.castForQuery (C:\Users\User\Desktop\completed\week23\myaro\server\node_modules\mongoose\lib\schemaType.js:1698:17)
    at cast (C:\Users\User\Desktop\completed\week23\myaro\server\node_modules\mongoose\lib\cast.js:390:32)
    at model.Query.Query.cast (C:\Users\User\Desktop\completed\week23\myaro\server\node_modules\mongoose\lib\query.js:5060:12)
    at model.Query.Query._castConditions (C:\Users\User\Desktop\completed\week23\myaro\server\node_modules\mongoose\lib\query.js:2374:10)
    at model.Query._findOne (C:\Users\User\Desktop\completed\week23\myaro\server\node_modules\mongoose\lib\query.js:2697:8)
    at model.Query.exec (C:\Users\User\Desktop\completed\week23\myaro\server\node_modules\mongoose\lib\query.js:4627:80)
    at processTicksAndRejections (node:internal/process/task_queues:103:5)
    at MongoUserRepository.findByUserId (C:\Users\User\Desktop\completed\week23\myaro\server\src\infrastructure\repositories\UserRepository.ts:40:15)
2026-03-25 12:05:55 error: Error: read ECONNRESET
    at TCP.onStreamRead (node:internal/stream_base_commons:216:20) | {"errno":-4077,"code":"ECONNRESET","syscall":"read"}
2026-03-25 12:06:00 error: Error: Connection timeout
    at Socket.onTimeout (C:\Users\User\Desktop\completed\week23\myaro\server\node_modules\@redis\client\lib\client\socket.ts:265:40)
    at Object.onceWrapper (node:events:622:28)
    at Socket.emit (node:events:508:28)
    at Socket._onTimeout (node:net:604:8)
    at listOnTimeout (node:internal/timers:605:17)
    at processTimers (node:internal/timers:541:7)
2026-03-25 12:06:05 error: Error: Connection timeout
    at Socket.onTimeout (C:\Users\User\Desktop\completed\week23\myaro\server\node_modules\@redis\client\lib\client\socket.ts:265:40)
    at Object.onceWrapper (node:events:622:28)
    at Socket.emit (node:events:508:28)
    at Socket._onTimeout (node:net:604:8)
    at listOnTimeout (node:internal/timers:605:17)
    at processTimers (node:internal/timers:541:7)
2026-03-25 12:06:15 error: Error: Connection timeout
    at Socket.onTimeout (C:\Users\User\Desktop\completed\week23\myaro\server\node_modules\@redis\client\lib\client\socket.ts:265:40)
    at Object.onceWrapper (node:events:622:28)
    at Socket.emit (node:events:508:28)
    at Socket._onTimeout (node:net:604:8)
    at listOnTimeout (node:internal/timers:605:17)
    at processTimers (node:internal/timers:541:7)
2026-03-25 12:06:20 error: Error: Connection timeout
    at Socket.onTimeout (C:\Users\User\Desktop\completed\week23\myaro\server\node_modules\@redis\client\lib\client\socket.ts:265:40)
    at Object.onceWrapper (node:events:622:28)
    at Socket.emit (node:events:508:28)
    at Socket._onTimeout (node:net:604:8)
    at listOnTimeout (node:internal/timers:605:17)
    at processTimers (node:internal/timers:541:7)
2026-03-25 12:11:43 error: Error: read ECONNRESET
    at TCP.onStreamRead (node:internal/stream_base_commons:216:20) | {"errno":-4077,"code":"ECONNRESET","syscall":"read"}
2026-03-25 12:11:48 error: Error: Connection timeout
    at Socket.onTimeout (C:\Users\User\Desktop\completed\week23\myaro\server\node_modules\@redis\client\lib\client\socket.ts:265:40)
    at Object.onceWrapper (node:events:622:28)
    at Socket.emit (node:events:508:28)
    at Socket._onTimeout (node:net:604:8)
    at listOnTimeout (node:internal/timers:605:17)
    at processTimers (node:internal/timers:541:7)
2026-03-25 12:39:27 error: Error: read ECONNRESET
    at TCP.onStreamRead (node:internal/stream_base_commons:216:20) | {"errno":-4077,"code":"ECONNRESET","syscall":"read"}
2026-03-25 13:57:39 error: BSONError: input must be a 24 character hex string, 12 byte Uint8Array, or an integer
    at new ObjectId (C:\Users\User\Desktop\completed\week23\myaro\server\node_modules\bson\src\objectid.ts:120:15)
    at BeauticianServiceRepository.findByBeauticianId (C:\Users\User\Desktop\completed\week23\myaro\server\src\infrastructure\repositories\service\BeauticianServiceRepository.ts:48:17)
    at GetBeauticianServicesListUseCase.execute (C:\Users\User\Desktop\completed\week23\myaro\server\src\application\usecases\admin\management\services\getServiceList.ts:17:56)
    at BeauticianServiceController.getBeauticianServiceListForCustomer (C:\Users\User\Desktop\completed\week23\myaro\server\src\interface\Http\controllers\service\beauticianServiceController.ts:251:59)
    at Layer.handleRequest (C:\Users\User\Desktop\completed\week23\myaro\server\node_modules\router\lib\layer.js:152:17)
    at next (C:\Users\User\Desktop\completed\week23\myaro\server\node_modules\router\lib\route.js:157:13)
    at C:\Users\User\Desktop\completed\week23\myaro\server\src\interface\Http\middleware\authMiddleware.ts:115:7
    at processTicksAndRejections (node:internal/process/task_queues:103:5)
2026-03-25 14:06:43 error: Error: read ECONNRESET
    at TCP.onStreamRead (node:internal/stream_base_commons:216:20) | {"errno":-4077,"code":"ECONNRESET","syscall":"read"}
2026-03-25 14:06:48 error: Error: Connection timeout
    at Socket.onTimeout (C:\Users\User\Desktop\completed\week23\myaro\server\node_modules\@redis\client\lib\client\socket.ts:265:40)
    at Object.onceWrapper (node:events:622:28)
    at Socket.emit (node:events:508:28)
    at Socket._onTimeout (node:net:604:8)
    at listOnTimeout (node:internal/timers:605:17)
    at processTimers (node:internal/timers:541:7)
2026-03-25 14:06:53 error: Error: Connection timeout
    at Socket.onTimeout (C:\Users\User\Desktop\completed\week23\myaro\server\node_modules\@redis\client\lib\client\socket.ts:265:40)
    at Object.onceWrapper (node:events:622:28)
    at Socket.emit (node:events:508:28)
    at Socket._onTimeout (node:net:604:8)
    at listOnTimeout (node:internal/timers:605:17)
    at processTimers (node:internal/timers:541:7)
2026-03-25 14:06:58 error: Error: Connection timeout
    at Socket.onTimeout (C:\Users\User\Desktop\completed\week23\myaro\server\node_modules\@redis\client\lib\client\socket.ts:265:40)
    at Object.onceWrapper (node:events:622:28)
    at Socket.emit (node:events:508:28)
    at Socket._onTimeout (node:net:604:8)
    at listOnTimeout (node:internal/timers:605:17)
    at processTimers (node:internal/timers:541:7)
2026-03-25 14:06:59 error: Error: getaddrinfo ENOTFOUND redis-12559.crce217.ap-south-1-1.ec2.cloud.redislabs.com
    at GetAddrInfoReqWrap.onlookupall [as oncomplete] (node:dns:122:26) | {"errno":-3008,"code":"ENOTFOUND","syscall":"getaddrinfo","hostname":"redis-12559.crce217.ap-south-1-1.ec2.cloud.redislabs.com"}
2026-03-25 14:07:00 error: Error: getaddrinfo ENOTFOUND redis-12559.crce217.ap-south-1-1.ec2.cloud.redislabs.com
    at GetAddrInfoReqWrap.onlookupall [as oncomplete] (node:dns:122:26) | {"errno":-3008,"code":"ENOTFOUND","syscall":"getaddrinfo","hostname":"redis-12559.crce217.ap-south-1-1.ec2.cloud.redislabs.com"}
2026-03-25 14:07:00 error: Error: getaddrinfo ENOTFOUND redis-12559.crce217.ap-south-1-1.ec2.cloud.redislabs.com
    at GetAddrInfoReqWrap.onlookupall [as oncomplete] (node:dns:122:26) | {"errno":-3008,"code":"ENOTFOUND","syscall":"getaddrinfo","hostname":"redis-12559.crce217.ap-south-1-1.ec2.cloud.redislabs.com"}
2026-03-25 14:07:02 error: Error: getaddrinfo ENOTFOUND redis-12559.crce217.ap-south-1-1.ec2.cloud.redislabs.com
    at GetAddrInfoReqWrap.onlookupall [as oncomplete] (node:dns:122:26) | {"errno":-3008,"code":"ENOTFOUND","syscall":"getaddrinfo","hostname":"redis-12559.crce217.ap-south-1-1.ec2.cloud.redislabs.com"}
2026-03-25 14:07:04 error: Error: getaddrinfo ENOTFOUND redis-12559.crce217.ap-south-1-1.ec2.cloud.redislabs.com
    at GetAddrInfoReqWrap.onlookupall [as oncomplete] (node:dns:122:26) | {"errno":-3008,"code":"ENOTFOUND","syscall":"getaddrinfo","hostname":"redis-12559.crce217.ap-south-1-1.ec2.cloud.redislabs.com"}
2026-03-25 14:07:06 error: Error: getaddrinfo ENOTFOUND redis-12559.crce217.ap-south-1-1.ec2.cloud.redislabs.com
    at GetAddrInfoReqWrap.onlookupall [as oncomplete] (node:dns:122:26) | {"errno":-3008,"code":"ENOTFOUND","syscall":"getaddrinfo","hostname":"redis-12559.crce217.ap-south-1-1.ec2.cloud.redislabs.com"}
2026-03-25 14:07:09 error: Error: getaddrinfo ENOTFOUND redis-12559.crce217.ap-south-1-1.ec2.cloud.redislabs.com
    at GetAddrInfoReqWrap.onlookupall [as oncomplete] (node:dns:122:26) | {"errno":-3008,"code":"ENOTFOUND","syscall":"getaddrinfo","hostname":"redis-12559.crce217.ap-south-1-1.ec2.cloud.redislabs.com"}
2026-03-25 14:07:11 error: Error: getaddrinfo ENOTFOUND redis-12559.crce217.ap-south-1-1.ec2.cloud.redislabs.com
    at GetAddrInfoReqWrap.onlookupall [as oncomplete] (node:dns:122:26) | {"errno":-3008,"code":"ENOTFOUND","syscall":"getaddrinfo","hostname":"redis-12559.crce217.ap-south-1-1.ec2.cloud.redislabs.com"}
2026-03-25 17:07:48 error: Error: read ECONNRESET
    at TCP.onStreamRead (node:internal/stream_base_commons:216:20) | {"errno":-4077,"code":"ECONNRESET","syscall":"read"}
2026-03-25 19:42:14 error: Error: read ECONNRESET
    at TCP.onStreamRead (node:internal/stream_base_commons:216:20) | {"errno":-4077,"code":"ECONNRESET","syscall":"read"}
2026-03-25 19:57:46 error: Error: read ECONNRESET
    at TCP.onStreamRead (node:internal/stream_base_commons:216:20) | {"errno":-4077,"code":"ECONNRESET","syscall":"read"}
2026-03-25 19:57:52 error: Error: Connection timeout
    at Socket.onTimeout (C:\Users\User\Desktop\completed\week23\myaro\server\node_modules\@redis\client\lib\client\socket.ts:265:40)
    at Object.onceWrapper (node:events:622:28)
    at Socket.emit (node:events:508:28)
    at Socket._onTimeout (node:net:604:8)
    at listOnTimeout (node:internal/timers:605:17)
    at processTimers (node:internal/timers:541:7)
2026-03-25 19:57:57 error: Error: Connection timeout
    at Socket.onTimeout (C:\Users\User\Desktop\completed\week23\myaro\server\node_modules\@redis\client\lib\client\socket.ts:265:40)
    at Object.onceWrapper (node:events:622:28)
    at Socket.emit (node:events:508:28)
    at Socket._onTimeout (node:net:604:8)
    at listOnTimeout (node:internal/timers:605:17)
    at processTimers (node:internal/timers:541:7)
2026-03-25 19:58:02 error: Error: Connection timeout
    at Socket.onTimeout (C:\Users\User\Desktop\completed\week23\myaro\server\node_modules\@redis\client\lib\client\socket.ts:265:40)
    at Object.onceWrapper (node:events:622:28)
    at Socket.emit (node:events:508:28)
    at Socket._onTimeout (node:net:604:8)
    at listOnTimeout (node:internal/timers:605:17)
    at processTimers (node:internal/timers:541:7)
2026-03-25 19:58:07 error: Error: Connection timeout
    at Socket.onTimeout (C:\Users\User\Desktop\completed\week23\myaro\server\node_modules\@redis\client\lib\client\socket.ts:265:40)
    at Object.onceWrapper (node:events:622:28)
    at Socket.emit (node:events:508:28)
    at Socket._onTimeout (node:net:604:8)
    at listOnTimeout (node:internal/timers:605:17)
    at processTimers (node:internal/timers:541:7)
2026-03-25 19:58:09 error: Error: getaddrinfo ENOTFOUND redis-12559.crce217.ap-south-1-1.ec2.cloud.redislabs.com
    at GetAddrInfoReqWrap.onlookupall [as oncomplete] (node:dns:122:26) | {"errno":-3008,"code":"ENOTFOUND","syscall":"getaddrinfo","hostname":"redis-12559.crce217.ap-south-1-1.ec2.cloud.redislabs.com"}
2026-03-25 19:58:10 error: Error: getaddrinfo ENOTFOUND redis-12559.crce217.ap-south-1-1.ec2.cloud.redislabs.com
    at GetAddrInfoReqWrap.onlookupall [as oncomplete] (node:dns:122:26) | {"errno":-3008,"code":"ENOTFOUND","syscall":"getaddrinfo","hostname":"redis-12559.crce217.ap-south-1-1.ec2.cloud.redislabs.com"}
2026-03-25 19:58:11 error: Error: getaddrinfo ENOTFOUND redis-12559.crce217.ap-south-1-1.ec2.cloud.redislabs.com
    at GetAddrInfoReqWrap.onlookupall [as oncomplete] (node:dns:122:26) | {"errno":-3008,"code":"ENOTFOUND","syscall":"getaddrinfo","hostname":"redis-12559.crce217.ap-south-1-1.ec2.cloud.redislabs.com"}
2026-03-25 19:58:14 error: Error: getaddrinfo ENOTFOUND redis-12559.crce217.ap-south-1-1.ec2.cloud.redislabs.com
    at GetAddrInfoReqWrap.onlookupall [as oncomplete] (node:dns:122:26) | {"errno":-3008,"code":"ENOTFOUND","syscall":"getaddrinfo","hostname":"redis-12559.crce217.ap-south-1-1.ec2.cloud.redislabs.com"}
2026-03-25 19:58:16 error: Error: getaddrinfo ENOTFOUND redis-12559.crce217.ap-south-1-1.ec2.cloud.redislabs.com
    at GetAddrInfoReqWrap.onlookupall [as oncomplete] (node:dns:122:26) | {"errno":-3008,"code":"ENOTFOUND","syscall":"getaddrinfo","hostname":"redis-12559.crce217.ap-south-1-1.ec2.cloud.redislabs.com"}
2026-03-25 19:58:18 error: Error: getaddrinfo ENOTFOUND redis-12559.crce217.ap-south-1-1.ec2.cloud.redislabs.com
    at GetAddrInfoReqWrap.onlookupall [as oncomplete] (node:dns:122:26) | {"errno":-3008,"code":"ENOTFOUND","syscall":"getaddrinfo","hostname":"redis-12559.crce217.ap-south-1-1.ec2.cloud.redislabs.com"}
2026-03-25 19:58:20 error: Error: getaddrinfo ENOTFOUND redis-12559.crce217.ap-south-1-1.ec2.cloud.redislabs.com
    at GetAddrInfoReqWrap.onlookupall [as oncomplete] (node:dns:122:26) | {"errno":-3008,"code":"ENOTFOUND","syscall":"getaddrinfo","hostname":"redis-12559.crce217.ap-south-1-1.ec2.cloud.redislabs.com"}
2026-03-25 19:58:32 error: Error: read ECONNRESET
    at TCP.onStreamRead (node:internal/stream_base_commons:216:20) | {"errno":-4077,"code":"ECONNRESET","syscall":"read"}
2026-03-25 19:58:32 error: Error: getaddrinfo ENOTFOUND redis-12559.crce217.ap-south-1-1.ec2.cloud.redislabs.com
    at GetAddrInfoReqWrap.onlookupall [as oncomplete] (node:dns:122:26) | {"errno":-3008,"code":"ENOTFOUND","syscall":"getaddrinfo","hostname":"redis-12559.crce217.ap-south-1-1.ec2.cloud.redislabs.com"}
2026-03-25 19:58:34 error: Error: getaddrinfo ENOTFOUND redis-12559.crce217.ap-south-1-1.ec2.cloud.redislabs.com
    at GetAddrInfoReqWrap.onlookupall [as oncomplete] (node:dns:122:26) | {"errno":-3008,"code":"ENOTFOUND","syscall":"getaddrinfo","hostname":"redis-12559.crce217.ap-south-1-1.ec2.cloud.redislabs.com"}
2026-03-25 20:59:14 error: Error: read ECONNRESET
    at TCP.onStreamRead (node:internal/stream_base_commons:216:20) | {"errno":-4077,"code":"ECONNRESET","syscall":"read"}
2026-03-25 20:59:15 error: Error: getaddrinfo ENOTFOUND redis-12559.crce217.ap-south-1-1.ec2.cloud.redislabs.com
    at GetAddrInfoReqWrap.onlookupall [as oncomplete] (node:dns:122:26) | {"errno":-3008,"code":"ENOTFOUND","syscall":"getaddrinfo","hostname":"redis-12559.crce217.ap-south-1-1.ec2.cloud.redislabs.com"}
2026-03-25 21:08:08 error: BSONError: input must be a 24 character hex string, 12 byte Uint8Array, or an integer
    at new ObjectId (C:\Users\User\Desktop\completed\week23\myaro\server\node_modules\bson\src\objectid.ts:120:15)
    at PostRepository.findByBeauticianIdWithCursor (C:\Users\User\Desktop\completed\week23\myaro\server\src\infrastructure\repositories\beautician\postRepository.ts:25:19)
    at GetBeauticianPostUseCase.execute (C:\Users\User\Desktop\completed\week23\myaro\server\src\application\usecases\beautician\post\getBeauticianPostUseCase.ts:18:53)
    at PostController.getBeauticianPost (C:\Users\User\Desktop\completed\week23\myaro\server\src\interface\Http\controllers\public\postController.ts:98:46)
    at Layer.handleRequest (C:\Users\User\Desktop\completed\week23\myaro\server\node_modules\router\lib\layer.js:152:17)
    at next (C:\Users\User\Desktop\completed\week23\myaro\server\node_modules\router\lib\route.js:157:13)
    at C:\Users\User\Desktop\completed\week23\myaro\server\src\interface\Http\middleware\authMiddleware.ts:115:7
    at processTicksAndRejections (node:internal/process/task_queues:103:5)
2026-03-25 21:08:09 error: BSONError: input must be a 24 character hex string, 12 byte Uint8Array, or an integer
    at new ObjectId (C:\Users\User\Desktop\completed\week23\myaro\server\node_modules\bson\src\objectid.ts:120:15)
    at PostRepository.findByBeauticianIdWithCursor (C:\Users\User\Desktop\completed\week23\myaro\server\src\infrastructure\repositories\beautician\postRepository.ts:25:19)
    at GetBeauticianPostUseCase.execute (C:\Users\User\Desktop\completed\week23\myaro\server\src\application\usecases\beautician\post\getBeauticianPostUseCase.ts:18:53)
    at PostController.getBeauticianPost (C:\Users\User\Desktop\completed\week23\myaro\server\src\interface\Http\controllers\public\postController.ts:98:46)
    at Layer.handleRequest (C:\Users\User\Desktop\completed\week23\myaro\server\node_modules\router\lib\layer.js:152:17)
    at next (C:\Users\User\Desktop\completed\week23\myaro\server\node_modules\router\lib\route.js:157:13)
    at C:\Users\User\Desktop\completed\week23\myaro\server\src\interface\Http\middleware\authMiddleware.ts:115:7
    at processTicksAndRejections (node:internal/process/task_queues:103:5)
2026-03-25 21:08:18 error: BSONError: input must be a 24 character hex string, 12 byte Uint8Array, or an integer
    at new ObjectId (C:\Users\User\Desktop\completed\week23\myaro\server\node_modules\bson\src\objectid.ts:120:15)
    at PostRepository.findByBeauticianIdWithCursor (C:\Users\User\Desktop\completed\week23\myaro\server\src\infrastructure\repositories\beautician\postRepository.ts:25:19)
    at GetBeauticianPostUseCase.execute (C:\Users\User\Desktop\completed\week23\myaro\server\src\application\usecases\beautician\post\getBeauticianPostUseCase.ts:18:53)
    at PostController.getBeauticianPost (C:\Users\User\Desktop\completed\week23\myaro\server\src\interface\Http\controllers\public\postController.ts:98:46)
    at Layer.handleRequest (C:\Users\User\Desktop\completed\week23\myaro\server\node_modules\router\lib\layer.js:152:17)
    at next (C:\Users\User\Desktop\completed\week23\myaro\server\node_modules\router\lib\route.js:157:13)
    at C:\Users\User\Desktop\completed\week23\myaro\server\src\interface\Http\middleware\authMiddleware.ts:115:7
    at processTicksAndRejections (node:internal/process/task_queues:103:5)
2026-03-25 21:08:53 error: BSONError: input must be a 24 character hex string, 12 byte Uint8Array, or an integer
    at new ObjectId (C:\Users\User\Desktop\completed\week23\myaro\server\node_modules\bson\src\objectid.ts:120:15)
    at PostRepository.findByBeauticianIdWithCursor (C:\Users\User\Desktop\completed\week23\myaro\server\src\infrastructure\repositories\beautician\postRepository.ts:25:19)
    at GetBeauticianPostUseCase.execute (C:\Users\User\Desktop\completed\week23\myaro\server\src\application\usecases\beautician\post\getBeauticianPostUseCase.ts:18:53)
    at PostController.getBeauticianPost (C:\Users\User\Desktop\completed\week23\myaro\server\src\interface\Http\controllers\public\postController.ts:98:46)
    at Layer.handleRequest (C:\Users\User\Desktop\completed\week23\myaro\server\node_modules\router\lib\layer.js:152:17)
    at next (C:\Users\User\Desktop\completed\week23\myaro\server\node_modules\router\lib\route.js:157:13)
    at C:\Users\User\Desktop\completed\week23\myaro\server\src\interface\Http\middleware\authMiddleware.ts:115:7
    at processTicksAndRejections (node:internal/process/task_queues:103:5)
2026-03-25 21:26:21 error: Error: Connection timeout
    at Socket.onTimeout (C:\Users\User\Desktop\completed\week23\myaro\server\node_modules\@redis\client\lib\client\socket.ts:265:40)
    at Object.onceWrapper (node:events:622:28)
    at Socket.emit (node:events:508:28)
    at Socket._onTimeout (node:net:604:8)
    at listOnTimeout (node:internal/timers:605:17)
    at processTimers (node:internal/timers:541:7)
2026-03-25 21:26:59 error: Error: read ECONNRESET
    at TCP.onStreamRead (node:internal/stream_base_commons:216:20) | {"errno":-4077,"code":"ECONNRESET","syscall":"read"}
2026-03-25 21:27:04 error: Error: Connection timeout
    at Socket.onTimeout (C:\Users\User\Desktop\completed\week23\myaro\server\node_modules\@redis\client\lib\client\socket.ts:265:40)
    at Object.onceWrapper (node:events:622:28)
    at Socket.emit (node:events:508:28)
    at Socket._onTimeout (node:net:604:8)
    at listOnTimeout (node:internal/timers:605:17)
    at processTimers (node:internal/timers:541:7)
2026-03-25 21:28:02 error: BSONError: input must be a 24 character hex string, 12 byte Uint8Array, or an integer
    at new ObjectId (C:\Users\User\Desktop\completed\week23\myaro\server\node_modules\bson\src\objectid.ts:120:15)
    at PostRepository.findByBeauticianIdWithCursor (C:\Users\User\Desktop\completed\week23\myaro\server\src\infrastructure\repositories\beautician\postRepository.ts:25:19)
    at GetBeauticianPostUseCase.execute (C:\Users\User\Desktop\completed\week23\myaro\server\src\application\usecases\beautician\post\getBeauticianPostUseCase.ts:18:53)
    at PostController.getBeauticianPost (C:\Users\User\Desktop\completed\week23\myaro\server\src\interface\Http\controllers\public\postController.ts:98:46)
    at Layer.handleRequest (C:\Users\User\Desktop\completed\week23\myaro\server\node_modules\router\lib\layer.js:152:17)
    at next (C:\Users\User\Desktop\completed\week23\myaro\server\node_modules\router\lib\route.js:157:13)
    at C:\Users\User\Desktop\completed\week23\myaro\server\src\interface\Http\middleware\authMiddleware.ts:115:7
    at processTicksAndRejections (node:internal/process/task_queues:103:5)
2026-03-25 21:29:11 error: BSONError: input must be a 24 character hex string, 12 byte Uint8Array, or an integer
    at new ObjectId (C:\Users\User\Desktop\completed\week23\myaro\server\node_modules\bson\src\objectid.ts:120:15)
    at PostRepository.findByBeauticianIdWithCursor (C:\Users\User\Desktop\completed\week23\myaro\server\src\infrastructure\repositories\beautician\postRepository.ts:25:19)
    at GetBeauticianPostUseCase.execute (C:\Users\User\Desktop\completed\week23\myaro\server\src\application\usecases\beautician\post\getBeauticianPostUseCase.ts:18:53)
    at PostController.getBeauticianPostForUser (C:\Users\User\Desktop\completed\week23\myaro\server\src\interface\Http\controllers\public\postController.ts:121:46)
    at Layer.handleRequest (C:\Users\User\Desktop\completed\week23\myaro\server\node_modules\router\lib\layer.js:152:17)
    at next (C:\Users\User\Desktop\completed\week23\myaro\server\node_modules\router\lib\route.js:157:13)
    at C:\Users\User\Desktop\completed\week23\myaro\server\src\interface\Http\middleware\authMiddleware.ts:115:7
    at processTicksAndRejections (node:internal/process/task_queues:103:5)
2026-03-25 21:30:14 error: BSONError: input must be a 24 character hex string, 12 byte Uint8Array, or an integer
    at new ObjectId (C:\Users\User\Desktop\completed\week23\myaro\server\node_modules\bson\src\objectid.ts:120:15)
    at PostRepository.findByBeauticianIdWithCursor (C:\Users\User\Desktop\completed\week23\myaro\server\src\infrastructure\repositories\beautician\postRepository.ts:25:19)
    at GetBeauticianPostUseCase.execute (C:\Users\User\Desktop\completed\week23\myaro\server\src\application\usecases\beautician\post\getBeauticianPostUseCase.ts:18:53)
    at PostController.getBeauticianPostForUser (C:\Users\User\Desktop\completed\week23\myaro\server\src\interface\Http\controllers\public\postController.ts:121:46)
    at Layer.handleRequest (C:\Users\User\Desktop\completed\week23\myaro\server\node_modules\router\lib\layer.js:152:17)
    at next (C:\Users\User\Desktop\completed\week23\myaro\server\node_modules\router\lib\route.js:157:13)
    at C:\Users\User\Desktop\completed\week23\myaro\server\src\interface\Http\middleware\authMiddleware.ts:115:7
    at processTicksAndRejections (node:internal/process/task_queues:103:5)
2026-03-25 21:35:35 error: BSONError: input must be a 24 character hex string, 12 byte Uint8Array, or an integer
    at new ObjectId (C:\Users\User\Desktop\completed\week23\myaro\server\node_modules\bson\src\objectid.ts:120:15)
    at PostRepository.findByBeauticianIdWithCursor (C:\Users\User\Desktop\completed\week23\myaro\server\src\infrastructure\repositories\beautician\postRepository.ts:25:19)
    at GetBeauticianPostUseCase.execute (C:\Users\User\Desktop\completed\week23\myaro\server\src\application\usecases\beautician\post\getBeauticianPostUseCase.ts:18:53)
    at PostController.getBeauticianPostForUser (C:\Users\User\Desktop\completed\week23\myaro\server\src\interface\Http\controllers\public\postController.ts:122:46)
    at Layer.handleRequest (C:\Users\User\Desktop\completed\week23\myaro\server\node_modules\router\lib\layer.js:152:17)
    at next (C:\Users\User\Desktop\completed\week23\myaro\server\node_modules\router\lib\route.js:157:13)
    at C:\Users\User\Desktop\completed\week23\myaro\server\src\interface\Http\middleware\authMiddleware.ts:115:7
    at processTicksAndRejections (node:internal/process/task_queues:103:5)
2026-03-25 21:41:39 error: Error: read ECONNRESET
    at TCP.onStreamRead (node:internal/stream_base_commons:216:20) | {"errno":-4077,"code":"ECONNRESET","syscall":"read"}
2026-03-25 21:41:40 error: Error: getaddrinfo ENOTFOUND redis-12559.crce217.ap-south-1-1.ec2.cloud.redislabs.com
    at GetAddrInfoReqWrap.onlookupall [as oncomplete] (node:dns:122:26) | {"errno":-3008,"code":"ENOTFOUND","syscall":"getaddrinfo","hostname":"redis-12559.crce217.ap-south-1-1.ec2.cloud.redislabs.com"}
2026-03-25 21:42:14 error: Error: read ECONNRESET
    at TCP.onStreamRead (node:internal/stream_base_commons:216:20) | {"errno":-4077,"code":"ECONNRESET","syscall":"read"}
2026-03-25 21:58:31 error: Error: read ECONNRESET
    at TCP.onStreamRead (node:internal/stream_base_commons:216:20) | {"errno":-4077,"code":"ECONNRESET","syscall":"read"}
2026-03-25 21:58:36 error: Error: Connection timeout
    at Socket.onTimeout (C:\Users\User\Desktop\completed\week23\myaro\server\node_modules\@redis\client\lib\client\socket.ts:265:40)
    at Object.onceWrapper (node:events:622:28)
    at Socket.emit (node:events:508:28)
    at Socket._onTimeout (node:net:604:8)
    at listOnTimeout (node:internal/timers:605:17)
    at processTimers (node:internal/timers:541:7)
2026-03-25 21:58:41 error: Error: Connection timeout
    at Socket.onTimeout (C:\Users\User\Desktop\completed\week23\myaro\server\node_modules\@redis\client\lib\client\socket.ts:265:40)
    at Object.onceWrapper (node:events:622:28)
    at Socket.emit (node:events:508:28)
    at Socket._onTimeout (node:net:604:8)
    at listOnTimeout (node:internal/timers:605:17)
    at processTimers (node:internal/timers:541:7)
2026-03-25 21:58:46 error: Error: Connection timeout
    at Socket.onTimeout (C:\Users\User\Desktop\completed\week23\myaro\server\node_modules\@redis\client\lib\client\socket.ts:265:40)
    at Object.onceWrapper (node:events:622:28)
    at Socket.emit (node:events:508:28)
    at Socket._onTimeout (node:net:604:8)
    at listOnTimeout (node:internal/timers:605:17)
    at processTimers (node:internal/timers:541:7)
2026-03-25 21:58:51 error: Error: Connection timeout
    at Socket.onTimeout (C:\Users\User\Desktop\completed\week23\myaro\server\node_modules\@redis\client\lib\client\socket.ts:265:40)
    at Object.onceWrapper (node:events:622:28)
    at Socket.emit (node:events:508:28)
    at Socket._onTimeout (node:net:604:8)
    at listOnTimeout (node:internal/timers:605:17)
    at processTimers (node:internal/timers:541:7)
2026-03-25 21:58:57 error: Error: Connection timeout
    at Socket.onTimeout (C:\Users\User\Desktop\completed\week23\myaro\server\node_modules\@redis\client\lib\client\socket.ts:265:40)
    at Object.onceWrapper (node:events:622:28)
    at Socket.emit (node:events:508:28)
    at Socket._onTimeout (node:net:604:8)
    at listOnTimeout (node:internal/timers:605:17)
    at processTimers (node:internal/timers:541:7)
2026-03-25 22:08:01 error: Error: read ECONNRESET
    at TCP.onStreamRead (node:internal/stream_base_commons:216:20) | {"errno":-4077,"code":"ECONNRESET","syscall":"read"}
2026-03-25 22:11:04 error: Error: read ECONNRESET
    at TCP.onStreamRead (node:internal/stream_base_commons:216:20) | {"errno":-4077,"code":"ECONNRESET","syscall":"read"}
2026-03-25 22:11:09 error: Error: Connection timeout
    at Socket.onTimeout (C:\Users\User\Desktop\completed\week23\myaro\server\node_modules\@redis\client\lib\client\socket.ts:265:40)
    at Object.onceWrapper (node:events:622:28)
    at Socket.emit (node:events:508:28)
    at Socket._onTimeout (node:net:604:8)
    at listOnTimeout (node:internal/timers:605:17)
    at processTimers (node:internal/timers:541:7)
2026-03-25 22:11:14 error: Error: Connection timeout
    at Socket.onTimeout (C:\Users\User\Desktop\completed\week23\myaro\server\node_modules\@redis\client\lib\client\socket.ts:265:40)
    at Object.onceWrapper (node:events:622:28)
    at Socket.emit (node:events:508:28)
    at Socket._onTimeout (node:net:604:8)
    at listOnTimeout (node:internal/timers:605:17)
    at processTimers (node:internal/timers:541:7)
2026-03-25 22:11:19 error: Error: Connection timeout
    at Socket.onTimeout (C:\Users\User\Desktop\completed\week23\myaro\server\node_modules\@redis\client\lib\client\socket.ts:265:40)
    at Object.onceWrapper (node:events:622:28)
    at Socket.emit (node:events:508:28)
    at Socket._onTimeout (node:net:604:8)
    at listOnTimeout (node:internal/timers:605:17)
    at processTimers (node:internal/timers:541:7)
2026-03-25 22:13:47 error: Error: read ECONNRESET
    at TCP.onStreamRead (node:internal/stream_base_commons:216:20) | {"errno":-4077,"code":"ECONNRESET","syscall":"read"}
2026-03-25 22:13:52 error: Error: Connection timeout
    at Socket.onTimeout (C:\Users\User\Desktop\completed\week23\myaro\server\node_modules\@redis\client\lib\client\socket.ts:265:40)
    at Object.onceWrapper (node:events:622:28)
    at Socket.emit (node:events:508:28)
    at Socket._onTimeout (node:net:604:8)
    at listOnTimeout (node:internal/timers:605:17)
    at processTimers (node:internal/timers:541:7)
