2026-01-21 06:59:02 error: Error: read ECONNRESET
    at TCP.onStreamRead (node:internal/stream_base_commons:218:20) | {"errno":-4077,"code":"ECONNRESET","syscall":"read"}
2026-01-21 06:59:07 error: Error: Connection timeout
    at Socket.onTimeout (C:\Users\User\Desktop\week23\myaro\server\node_modules\@redis\client\lib\client\socket.ts:265:40)
    at Object.onceWrapper (node:events:633:28)
    at Socket.emit (node:events:519:28)
    at Socket._onTimeout (node:net:591:8)
    at listOnTimeout (node:internal/timers:581:17)
    at processTimers (node:internal/timers:519:7)
2026-01-21 06:59:13 error: Error: Connection timeout
    at Socket.onTimeout (C:\Users\User\Desktop\week23\myaro\server\node_modules\@redis\client\lib\client\socket.ts:265:40)
    at Object.onceWrapper (node:events:633:28)
    at Socket.emit (node:events:519:28)
    at Socket._onTimeout (node:net:591:8)
    at listOnTimeout (node:internal/timers:581:17)
    at processTimers (node:internal/timers:519:7)
2026-01-21 06:59:14 error: Error: getaddrinfo ENOTFOUND redis-18482.crce182.ap-south-1-1.ec2.cloud.redislabs.com
    at GetAddrInfoReqWrap.onlookupall [as oncomplete] (node:dns:120:26) | {"errno":-3008,"code":"ENOTFOUND","syscall":"getaddrinfo","hostname":"redis-18482.crce182.ap-south-1-1.ec2.cloud.redislabs.com"}
2026-01-21 06:59:19 error: Error: Connection timeout
    at Socket.onTimeout (C:\Users\User\Desktop\week23\myaro\server\node_modules\@redis\client\lib\client\socket.ts:265:40)
    at Object.onceWrapper (node:events:633:28)
    at Socket.emit (node:events:519:28)
    at Socket._onTimeout (node:net:591:8)
    at listOnTimeout (node:internal/timers:581:17)
    at processTimers (node:internal/timers:519:7)
2026-01-21 06:59:24 error: Error: Connection timeout
    at Socket.onTimeout (C:\Users\User\Desktop\week23\myaro\server\node_modules\@redis\client\lib\client\socket.ts:265:40)
    at Object.onceWrapper (node:events:633:28)
    at Socket.emit (node:events:519:28)
    at Socket._onTimeout (node:net:591:8)
    at listOnTimeout (node:internal/timers:581:17)
    at processTimers (node:internal/timers:519:7)
2026-01-21 06:59:25 error: Error: getaddrinfo ENOTFOUND redis-18482.crce182.ap-south-1-1.ec2.cloud.redislabs.com
    at GetAddrInfoReqWrap.onlookupall [as oncomplete] (node:dns:120:26) | {"errno":-3008,"code":"ENOTFOUND","syscall":"getaddrinfo","hostname":"redis-18482.crce182.ap-south-1-1.ec2.cloud.redislabs.com"}
2026-01-21 06:59:27 error: Error: getaddrinfo ENOTFOUND redis-18482.crce182.ap-south-1-1.ec2.cloud.redislabs.com
    at GetAddrInfoReqWrap.onlookupall [as oncomplete] (node:dns:120:26) | {"errno":-3008,"code":"ENOTFOUND","syscall":"getaddrinfo","hostname":"redis-18482.crce182.ap-south-1-1.ec2.cloud.redislabs.com"}
2026-01-21 06:59:29 error: Error: getaddrinfo ENOTFOUND redis-18482.crce182.ap-south-1-1.ec2.cloud.redislabs.com
    at GetAddrInfoReqWrap.onlookupall [as oncomplete] (node:dns:120:26) | {"errno":-3008,"code":"ENOTFOUND","syscall":"getaddrinfo","hostname":"redis-18482.crce182.ap-south-1-1.ec2.cloud.redislabs.com"}
2026-01-21 06:59:31 error: Error: getaddrinfo ENOTFOUND redis-18482.crce182.ap-south-1-1.ec2.cloud.redislabs.com
    at GetAddrInfoReqWrap.onlookupall [as oncomplete] (node:dns:120:26) | {"errno":-3008,"code":"ENOTFOUND","syscall":"getaddrinfo","hostname":"redis-18482.crce182.ap-south-1-1.ec2.cloud.redislabs.com"}
2026-01-21 06:59:33 error: Error: getaddrinfo ENOTFOUND redis-18482.crce182.ap-south-1-1.ec2.cloud.redislabs.com
    at GetAddrInfoReqWrap.onlookupall [as oncomplete] (node:dns:120:26) | {"errno":-3008,"code":"ENOTFOUND","syscall":"getaddrinfo","hostname":"redis-18482.crce182.ap-south-1-1.ec2.cloud.redislabs.com"}
2026-01-21 06:59:35 error: Error: getaddrinfo ENOTFOUND redis-18482.crce182.ap-south-1-1.ec2.cloud.redislabs.com
    at GetAddrInfoReqWrap.onlookupall [as oncomplete] (node:dns:120:26) | {"errno":-3008,"code":"ENOTFOUND","syscall":"getaddrinfo","hostname":"redis-18482.crce182.ap-south-1-1.ec2.cloud.redislabs.com"}
2026-01-21 06:59:38 error: Error: getaddrinfo ENOTFOUND redis-18482.crce182.ap-south-1-1.ec2.cloud.redislabs.com
    at GetAddrInfoReqWrap.onlookupall [as oncomplete] (node:dns:120:26) | {"errno":-3008,"code":"ENOTFOUND","syscall":"getaddrinfo","hostname":"redis-18482.crce182.ap-south-1-1.ec2.cloud.redislabs.com"}
2026-01-21 06:59:40 error: Error: getaddrinfo ENOTFOUND redis-18482.crce182.ap-south-1-1.ec2.cloud.redislabs.com
    at GetAddrInfoReqWrap.onlookupall [as oncomplete] (node:dns:120:26) | {"errno":-3008,"code":"ENOTFOUND","syscall":"getaddrinfo","hostname":"redis-18482.crce182.ap-south-1-1.ec2.cloud.redislabs.com"}
2026-01-21 07:00:08 error: Error: read ECONNRESET
    at TCP.onStreamRead (node:internal/stream_base_commons:218:20) | {"errno":-4077,"code":"ECONNRESET","syscall":"read"}
2026-01-21 07:00:13 error: Error: Connection timeout
    at Socket.onTimeout (C:\Users\User\Desktop\week23\myaro\server\node_modules\@redis\client\lib\client\socket.ts:265:40)
    at Object.onceWrapper (node:events:633:28)
    at Socket.emit (node:events:519:28)
    at Socket._onTimeout (node:net:591:8)
    at listOnTimeout (node:internal/timers:581:17)
    at processTimers (node:internal/timers:519:7)
2026-01-21 07:00:18 error: Error: Connection timeout
    at Socket.onTimeout (C:\Users\User\Desktop\week23\myaro\server\node_modules\@redis\client\lib\client\socket.ts:265:40)
    at Object.onceWrapper (node:events:633:28)
    at Socket.emit (node:events:519:28)
    at Socket._onTimeout (node:net:591:8)
    at listOnTimeout (node:internal/timers:581:17)
    at processTimers (node:internal/timers:519:7)
2026-01-21 07:50:10 error: Error: read ECONNRESET
    at TCP.onStreamRead (node:internal/stream_base_commons:218:20) | {"errno":-4077,"code":"ECONNRESET","syscall":"read"}
2026-01-21 08:13:04 error: Error: read ECONNRESET
    at TCP.onStreamRead (node:internal/stream_base_commons:218:20) | {"errno":-4077,"code":"ECONNRESET","syscall":"read"}
2026-01-21 08:13:09 error: Error: Connection timeout
    at Socket.onTimeout (C:\Users\User\Desktop\week23\myaro\server\node_modules\@redis\client\lib\client\socket.ts:265:40)
    at Object.onceWrapper (node:events:633:28)
    at Socket.emit (node:events:519:28)
    at Socket._onTimeout (node:net:591:8)
    at listOnTimeout (node:internal/timers:581:17)
    at processTimers (node:internal/timers:519:7)
2026-01-21 08:19:15 error: Error: read ECONNRESET
    at TCP.onStreamRead (node:internal/stream_base_commons:218:20) | {"errno":-4077,"code":"ECONNRESET","syscall":"read"}
2026-01-21 08:19:20 error: Error: Connection timeout
    at Socket.onTimeout (C:\Users\User\Desktop\week23\myaro\server\node_modules\@redis\client\lib\client\socket.ts:265:40)
    at Object.onceWrapper (node:events:633:28)
    at Socket.emit (node:events:519:28)
    at Socket._onTimeout (node:net:591:8)
    at listOnTimeout (node:internal/timers:581:17)
    at processTimers (node:internal/timers:519:7)
2026-01-21 08:19:25 error: Error: Connection timeout
    at Socket.onTimeout (C:\Users\User\Desktop\week23\myaro\server\node_modules\@redis\client\lib\client\socket.ts:265:40)
    at Object.onceWrapper (node:events:633:28)
    at Socket.emit (node:events:519:28)
    at Socket._onTimeout (node:net:591:8)
    at listOnTimeout (node:internal/timers:581:17)
    at processTimers (node:internal/timers:519:7)
2026-01-21 08:19:31 error: Error: Connection timeout
    at Socket.onTimeout (C:\Users\User\Desktop\week23\myaro\server\node_modules\@redis\client\lib\client\socket.ts:265:40)
    at Object.onceWrapper (node:events:633:28)
    at Socket.emit (node:events:519:28)
    at Socket._onTimeout (node:net:591:8)
    at listOnTimeout (node:internal/timers:581:17)
    at processTimers (node:internal/timers:519:7)
2026-01-21 08:19:36 error: Error: Connection timeout
    at Socket.onTimeout (C:\Users\User\Desktop\week23\myaro\server\node_modules\@redis\client\lib\client\socket.ts:265:40)
    at Object.onceWrapper (node:events:633:28)
    at Socket.emit (node:events:519:28)
    at Socket._onTimeout (node:net:591:8)
    at listOnTimeout (node:internal/timers:581:17)
    at processTimers (node:internal/timers:519:7)
2026-01-21 09:52:57 error: Error: read ECONNRESET
    at TCP.onStreamRead (node:internal/stream_base_commons:218:20) | {"errno":-4077,"code":"ECONNRESET","syscall":"read"}
2026-01-21 09:52:57 error: Error: getaddrinfo ENOTFOUND redis-18482.crce182.ap-south-1-1.ec2.cloud.redislabs.com
    at GetAddrInfoReqWrap.onlookupall [as oncomplete] (node:dns:120:26) | {"errno":-3008,"code":"ENOTFOUND","syscall":"getaddrinfo","hostname":"redis-18482.crce182.ap-south-1-1.ec2.cloud.redislabs.com"}
2026-01-21 09:52:59 error: Error: getaddrinfo ENOTFOUND redis-18482.crce182.ap-south-1-1.ec2.cloud.redislabs.com
    at GetAddrInfoReqWrap.onlookupall [as oncomplete] (node:dns:120:26) | {"errno":-3008,"code":"ENOTFOUND","syscall":"getaddrinfo","hostname":"redis-18482.crce182.ap-south-1-1.ec2.cloud.redislabs.com"}
2026-01-21 09:53:00 error: Error: getaddrinfo ENOTFOUND redis-18482.crce182.ap-south-1-1.ec2.cloud.redislabs.com
    at GetAddrInfoReqWrap.onlookupall [as oncomplete] (node:dns:120:26) | {"errno":-3008,"code":"ENOTFOUND","syscall":"getaddrinfo","hostname":"redis-18482.crce182.ap-south-1-1.ec2.cloud.redislabs.com"}
2026-01-21 09:53:01 error: Error: getaddrinfo ENOTFOUND redis-18482.crce182.ap-south-1-1.ec2.cloud.redislabs.com
    at GetAddrInfoReqWrap.onlookupall [as oncomplete] (node:dns:120:26) | {"errno":-3008,"code":"ENOTFOUND","syscall":"getaddrinfo","hostname":"redis-18482.crce182.ap-south-1-1.ec2.cloud.redislabs.com"}
2026-01-21 09:53:32 error: Error: read ECONNRESET
    at TCP.onStreamRead (node:internal/stream_base_commons:218:20) | {"errno":-4077,"code":"ECONNRESET","syscall":"read"}
2026-01-21 09:53:37 error: Error: Connection timeout
    at Socket.onTimeout (C:\Users\User\Desktop\week23\myaro\server\node_modules\@redis\client\lib\client\socket.ts:265:40)
    at Object.onceWrapper (node:events:633:28)
    at Socket.emit (node:events:519:28)
    at Socket._onTimeout (node:net:591:8)
    at listOnTimeout (node:internal/timers:581:17)
    at processTimers (node:internal/timers:519:7)
2026-01-21 09:53:43 error: Error: Connection timeout
    at Socket.onTimeout (C:\Users\User\Desktop\week23\myaro\server\node_modules\@redis\client\lib\client\socket.ts:265:40)
    at Object.onceWrapper (node:events:633:28)
    at Socket.emit (node:events:519:28)
    at Socket._onTimeout (node:net:591:8)
    at listOnTimeout (node:internal/timers:581:17)
    at processTimers (node:internal/timers:519:7)
2026-01-21 09:53:44 error: Error: getaddrinfo ENOTFOUND redis-18482.crce182.ap-south-1-1.ec2.cloud.redislabs.com
    at GetAddrInfoReqWrap.onlookupall [as oncomplete] (node:dns:120:26) | {"errno":-3008,"code":"ENOTFOUND","syscall":"getaddrinfo","hostname":"redis-18482.crce182.ap-south-1-1.ec2.cloud.redislabs.com"}
2026-01-21 09:53:45 error: Error: getaddrinfo ENOTFOUND redis-18482.crce182.ap-south-1-1.ec2.cloud.redislabs.com
    at GetAddrInfoReqWrap.onlookupall [as oncomplete] (node:dns:120:26) | {"errno":-3008,"code":"ENOTFOUND","syscall":"getaddrinfo","hostname":"redis-18482.crce182.ap-south-1-1.ec2.cloud.redislabs.com"}
2026-01-21 09:53:45 error: Error: getaddrinfo ENOTFOUND redis-18482.crce182.ap-south-1-1.ec2.cloud.redislabs.com
    at GetAddrInfoReqWrap.onlookupall [as oncomplete] (node:dns:120:26) | {"errno":-3008,"code":"ENOTFOUND","syscall":"getaddrinfo","hostname":"redis-18482.crce182.ap-south-1-1.ec2.cloud.redislabs.com"}
2026-01-21 09:53:46 error: Error: getaddrinfo ENOTFOUND redis-18482.crce182.ap-south-1-1.ec2.cloud.redislabs.com
    at GetAddrInfoReqWrap.onlookupall [as oncomplete] (node:dns:120:26) | {"errno":-3008,"code":"ENOTFOUND","syscall":"getaddrinfo","hostname":"redis-18482.crce182.ap-south-1-1.ec2.cloud.redislabs.com"}
2026-01-21 09:53:48 error: Error: getaddrinfo ENOTFOUND redis-18482.crce182.ap-south-1-1.ec2.cloud.redislabs.com
    at GetAddrInfoReqWrap.onlookupall [as oncomplete] (node:dns:120:26) | {"errno":-3008,"code":"ENOTFOUND","syscall":"getaddrinfo","hostname":"redis-18482.crce182.ap-south-1-1.ec2.cloud.redislabs.com"}
2026-01-21 09:53:50 error: Error: getaddrinfo ENOTFOUND redis-18482.crce182.ap-south-1-1.ec2.cloud.redislabs.com
    at GetAddrInfoReqWrap.onlookupall [as oncomplete] (node:dns:120:26) | {"errno":-3008,"code":"ENOTFOUND","syscall":"getaddrinfo","hostname":"redis-18482.crce182.ap-south-1-1.ec2.cloud.redislabs.com"}
2026-01-21 09:53:52 error: Error: getaddrinfo ENOTFOUND redis-18482.crce182.ap-south-1-1.ec2.cloud.redislabs.com
    at GetAddrInfoReqWrap.onlookupall [as oncomplete] (node:dns:120:26) | {"errno":-3008,"code":"ENOTFOUND","syscall":"getaddrinfo","hostname":"redis-18482.crce182.ap-south-1-1.ec2.cloud.redislabs.com"}
2026-01-21 09:53:54 error: Error: getaddrinfo ENOTFOUND redis-18482.crce182.ap-south-1-1.ec2.cloud.redislabs.com
    at GetAddrInfoReqWrap.onlookupall [as oncomplete] (node:dns:120:26) | {"errno":-3008,"code":"ENOTFOUND","syscall":"getaddrinfo","hostname":"redis-18482.crce182.ap-south-1-1.ec2.cloud.redislabs.com"}
2026-01-21 09:53:56 error: Error: getaddrinfo ENOTFOUND redis-18482.crce182.ap-south-1-1.ec2.cloud.redislabs.com
    at GetAddrInfoReqWrap.onlookupall [as oncomplete] (node:dns:120:26) | {"errno":-3008,"code":"ENOTFOUND","syscall":"getaddrinfo","hostname":"redis-18482.crce182.ap-south-1-1.ec2.cloud.redislabs.com"}
2026-01-21 09:53:58 error: Error: getaddrinfo ENOTFOUND redis-18482.crce182.ap-south-1-1.ec2.cloud.redislabs.com
    at GetAddrInfoReqWrap.onlookupall [as oncomplete] (node:dns:120:26) | {"errno":-3008,"code":"ENOTFOUND","syscall":"getaddrinfo","hostname":"redis-18482.crce182.ap-south-1-1.ec2.cloud.redislabs.com"}
2026-01-21 09:54:00 error: Error: getaddrinfo ENOTFOUND redis-18482.crce182.ap-south-1-1.ec2.cloud.redislabs.com
    at GetAddrInfoReqWrap.onlookupall [as oncomplete] (node:dns:120:26) | {"errno":-3008,"code":"ENOTFOUND","syscall":"getaddrinfo","hostname":"redis-18482.crce182.ap-south-1-1.ec2.cloud.redislabs.com"}
2026-01-21 09:54:22 error: Error: read ECONNRESET
    at TCP.onStreamRead (node:internal/stream_base_commons:218:20) | {"errno":-4077,"code":"ECONNRESET","syscall":"read"}
2026-01-21 09:54:22 error: Error: getaddrinfo ENOTFOUND redis-18482.crce182.ap-south-1-1.ec2.cloud.redislabs.com
    at GetAddrInfoReqWrap.onlookupall [as oncomplete] (node:dns:120:26) | {"errno":-3008,"code":"ENOTFOUND","syscall":"getaddrinfo","hostname":"redis-18482.crce182.ap-south-1-1.ec2.cloud.redislabs.com"}
2026-01-21 09:54:23 error: Error: getaddrinfo ENOTFOUND redis-18482.crce182.ap-south-1-1.ec2.cloud.redislabs.com
    at GetAddrInfoReqWrap.onlookupall [as oncomplete] (node:dns:120:26) | {"errno":-3008,"code":"ENOTFOUND","syscall":"getaddrinfo","hostname":"redis-18482.crce182.ap-south-1-1.ec2.cloud.redislabs.com"}
2026-01-21 09:54:23 error: Error: getaddrinfo ENOTFOUND redis-18482.crce182.ap-south-1-1.ec2.cloud.redislabs.com
    at GetAddrInfoReqWrap.onlookupall [as oncomplete] (node:dns:120:26) | {"errno":-3008,"code":"ENOTFOUND","syscall":"getaddrinfo","hostname":"redis-18482.crce182.ap-south-1-1.ec2.cloud.redislabs.com"}
2026-01-21 09:54:23 error: Error: getaddrinfo ENOTFOUND redis-18482.crce182.ap-south-1-1.ec2.cloud.redislabs.com
    at GetAddrInfoReqWrap.onlookupall [as oncomplete] (node:dns:120:26) | {"errno":-3008,"code":"ENOTFOUND","syscall":"getaddrinfo","hostname":"redis-18482.crce182.ap-south-1-1.ec2.cloud.redislabs.com"}
2026-01-21 09:54:24 error: Error: getaddrinfo ENOTFOUND redis-18482.crce182.ap-south-1-1.ec2.cloud.redislabs.com
    at GetAddrInfoReqWrap.onlookupall [as oncomplete] (node:dns:120:26) | {"errno":-3008,"code":"ENOTFOUND","syscall":"getaddrinfo","hostname":"redis-18482.crce182.ap-south-1-1.ec2.cloud.redislabs.com"}
2026-01-21 09:54:24 error: Error: getaddrinfo ENOTFOUND redis-18482.crce182.ap-south-1-1.ec2.cloud.redislabs.com
    at GetAddrInfoReqWrap.onlookupall [as oncomplete] (node:dns:120:26) | {"errno":-3008,"code":"ENOTFOUND","syscall":"getaddrinfo","hostname":"redis-18482.crce182.ap-south-1-1.ec2.cloud.redislabs.com"}
2026-01-21 09:54:26 error: Error: getaddrinfo ENOTFOUND redis-18482.crce182.ap-south-1-1.ec2.cloud.redislabs.com
    at GetAddrInfoReqWrap.onlookupall [as oncomplete] (node:dns:120:26) | {"errno":-3008,"code":"ENOTFOUND","syscall":"getaddrinfo","hostname":"redis-18482.crce182.ap-south-1-1.ec2.cloud.redislabs.com"}
2026-01-21 09:54:28 error: Error: getaddrinfo ENOTFOUND redis-18482.crce182.ap-south-1-1.ec2.cloud.redislabs.com
    at GetAddrInfoReqWrap.onlookupall [as oncomplete] (node:dns:120:26) | {"errno":-3008,"code":"ENOTFOUND","syscall":"getaddrinfo","hostname":"redis-18482.crce182.ap-south-1-1.ec2.cloud.redislabs.com"}
2026-01-21 09:54:30 error: Error: getaddrinfo ENOTFOUND redis-18482.crce182.ap-south-1-1.ec2.cloud.redislabs.com
    at GetAddrInfoReqWrap.onlookupall [as oncomplete] (node:dns:120:26) | {"errno":-3008,"code":"ENOTFOUND","syscall":"getaddrinfo","hostname":"redis-18482.crce182.ap-south-1-1.ec2.cloud.redislabs.com"}
2026-01-21 09:54:32 error: Error: getaddrinfo ENOTFOUND redis-18482.crce182.ap-south-1-1.ec2.cloud.redislabs.com
    at GetAddrInfoReqWrap.onlookupall [as oncomplete] (node:dns:120:26) | {"errno":-3008,"code":"ENOTFOUND","syscall":"getaddrinfo","hostname":"redis-18482.crce182.ap-south-1-1.ec2.cloud.redislabs.com"}
2026-01-21 09:54:50 error: Error: read ECONNRESET
    at TCP.onStreamRead (node:internal/stream_base_commons:218:20) | {"errno":-4077,"code":"ECONNRESET","syscall":"read"}
2026-01-21 09:54:50 error: Error: read ECONNRESET
    at TCP.onStreamRead (node:internal/stream_base_commons:218:20) | {"errno":-4077,"code":"ECONNRESET","syscall":"read"}
2026-01-21 09:54:53 error: Error: getaddrinfo ENOTFOUND redis-18482.crce182.ap-south-1-1.ec2.cloud.redislabs.com
    at GetAddrInfoReqWrap.onlookupall [as oncomplete] (node:dns:120:26) | {"errno":-3008,"code":"ENOTFOUND","syscall":"getaddrinfo","hostname":"redis-18482.crce182.ap-south-1-1.ec2.cloud.redislabs.com"}
2026-01-21 15:25:55 error: BSONError: input must be a 24 character hex string, 12 byte Uint8Array, or an integer
    at new ObjectId (C:\Users\User\Desktop\week23\myaro\server\node_modules\bson\src\objectid.ts:120:15)
    at BeauticianServiceRepository.findByBeauticianId (C:\Users\User\Desktop\week23\myaro\server\src\infrastructure\repositories\service\BeauticianServiceRepository.ts:45:17)
    at GetBeauticianServicesListUseCase.execute (C:\Users\User\Desktop\week23\myaro\server\src\application\usecases\admin\management\services\getServiceList.ts:15:56)
    at BeauticianServiceController.getBeauticianServiceListForCustomer (C:\Users\User\Desktop\week23\myaro\server\src\interface\Http\controllers\service\beauticianServiceController.ts:220:59)
    at Layer.handleRequest (C:\Users\User\Desktop\week23\myaro\server\node_modules\router\lib\layer.js:152:17)
    at next (C:\Users\User\Desktop\week23\myaro\server\node_modules\router\lib\route.js:157:13)
    at C:\Users\User\Desktop\week23\myaro\server\src\interface\Http\middleware\authMiddleware.ts:93:9
    at processTicksAndRejections (node:internal/process/task_queues:95:5)
2026-01-21 15:25:55 error: BSONError: input must be a 24 character hex string, 12 byte Uint8Array, or an integer
    at new ObjectId (C:\Users\User\Desktop\week23\myaro\server\node_modules\bson\src\objectid.ts:120:15)
    at BeauticianServiceRepository.findByBeauticianId (C:\Users\User\Desktop\week23\myaro\server\src\infrastructure\repositories\service\BeauticianServiceRepository.ts:45:17)
    at GetBeauticianServicesListUseCase.execute (C:\Users\User\Desktop\week23\myaro\server\src\application\usecases\admin\management\services\getServiceList.ts:15:56)
    at BeauticianServiceController.getBeauticianServiceListForCustomer (C:\Users\User\Desktop\week23\myaro\server\src\interface\Http\controllers\service\beauticianServiceController.ts:220:59)
    at Layer.handleRequest (C:\Users\User\Desktop\week23\myaro\server\node_modules\router\lib\layer.js:152:17)
    at next (C:\Users\User\Desktop\week23\myaro\server\node_modules\router\lib\route.js:157:13)
    at C:\Users\User\Desktop\week23\myaro\server\src\interface\Http\middleware\authMiddleware.ts:93:9
    at processTicksAndRejections (node:internal/process/task_queues:95:5)
2026-01-21 15:27:25 error: BSONError: input must be a 24 character hex string, 12 byte Uint8Array, or an integer
    at new ObjectId (C:\Users\User\Desktop\week23\myaro\server\node_modules\bson\src\objectid.ts:120:15)
    at BeauticianServiceRepository.findByBeauticianId (C:\Users\User\Desktop\week23\myaro\server\src\infrastructure\repositories\service\BeauticianServiceRepository.ts:45:17)
    at GetBeauticianServicesListUseCase.execute (C:\Users\User\Desktop\week23\myaro\server\src\application\usecases\admin\management\services\getServiceList.ts:15:56)
    at BeauticianServiceController.getBeauticianServiceListForCustomer (C:\Users\User\Desktop\week23\myaro\server\src\interface\Http\controllers\service\beauticianServiceController.ts:220:59)
    at Layer.handleRequest (C:\Users\User\Desktop\week23\myaro\server\node_modules\router\lib\layer.js:152:17)
    at next (C:\Users\User\Desktop\week23\myaro\server\node_modules\router\lib\route.js:157:13)
    at C:\Users\User\Desktop\week23\myaro\server\src\interface\Http\middleware\authMiddleware.ts:93:9
    at processTicksAndRejections (node:internal/process/task_queues:95:5)
2026-01-21 15:38:58 error: BSONError: input must be a 24 character hex string, 12 byte Uint8Array, or an integer
    at new ObjectId (C:\Users\User\Desktop\week23\myaro\server\node_modules\bson\src\objectid.ts:120:15)
    at BeauticianServiceRepository.findByBeauticianId (C:\Users\User\Desktop\week23\myaro\server\src\infrastructure\repositories\service\BeauticianServiceRepository.ts:45:17)
    at GetBeauticianServicesListUseCase.execute (C:\Users\User\Desktop\week23\myaro\server\src\application\usecases\admin\management\services\getServiceList.ts:15:56)
    at BeauticianServiceController.getBeauticianServiceListForCustomer (C:\Users\User\Desktop\week23\myaro\server\src\interface\Http\controllers\service\beauticianServiceController.ts:220:59)
    at Layer.handleRequest (C:\Users\User\Desktop\week23\myaro\server\node_modules\router\lib\layer.js:152:17)
    at next (C:\Users\User\Desktop\week23\myaro\server\node_modules\router\lib\route.js:157:13)
    at C:\Users\User\Desktop\week23\myaro\server\src\interface\Http\middleware\authMiddleware.ts:93:9
    at processTicksAndRejections (node:internal/process/task_queues:95:5)
2026-01-21 15:38:58 error: BSONError: input must be a 24 character hex string, 12 byte Uint8Array, or an integer
    at new ObjectId (C:\Users\User\Desktop\week23\myaro\server\node_modules\bson\src\objectid.ts:120:15)
    at BeauticianServiceRepository.findByBeauticianId (C:\Users\User\Desktop\week23\myaro\server\src\infrastructure\repositories\service\BeauticianServiceRepository.ts:45:17)
    at GetBeauticianServicesListUseCase.execute (C:\Users\User\Desktop\week23\myaro\server\src\application\usecases\admin\management\services\getServiceList.ts:15:56)
    at BeauticianServiceController.getBeauticianServiceListForCustomer (C:\Users\User\Desktop\week23\myaro\server\src\interface\Http\controllers\service\beauticianServiceController.ts:220:59)
    at Layer.handleRequest (C:\Users\User\Desktop\week23\myaro\server\node_modules\router\lib\layer.js:152:17)
    at next (C:\Users\User\Desktop\week23\myaro\server\node_modules\router\lib\route.js:157:13)
    at C:\Users\User\Desktop\week23\myaro\server\src\interface\Http\middleware\authMiddleware.ts:93:9
    at processTicksAndRejections (node:internal/process/task_queues:95:5)
2026-01-21 21:29:02 error: Error: read ECONNRESET
    at TCP.onStreamRead (node:internal/stream_base_commons:218:20) | {"errno":-4077,"code":"ECONNRESET","syscall":"read"}
