2026-01-28 08:12:24 error: Error: read ECONNRESET
    at TCP.onStreamRead (node:internal/stream_base_commons:218:20) | {"errno":-4077,"code":"ECONNRESET","syscall":"read"}
2026-01-28 10:51:57 error: Error: read ECONNRESET
    at TCP.onStreamRead (node:internal/stream_base_commons:218:20) | {"errno":-4077,"code":"ECONNRESET","syscall":"read"}
2026-01-28 13:11:29 error: Error: read ECONNRESET
    at TCP.onStreamRead (node:internal/stream_base_commons:218:20) | {"errno":-4077,"code":"ECONNRESET","syscall":"read"}
2026-01-28 15:02:34 error: Error: read ECONNRESET
    at TCP.onStreamRead (node:internal/stream_base_commons:218:20) | {"errno":-4077,"code":"ECONNRESET","syscall":"read"}
2026-01-28 15:02:39 error: Error: Connection timeout
    at Socket.onTimeout (C:\Users\User\Desktop\week23\myaro\server\node_modules\@redis\client\lib\client\socket.ts:265:40)
    at Object.onceWrapper (node:events:633:28)
    at Socket.emit (node:events:519:28)
    at Socket._onTimeout (node:net:591:8)
    at listOnTimeout (node:internal/timers:581:17)
    at processTimers (node:internal/timers:519:7)
2026-01-28 15:02:44 error: Error: Connection timeout
    at Socket.onTimeout (C:\Users\User\Desktop\week23\myaro\server\node_modules\@redis\client\lib\client\socket.ts:265:40)
    at Object.onceWrapper (node:events:633:28)
    at Socket.emit (node:events:519:28)
    at Socket._onTimeout (node:net:591:8)
    at listOnTimeout (node:internal/timers:581:17)
    at processTimers (node:internal/timers:519:7)
2026-01-28 15:03:12 error: Error: read ECONNRESET
    at TCP.onStreamRead (node:internal/stream_base_commons:218:20) | {"errno":-4077,"code":"ECONNRESET","syscall":"read"}
2026-01-28 15:03:17 error: Error: Connection timeout
    at Socket.onTimeout (C:\Users\User\Desktop\week23\myaro\server\node_modules\@redis\client\lib\client\socket.ts:265:40)
    at Object.onceWrapper (node:events:633:28)
    at Socket.emit (node:events:519:28)
    at Socket._onTimeout (node:net:591:8)
    at listOnTimeout (node:internal/timers:581:17)
    at processTimers (node:internal/timers:519:7)
2026-01-28 15:04:20 error: Error: read ECONNRESET
    at TCP.onStreamRead (node:internal/stream_base_commons:218:20) | {"errno":-4077,"code":"ECONNRESET","syscall":"read"}
2026-01-28 15:39:25 error: Error: read ECONNRESET
    at TCP.onStreamRead (node:internal/stream_base_commons:218:20) | {"errno":-4077,"code":"ECONNRESET","syscall":"read"}
2026-01-28 16:11:28 error: Error: read ECONNRESET
    at TCP.onStreamRead (node:internal/stream_base_commons:218:20) | {"errno":-4077,"code":"ECONNRESET","syscall":"read"}
2026-01-28 20:23:10 error: Error: read ECONNRESET
    at TCP.onStreamRead (node:internal/stream_base_commons:218:20) | {"errno":-4077,"code":"ECONNRESET","syscall":"read"}
2026-01-28 21:39:39 error: Error: read ECONNRESET
    at TCP.onStreamRead (node:internal/stream_base_commons:218:20) | {"errno":-4077,"code":"ECONNRESET","syscall":"read"}
