2026-04-21 09:42:30 error: Error: Socket closed unexpectedly
    at Socket.<anonymous> (C:\Users\User\Desktop\completed\week23\myaro\server\node_modules\@redis\client\lib\client\socket.ts:294:29)
    at Object.onceWrapper (node:events:623:26)
    at Socket.emit (node:events:508:28)
    at TCP.<anonymous> (node:net:346:12)
2026-04-21 09:42:35 error: Error: Connection timeout
    at Socket.onTimeout (C:\Users\User\Desktop\completed\week23\myaro\server\node_modules\@redis\client\lib\client\socket.ts:265:40)
    at Object.onceWrapper (node:events:622:28)
    at Socket.emit (node:events:508:28)
    at Socket._onTimeout (node:net:604:8)
    at listOnTimeout (node:internal/timers:605:17)
    at processTimers (node:internal/timers:541:7)
2026-04-21 09:42:40 error: Error: Connection timeout
    at Socket.onTimeout (C:\Users\User\Desktop\completed\week23\myaro\server\node_modules\@redis\client\lib\client\socket.ts:265:40)
    at Object.onceWrapper (node:events:622:28)
    at Socket.emit (node:events:508:28)
    at Socket._onTimeout (node:net:604:8)
    at listOnTimeout (node:internal/timers:605:17)
    at processTimers (node:internal/timers:541:7)
2026-04-21 09:42:45 error: Error: Connection timeout
    at Socket.onTimeout (C:\Users\User\Desktop\completed\week23\myaro\server\node_modules\@redis\client\lib\client\socket.ts:265:40)
    at Object.onceWrapper (node:events:622:28)
    at Socket.emit (node:events:508:28)
    at Socket._onTimeout (node:net:604:8)
    at listOnTimeout (node:internal/timers:605:17)
    at processTimers (node:internal/timers:541:7)
2026-04-21 09:42:51 error: Error: Connection timeout
    at Socket.onTimeout (C:\Users\User\Desktop\completed\week23\myaro\server\node_modules\@redis\client\lib\client\socket.ts:265:40)
    at Object.onceWrapper (node:events:622:28)
    at Socket.emit (node:events:508:28)
    at Socket._onTimeout (node:net:604:8)
    at listOnTimeout (node:internal/timers:605:17)
    at processTimers (node:internal/timers:541:7)
2026-04-21 09:42:56 error: Error: Connection timeout
    at Socket.onTimeout (C:\Users\User\Desktop\completed\week23\myaro\server\node_modules\@redis\client\lib\client\socket.ts:265:40)
    at Object.onceWrapper (node:events:622:28)
    at Socket.emit (node:events:508:28)
    at Socket._onTimeout (node:net:604:8)
    at listOnTimeout (node:internal/timers:605:17)
    at processTimers (node:internal/timers:541:7)
2026-04-21 09:44:08 error: Error: read ECONNRESET
    at TCP.onStreamRead (node:internal/stream_base_commons:216:20) | {"errno":-4077,"code":"ECONNRESET","syscall":"read"}
2026-04-21 09:44:09 error: Error: getaddrinfo ENOTFOUND redis-12559.crce217.ap-south-1-1.ec2.cloud.redislabs.com
    at GetAddrInfoReqWrap.onlookupall [as oncomplete] (node:dns:122:26) | {"errno":-3008,"code":"ENOTFOUND","syscall":"getaddrinfo","hostname":"redis-12559.crce217.ap-south-1-1.ec2.cloud.redislabs.com"}
2026-04-21 10:34:34 error: ReferenceError: toUserBookingListItem is not defined
    at C:\Users\User\Desktop\completed\week23\myaro\server\src\application\usecases\booking\getCustomerBookingUseCase.ts:24:9
    at Array.map (<anonymous>)
    at GetCustomerBookingsUseCase.execute (C:\Users\User\Desktop\completed\week23\myaro\server\src\application\usecases\booking\getCustomerBookingUseCase.ts:21:8)
    at processTicksAndRejections (node:internal/process/task_queues:103:5)
    at BookingController.getUserBookings (C:\Users\User\Desktop\completed\week23\myaro\server\src\interface\Http\controllers\public\bookingController.ts:107:20)
2026-04-21 10:34:38 error: ReferenceError: toUserBookingListItem is not defined
    at C:\Users\User\Desktop\completed\week23\myaro\server\src\application\usecases\booking\getCustomerBookingUseCase.ts:24:9
    at Array.map (<anonymous>)
    at GetCustomerBookingsUseCase.execute (C:\Users\User\Desktop\completed\week23\myaro\server\src\application\usecases\booking\getCustomerBookingUseCase.ts:21:8)
    at processTicksAndRejections (node:internal/process/task_queues:103:5)
    at BookingController.getUserBookings (C:\Users\User\Desktop\completed\week23\myaro\server\src\interface\Http\controllers\public\bookingController.ts:107:20)
2026-04-21 10:34:41 error: ReferenceError: toUserBookingListItem is not defined
    at C:\Users\User\Desktop\completed\week23\myaro\server\src\application\usecases\booking\getCustomerBookingUseCase.ts:24:9
    at Array.map (<anonymous>)
    at GetCustomerBookingsUseCase.execute (C:\Users\User\Desktop\completed\week23\myaro\server\src\application\usecases\booking\getCustomerBookingUseCase.ts:21:8)
    at processTicksAndRejections (node:internal/process/task_queues:103:5)
    at BookingController.getUserBookings (C:\Users\User\Desktop\completed\week23\myaro\server\src\interface\Http\controllers\public\bookingController.ts:107:20)
2026-04-21 10:34:43 error: ReferenceError: toUserBookingListItem is not defined
    at C:\Users\User\Desktop\completed\week23\myaro\server\src\application\usecases\booking\getCustomerBookingUseCase.ts:24:9
    at Array.map (<anonymous>)
    at GetCustomerBookingsUseCase.execute (C:\Users\User\Desktop\completed\week23\myaro\server\src\application\usecases\booking\getCustomerBookingUseCase.ts:21:8)
    at processTicksAndRejections (node:internal/process/task_queues:103:5)
    at BookingController.getUserBookings (C:\Users\User\Desktop\completed\week23\myaro\server\src\interface\Http\controllers\public\bookingController.ts:107:20)
2026-04-21 13:30:19 error: Error: read ECONNRESET
    at TCP.onStreamRead (node:internal/stream_base_commons:216:20) | {"errno":-4077,"code":"ECONNRESET","syscall":"read"}
