2026-03-06 07:39:03 error: Error: read ECONNRESET
    at TCP.onStreamRead (node:internal/stream_base_commons:216:20) | {"errno":-4077,"code":"ECONNRESET","syscall":"read"}
2026-03-06 08:11:05 error: Error: read ECONNRESET
    at TCP.onStreamRead (node:internal/stream_base_commons:216:20) | {"errno":-4077,"code":"ECONNRESET","syscall":"read"}
2026-03-06 09:07:18 error: Error: read ECONNRESET
    at TCP.onStreamRead (node:internal/stream_base_commons:216:20) | {"errno":-4077,"code":"ECONNRESET","syscall":"read"}
2026-03-06 12:04:30 error: Error: read ECONNRESET
    at TCP.onStreamRead (node:internal/stream_base_commons:216:20) | {"errno":-4077,"code":"ECONNRESET","syscall":"read"}
2026-03-06 15:18:24 error: Error: read ECONNRESET
    at TCP.onStreamRead (node:internal/stream_base_commons:216:20) | {"errno":-4077,"code":"ECONNRESET","syscall":"read"}
2026-03-06 17:42:12 error: Error: getaddrinfo ENOTFOUND redis-12559.crce217.ap-south-1-1.ec2.cloud.redislabs.com
    at GetAddrInfoReqWrap.onlookupall [as oncomplete] (node:dns:122:26) | {"errno":-3008,"code":"ENOTFOUND","syscall":"getaddrinfo","hostname":"redis-12559.crce217.ap-south-1-1.ec2.cloud.redislabs.com"}
2026-03-06 17:42:13 error: Error: getaddrinfo ENOTFOUND redis-12559.crce217.ap-south-1-1.ec2.cloud.redislabs.com
    at GetAddrInfoReqWrap.onlookupall [as oncomplete] (node:dns:122:26) | {"errno":-3008,"code":"ENOTFOUND","syscall":"getaddrinfo","hostname":"redis-12559.crce217.ap-south-1-1.ec2.cloud.redislabs.com"}
2026-03-06 17:42:14 error: Error: getaddrinfo ENOTFOUND redis-12559.crce217.ap-south-1-1.ec2.cloud.redislabs.com
    at GetAddrInfoReqWrap.onlookupall [as oncomplete] (node:dns:122:26) | {"errno":-3008,"code":"ENOTFOUND","syscall":"getaddrinfo","hostname":"redis-12559.crce217.ap-south-1-1.ec2.cloud.redislabs.com"}
2026-03-06 17:42:14 error: Error: getaddrinfo ENOTFOUND redis-12559.crce217.ap-south-1-1.ec2.cloud.redislabs.com
    at GetAddrInfoReqWrap.onlookupall [as oncomplete] (node:dns:122:26) | {"errno":-3008,"code":"ENOTFOUND","syscall":"getaddrinfo","hostname":"redis-12559.crce217.ap-south-1-1.ec2.cloud.redislabs.com"}
2026-03-06 17:42:15 error: Error: getaddrinfo ENOTFOUND redis-12559.crce217.ap-south-1-1.ec2.cloud.redislabs.com
    at GetAddrInfoReqWrap.onlookupall [as oncomplete] (node:dns:122:26) | {"errno":-3008,"code":"ENOTFOUND","syscall":"getaddrinfo","hostname":"redis-12559.crce217.ap-south-1-1.ec2.cloud.redislabs.com"}
2026-03-06 17:42:16 error: Error: getaddrinfo ENOTFOUND redis-12559.crce217.ap-south-1-1.ec2.cloud.redislabs.com
    at GetAddrInfoReqWrap.onlookupall [as oncomplete] (node:dns:122:26) | {"errno":-3008,"code":"ENOTFOUND","syscall":"getaddrinfo","hostname":"redis-12559.crce217.ap-south-1-1.ec2.cloud.redislabs.com"}
2026-03-06 17:56:49 error: ValidationError: RecurringSchedule validation failed: timeFrom: Path `timeFrom` is required., timeTo: Path `timeTo` is required.
    at model.Document.invalidate (C:\Users\User\Desktop\completed\week23\myaro\server\node_modules\mongoose\lib\document.js:3362:32)
    at C:\Users\User\Desktop\completed\week23\myaro\server\node_modules\mongoose\lib\document.js:3123:17
    at C:\Users\User\Desktop\completed\week23\myaro\server\node_modules\mongoose\lib\schemaType.js:1420:9
    at processTicksAndRejections (node:internal/process/task_queues:84:11)
2026-03-06 20:11:23 error: Error: read ECONNRESET
    at TCP.onStreamRead (node:internal/stream_base_commons:216:20) | {"errno":-4077,"code":"ECONNRESET","syscall":"read"}
2026-03-06 20:13:52 error: RangeError: Invalid time value
    at Date.toISOString (<anonymous>)
    at toStr (C:\Users\User\Desktop\completed\week23\myaro\server\src\utils\schedule\dateHelper.ts:2:47)
    at getEffectiveEndDate (C:\Users\User\Desktop\completed\week23\myaro\server\src\utils\schedule\RruleHelper.ts:45:19)
    at AddRecurringAvailabilityUseCase.execute (C:\Users\User\Desktop\completed\week23\myaro\server\src\application\usecases\beautician\schedule\addRecurringScheduleusecase.ts:33:39)
    at processTicksAndRejections (node:internal/process/task_queues:103:5)
    at ScheduleController.addRecurringSchedule (C:\Users\User\Desktop\completed\week23\myaro\server\src\interface\Http\controllers\beautician\scheduleController.ts:218:9)
2026-03-06 20:22:21 error: RangeError: Invalid time value
    at Date.toISOString (<anonymous>)
    at toStr (C:\Users\User\Desktop\completed\week23\myaro\server\src\utils\schedule\dateHelper.ts:2:47)
    at getEffectiveEndDate (C:\Users\User\Desktop\completed\week23\myaro\server\src\utils\schedule\RruleHelper.ts:45:19)
    at AddRecurringAvailabilityUseCase.execute (C:\Users\User\Desktop\completed\week23\myaro\server\src\application\usecases\beautician\schedule\addRecurringScheduleusecase.ts:38:39)
    at processTicksAndRejections (node:internal/process/task_queues:103:5)
    at ScheduleController.addRecurringSchedule (C:\Users\User\Desktop\completed\week23\myaro\server\src\interface\Http\controllers\beautician\scheduleController.ts:218:9)
2026-03-06 21:54:38 error: Error: read ECONNRESET
    at TCP.onStreamRead (node:internal/stream_base_commons:216:20) | {"errno":-4077,"code":"ECONNRESET","syscall":"read"}
