2026-04-07 08:10:26 error: Error: read ECONNRESET
    at TCP.onStreamRead (node:internal/stream_base_commons:216:20) | {"errno":-4077,"code":"ECONNRESET","syscall":"read"}
2026-04-07 11:23:44 error: Error: read ECONNRESET
    at TCP.onStreamRead (node:internal/stream_base_commons:216:20) | {"errno":-4077,"code":"ECONNRESET","syscall":"read"}
2026-04-07 11:42:01 error: Error: read ECONNRESET
    at TCP.onStreamRead (node:internal/stream_base_commons:216:20) | {"errno":-4077,"code":"ECONNRESET","syscall":"read"}
2026-04-07 11:42:06 error: Error: Connection timeout
    at Socket.onTimeout (C:\Users\User\Desktop\completed\week23\myaro\server\node_modules\@redis\client\lib\client\socket.ts:265:40)
    at Object.onceWrapper (node:events:622:28)
    at Socket.emit (node:events:508:28)
    at Socket._onTimeout (node:net:604:8)
    at listOnTimeout (node:internal/timers:605:17)
    at processTimers (node:internal/timers:541:7)
2026-04-07 11:42:11 error: Error: Connection timeout
    at Socket.onTimeout (C:\Users\User\Desktop\completed\week23\myaro\server\node_modules\@redis\client\lib\client\socket.ts:265:40)
    at Object.onceWrapper (node:events:622:28)
    at Socket.emit (node:events:508:28)
    at Socket._onTimeout (node:net:604:8)
    at listOnTimeout (node:internal/timers:605:17)
    at processTimers (node:internal/timers:541:7)
2026-04-07 11:42:16 error: Error: Connection timeout
    at Socket.onTimeout (C:\Users\User\Desktop\completed\week23\myaro\server\node_modules\@redis\client\lib\client\socket.ts:265:40)
    at Object.onceWrapper (node:events:622:28)
    at Socket.emit (node:events:508:28)
    at Socket._onTimeout (node:net:604:8)
    at listOnTimeout (node:internal/timers:605:17)
    at processTimers (node:internal/timers:541:7)
2026-04-07 11:42:21 error: Error: Connection timeout
    at Socket.onTimeout (C:\Users\User\Desktop\completed\week23\myaro\server\node_modules\@redis\client\lib\client\socket.ts:265:40)
    at Object.onceWrapper (node:events:622:28)
    at Socket.emit (node:events:508:28)
    at Socket._onTimeout (node:net:604:8)
    at listOnTimeout (node:internal/timers:605:17)
    at processTimers (node:internal/timers:541:7)
2026-04-07 11:42:27 error: Error: Connection timeout
    at Socket.onTimeout (C:\Users\User\Desktop\completed\week23\myaro\server\node_modules\@redis\client\lib\client\socket.ts:265:40)
    at Object.onceWrapper (node:events:622:28)
    at Socket.emit (node:events:508:28)
    at Socket._onTimeout (node:net:604:8)
    at listOnTimeout (node:internal/timers:605:17)
    at processTimers (node:internal/timers:541:7)
2026-04-07 11:42:29 error: Error: getaddrinfo ENOTFOUND redis-12559.crce217.ap-south-1-1.ec2.cloud.redislabs.com
    at GetAddrInfoReqWrap.onlookupall [as oncomplete] (node:dns:122:26) | {"errno":-3008,"code":"ENOTFOUND","syscall":"getaddrinfo","hostname":"redis-12559.crce217.ap-south-1-1.ec2.cloud.redislabs.com"}
2026-04-07 11:42:31 error: Error: getaddrinfo ENOTFOUND redis-12559.crce217.ap-south-1-1.ec2.cloud.redislabs.com
    at GetAddrInfoReqWrap.onlookupall [as oncomplete] (node:dns:122:26) | {"errno":-3008,"code":"ENOTFOUND","syscall":"getaddrinfo","hostname":"redis-12559.crce217.ap-south-1-1.ec2.cloud.redislabs.com"}
2026-04-07 11:42:33 error: Error: getaddrinfo ENOTFOUND redis-12559.crce217.ap-south-1-1.ec2.cloud.redislabs.com
    at GetAddrInfoReqWrap.onlookupall [as oncomplete] (node:dns:122:26) | {"errno":-3008,"code":"ENOTFOUND","syscall":"getaddrinfo","hostname":"redis-12559.crce217.ap-south-1-1.ec2.cloud.redislabs.com"}
2026-04-07 11:42:35 error: Error: getaddrinfo ENOTFOUND redis-12559.crce217.ap-south-1-1.ec2.cloud.redislabs.com
    at GetAddrInfoReqWrap.onlookupall [as oncomplete] (node:dns:122:26) | {"errno":-3008,"code":"ENOTFOUND","syscall":"getaddrinfo","hostname":"redis-12559.crce217.ap-south-1-1.ec2.cloud.redislabs.com"}
2026-04-07 11:42:37 error: Error: getaddrinfo ENOTFOUND redis-12559.crce217.ap-south-1-1.ec2.cloud.redislabs.com
    at GetAddrInfoReqWrap.onlookupall [as oncomplete] (node:dns:122:26) | {"errno":-3008,"code":"ENOTFOUND","syscall":"getaddrinfo","hostname":"redis-12559.crce217.ap-south-1-1.ec2.cloud.redislabs.com"}
2026-04-07 11:42:39 error: Error: getaddrinfo ENOTFOUND redis-12559.crce217.ap-south-1-1.ec2.cloud.redislabs.com
    at GetAddrInfoReqWrap.onlookupall [as oncomplete] (node:dns:122:26) | {"errno":-3008,"code":"ENOTFOUND","syscall":"getaddrinfo","hostname":"redis-12559.crce217.ap-south-1-1.ec2.cloud.redislabs.com"}
2026-04-07 11:42:41 error: Error: getaddrinfo ENOTFOUND redis-12559.crce217.ap-south-1-1.ec2.cloud.redislabs.com
    at GetAddrInfoReqWrap.onlookupall [as oncomplete] (node:dns:122:26) | {"errno":-3008,"code":"ENOTFOUND","syscall":"getaddrinfo","hostname":"redis-12559.crce217.ap-south-1-1.ec2.cloud.redislabs.com"}
2026-04-07 14:58:58 error: Error: read ECONNRESET
    at TCP.onStreamRead (node:internal/stream_base_commons:216:20) | {"errno":-4077,"code":"ECONNRESET","syscall":"read"}
2026-04-07 20:26:11 error: Error: read ECONNRESET
    at TCP.onStreamRead (node:internal/stream_base_commons:216:20) | {"errno":-4077,"code":"ECONNRESET","syscall":"read"}
2026-04-07 20:26:11 error: Error: getaddrinfo ENOTFOUND redis-12559.crce217.ap-south-1-1.ec2.cloud.redislabs.com
    at GetAddrInfoReqWrap.onlookupall [as oncomplete] (node:dns:122:26) | {"errno":-3008,"code":"ENOTFOUND","syscall":"getaddrinfo","hostname":"redis-12559.crce217.ap-south-1-1.ec2.cloud.redislabs.com"}
2026-04-07 20:26:11 error: Error: getaddrinfo ENOTFOUND redis-12559.crce217.ap-south-1-1.ec2.cloud.redislabs.com
    at GetAddrInfoReqWrap.onlookupall [as oncomplete] (node:dns:122:26) | {"errno":-3008,"code":"ENOTFOUND","syscall":"getaddrinfo","hostname":"redis-12559.crce217.ap-south-1-1.ec2.cloud.redislabs.com"}
2026-04-07 20:26:12 error: Error: getaddrinfo ENOTFOUND redis-12559.crce217.ap-south-1-1.ec2.cloud.redislabs.com
    at GetAddrInfoReqWrap.onlookupall [as oncomplete] (node:dns:122:26) | {"errno":-3008,"code":"ENOTFOUND","syscall":"getaddrinfo","hostname":"redis-12559.crce217.ap-south-1-1.ec2.cloud.redislabs.com"}
2026-04-07 20:26:12 error: Error: getaddrinfo ENOTFOUND redis-12559.crce217.ap-south-1-1.ec2.cloud.redislabs.com
    at GetAddrInfoReqWrap.onlookupall [as oncomplete] (node:dns:122:26) | {"errno":-3008,"code":"ENOTFOUND","syscall":"getaddrinfo","hostname":"redis-12559.crce217.ap-south-1-1.ec2.cloud.redislabs.com"}
2026-04-07 20:26:13 error: Error: getaddrinfo ENOTFOUND redis-12559.crce217.ap-south-1-1.ec2.cloud.redislabs.com
    at GetAddrInfoReqWrap.onlookupall [as oncomplete] (node:dns:122:26) | {"errno":-3008,"code":"ENOTFOUND","syscall":"getaddrinfo","hostname":"redis-12559.crce217.ap-south-1-1.ec2.cloud.redislabs.com"}
2026-04-07 20:26:36 error: Error: read ECONNRESET
    at TCP.onStreamRead (node:internal/stream_base_commons:216:20) | {"errno":-4077,"code":"ECONNRESET","syscall":"read"}
2026-04-07 20:26:42 error: Error: Connection timeout
    at Socket.onTimeout (C:\Users\User\Desktop\completed\week23\myaro\server\node_modules\@redis\client\lib\client\socket.ts:265:40)
    at Object.onceWrapper (node:events:622:28)
    at Socket.emit (node:events:508:28)
    at Socket._onTimeout (node:net:604:8)
    at listOnTimeout (node:internal/timers:605:17)
    at processTimers (node:internal/timers:541:7)
2026-04-07 20:26:47 error: Error: Connection timeout
    at Socket.onTimeout (C:\Users\User\Desktop\completed\week23\myaro\server\node_modules\@redis\client\lib\client\socket.ts:265:40)
    at Object.onceWrapper (node:events:622:28)
    at Socket.emit (node:events:508:28)
    at Socket._onTimeout (node:net:604:8)
    at listOnTimeout (node:internal/timers:605:17)
    at processTimers (node:internal/timers:541:7)
2026-04-07 20:26:49 error: Error: getaddrinfo ENOTFOUND redis-12559.crce217.ap-south-1-1.ec2.cloud.redislabs.com
    at GetAddrInfoReqWrap.onlookupall [as oncomplete] (node:dns:122:26) | {"errno":-3008,"code":"ENOTFOUND","syscall":"getaddrinfo","hostname":"redis-12559.crce217.ap-south-1-1.ec2.cloud.redislabs.com"}
2026-04-07 20:26:49 error: Error: getaddrinfo ENOTFOUND redis-12559.crce217.ap-south-1-1.ec2.cloud.redislabs.com
    at GetAddrInfoReqWrap.onlookupall [as oncomplete] (node:dns:122:26) | {"errno":-3008,"code":"ENOTFOUND","syscall":"getaddrinfo","hostname":"redis-12559.crce217.ap-south-1-1.ec2.cloud.redislabs.com"}
2026-04-07 20:26:49 error: Error: getaddrinfo ENOTFOUND redis-12559.crce217.ap-south-1-1.ec2.cloud.redislabs.com
    at GetAddrInfoReqWrap.onlookupall [as oncomplete] (node:dns:122:26) | {"errno":-3008,"code":"ENOTFOUND","syscall":"getaddrinfo","hostname":"redis-12559.crce217.ap-south-1-1.ec2.cloud.redislabs.com"}
2026-04-07 20:26:50 error: Error: getaddrinfo ENOTFOUND redis-12559.crce217.ap-south-1-1.ec2.cloud.redislabs.com
    at GetAddrInfoReqWrap.onlookupall [as oncomplete] (node:dns:122:26) | {"errno":-3008,"code":"ENOTFOUND","syscall":"getaddrinfo","hostname":"redis-12559.crce217.ap-south-1-1.ec2.cloud.redislabs.com"}
2026-04-07 20:26:52 error: Error: getaddrinfo ENOTFOUND redis-12559.crce217.ap-south-1-1.ec2.cloud.redislabs.com
    at GetAddrInfoReqWrap.onlookupall [as oncomplete] (node:dns:122:26) | {"errno":-3008,"code":"ENOTFOUND","syscall":"getaddrinfo","hostname":"redis-12559.crce217.ap-south-1-1.ec2.cloud.redislabs.com"}
2026-04-07 20:26:54 error: Error: getaddrinfo ENOTFOUND redis-12559.crce217.ap-south-1-1.ec2.cloud.redislabs.com
    at GetAddrInfoReqWrap.onlookupall [as oncomplete] (node:dns:122:26) | {"errno":-3008,"code":"ENOTFOUND","syscall":"getaddrinfo","hostname":"redis-12559.crce217.ap-south-1-1.ec2.cloud.redislabs.com"}
2026-04-07 20:26:56 error: Error: getaddrinfo ENOTFOUND redis-12559.crce217.ap-south-1-1.ec2.cloud.redislabs.com
    at GetAddrInfoReqWrap.onlookupall [as oncomplete] (node:dns:122:26) | {"errno":-3008,"code":"ENOTFOUND","syscall":"getaddrinfo","hostname":"redis-12559.crce217.ap-south-1-1.ec2.cloud.redislabs.com"}
2026-04-07 20:26:59 error: Error: getaddrinfo ENOTFOUND redis-12559.crce217.ap-south-1-1.ec2.cloud.redislabs.com
    at GetAddrInfoReqWrap.onlookupall [as oncomplete] (node:dns:122:26) | {"errno":-3008,"code":"ENOTFOUND","syscall":"getaddrinfo","hostname":"redis-12559.crce217.ap-south-1-1.ec2.cloud.redislabs.com"}
2026-04-07 20:32:23 error: Error: read ECONNRESET
    at TCP.onStreamRead (node:internal/stream_base_commons:216:20) | {"errno":-4077,"code":"ECONNRESET","syscall":"read"}
2026-04-07 20:32:24 error: Error: getaddrinfo ENOTFOUND redis-12559.crce217.ap-south-1-1.ec2.cloud.redislabs.com
    at GetAddrInfoReqWrap.onlookupall [as oncomplete] (node:dns:122:26) | {"errno":-3008,"code":"ENOTFOUND","syscall":"getaddrinfo","hostname":"redis-12559.crce217.ap-south-1-1.ec2.cloud.redislabs.com"}
2026-04-07 21:23:12 error: Error: Connection timeout
    at Socket.onTimeout (C:\Users\User\Desktop\completed\week23\myaro\server\node_modules\@redis\client\lib\client\socket.ts:265:40)
    at Object.onceWrapper (node:events:622:28)
    at Socket.emit (node:events:508:28)
    at Socket._onTimeout (node:net:604:8)
    at listOnTimeout (node:internal/timers:605:17)
    at processTimers (node:internal/timers:541:7)
2026-04-07 21:23:12 error: Error: getaddrinfo ENOTFOUND redis-12559.crce217.ap-south-1-1.ec2.cloud.redislabs.com
    at GetAddrInfoReqWrap.onlookupall [as oncomplete] (node:dns:122:26) | {"errno":-3008,"code":"ENOTFOUND","syscall":"getaddrinfo","hostname":"redis-12559.crce217.ap-south-1-1.ec2.cloud.redislabs.com"}
2026-04-07 21:23:13 error: Error: getaddrinfo ENOTFOUND redis-12559.crce217.ap-south-1-1.ec2.cloud.redislabs.com
    at GetAddrInfoReqWrap.onlookupall [as oncomplete] (node:dns:122:26) | {"errno":-3008,"code":"ENOTFOUND","syscall":"getaddrinfo","hostname":"redis-12559.crce217.ap-south-1-1.ec2.cloud.redislabs.com"}
2026-04-07 21:23:13 error: Error: getaddrinfo ENOTFOUND redis-12559.crce217.ap-south-1-1.ec2.cloud.redislabs.com
    at GetAddrInfoReqWrap.onlookupall [as oncomplete] (node:dns:122:26) | {"errno":-3008,"code":"ENOTFOUND","syscall":"getaddrinfo","hostname":"redis-12559.crce217.ap-south-1-1.ec2.cloud.redislabs.com"}
2026-04-07 21:23:14 error: Error: getaddrinfo ENOTFOUND redis-12559.crce217.ap-south-1-1.ec2.cloud.redislabs.com
    at GetAddrInfoReqWrap.onlookupall [as oncomplete] (node:dns:122:26) | {"errno":-3008,"code":"ENOTFOUND","syscall":"getaddrinfo","hostname":"redis-12559.crce217.ap-south-1-1.ec2.cloud.redislabs.com"}
2026-04-07 21:23:15 error: Error: getaddrinfo ENOTFOUND redis-12559.crce217.ap-south-1-1.ec2.cloud.redislabs.com
    at GetAddrInfoReqWrap.onlookupall [as oncomplete] (node:dns:122:26) | {"errno":-3008,"code":"ENOTFOUND","syscall":"getaddrinfo","hostname":"redis-12559.crce217.ap-south-1-1.ec2.cloud.redislabs.com"}
2026-04-07 21:23:16 error: Error: getaddrinfo ENOTFOUND redis-12559.crce217.ap-south-1-1.ec2.cloud.redislabs.com
    at GetAddrInfoReqWrap.onlookupall [as oncomplete] (node:dns:122:26) | {"errno":-3008,"code":"ENOTFOUND","syscall":"getaddrinfo","hostname":"redis-12559.crce217.ap-south-1-1.ec2.cloud.redislabs.com"}
2026-04-07 21:23:19 error: Error: getaddrinfo ENOTFOUND redis-12559.crce217.ap-south-1-1.ec2.cloud.redislabs.com
    at GetAddrInfoReqWrap.onlookupall [as oncomplete] (node:dns:122:26) | {"errno":-3008,"code":"ENOTFOUND","syscall":"getaddrinfo","hostname":"redis-12559.crce217.ap-south-1-1.ec2.cloud.redislabs.com"}
2026-04-07 21:23:49 error: Error: read ECONNRESET
    at TCP.onStreamRead (node:internal/stream_base_commons:216:20) | {"errno":-4077,"code":"ECONNRESET","syscall":"read"}
2026-04-07 21:23:50 error: Error: getaddrinfo ENOTFOUND redis-12559.crce217.ap-south-1-1.ec2.cloud.redislabs.com
    at GetAddrInfoReqWrap.onlookupall [as oncomplete] (node:dns:122:26) | {"errno":-3008,"code":"ENOTFOUND","syscall":"getaddrinfo","hostname":"redis-12559.crce217.ap-south-1-1.ec2.cloud.redislabs.com"}
2026-04-07 21:23:50 error: Error: getaddrinfo ENOTFOUND redis-12559.crce217.ap-south-1-1.ec2.cloud.redislabs.com
    at GetAddrInfoReqWrap.onlookupall [as oncomplete] (node:dns:122:26) | {"errno":-3008,"code":"ENOTFOUND","syscall":"getaddrinfo","hostname":"redis-12559.crce217.ap-south-1-1.ec2.cloud.redislabs.com"}
2026-04-07 21:23:50 error: Error: getaddrinfo ENOTFOUND redis-12559.crce217.ap-south-1-1.ec2.cloud.redislabs.com
    at GetAddrInfoReqWrap.onlookupall [as oncomplete] (node:dns:122:26) | {"errno":-3008,"code":"ENOTFOUND","syscall":"getaddrinfo","hostname":"redis-12559.crce217.ap-south-1-1.ec2.cloud.redislabs.com"}
2026-04-07 21:23:51 error: Error: getaddrinfo ENOTFOUND redis-12559.crce217.ap-south-1-1.ec2.cloud.redislabs.com
    at GetAddrInfoReqWrap.onlookupall [as oncomplete] (node:dns:122:26) | {"errno":-3008,"code":"ENOTFOUND","syscall":"getaddrinfo","hostname":"redis-12559.crce217.ap-south-1-1.ec2.cloud.redislabs.com"}
2026-04-07 21:23:51 error: Error: getaddrinfo ENOTFOUND redis-12559.crce217.ap-south-1-1.ec2.cloud.redislabs.com
    at GetAddrInfoReqWrap.onlookupall [as oncomplete] (node:dns:122:26) | {"errno":-3008,"code":"ENOTFOUND","syscall":"getaddrinfo","hostname":"redis-12559.crce217.ap-south-1-1.ec2.cloud.redislabs.com"}
2026-04-07 21:23:52 error: Error: getaddrinfo ENOTFOUND redis-12559.crce217.ap-south-1-1.ec2.cloud.redislabs.com
    at GetAddrInfoReqWrap.onlookupall [as oncomplete] (node:dns:122:26) | {"errno":-3008,"code":"ENOTFOUND","syscall":"getaddrinfo","hostname":"redis-12559.crce217.ap-south-1-1.ec2.cloud.redislabs.com"}
2026-04-07 21:23:54 error: Error: getaddrinfo ENOTFOUND redis-12559.crce217.ap-south-1-1.ec2.cloud.redislabs.com
    at GetAddrInfoReqWrap.onlookupall [as oncomplete] (node:dns:122:26) | {"errno":-3008,"code":"ENOTFOUND","syscall":"getaddrinfo","hostname":"redis-12559.crce217.ap-south-1-1.ec2.cloud.redislabs.com"}
2026-04-07 21:23:56 error: Error: getaddrinfo ENOTFOUND redis-12559.crce217.ap-south-1-1.ec2.cloud.redislabs.com
    at GetAddrInfoReqWrap.onlookupall [as oncomplete] (node:dns:122:26) | {"errno":-3008,"code":"ENOTFOUND","syscall":"getaddrinfo","hostname":"redis-12559.crce217.ap-south-1-1.ec2.cloud.redislabs.com"}
2026-04-07 21:23:58 error: Error: getaddrinfo ENOTFOUND redis-12559.crce217.ap-south-1-1.ec2.cloud.redislabs.com
    at GetAddrInfoReqWrap.onlookupall [as oncomplete] (node:dns:122:26) | {"errno":-3008,"code":"ENOTFOUND","syscall":"getaddrinfo","hostname":"redis-12559.crce217.ap-south-1-1.ec2.cloud.redislabs.com"}
2026-04-07 21:24:00 error: Error: getaddrinfo ENOTFOUND redis-12559.crce217.ap-south-1-1.ec2.cloud.redislabs.com
    at GetAddrInfoReqWrap.onlookupall [as oncomplete] (node:dns:122:26) | {"errno":-3008,"code":"ENOTFOUND","syscall":"getaddrinfo","hostname":"redis-12559.crce217.ap-south-1-1.ec2.cloud.redislabs.com"}
2026-04-07 21:24:03 error: Error: getaddrinfo ENOTFOUND redis-12559.crce217.ap-south-1-1.ec2.cloud.redislabs.com
    at GetAddrInfoReqWrap.onlookupall [as oncomplete] (node:dns:122:26) | {"errno":-3008,"code":"ENOTFOUND","syscall":"getaddrinfo","hostname":"redis-12559.crce217.ap-south-1-1.ec2.cloud.redislabs.com"}
2026-04-07 21:24:05 error: Error: getaddrinfo ENOTFOUND redis-12559.crce217.ap-south-1-1.ec2.cloud.redislabs.com
    at GetAddrInfoReqWrap.onlookupall [as oncomplete] (node:dns:122:26) | {"errno":-3008,"code":"ENOTFOUND","syscall":"getaddrinfo","hostname":"redis-12559.crce217.ap-south-1-1.ec2.cloud.redislabs.com"}
2026-04-07 21:25:24 error: Error: read ECONNRESET
    at TCP.onStreamRead (node:internal/stream_base_commons:216:20) | {"errno":-4077,"code":"ECONNRESET","syscall":"read"}
2026-04-07 21:25:24 error: Error: getaddrinfo ENOTFOUND redis-12559.crce217.ap-south-1-1.ec2.cloud.redislabs.com
    at GetAddrInfoReqWrap.onlookupall [as oncomplete] (node:dns:122:26) | {"errno":-3008,"code":"ENOTFOUND","syscall":"getaddrinfo","hostname":"redis-12559.crce217.ap-south-1-1.ec2.cloud.redislabs.com"}
2026-04-07 21:25:24 error: Error: getaddrinfo ENOTFOUND redis-12559.crce217.ap-south-1-1.ec2.cloud.redislabs.com
    at GetAddrInfoReqWrap.onlookupall [as oncomplete] (node:dns:122:26) | {"errno":-3008,"code":"ENOTFOUND","syscall":"getaddrinfo","hostname":"redis-12559.crce217.ap-south-1-1.ec2.cloud.redislabs.com"}
2026-04-07 21:25:24 error: Error: getaddrinfo ENOTFOUND redis-12559.crce217.ap-south-1-1.ec2.cloud.redislabs.com
    at GetAddrInfoReqWrap.onlookupall [as oncomplete] (node:dns:122:26) | {"errno":-3008,"code":"ENOTFOUND","syscall":"getaddrinfo","hostname":"redis-12559.crce217.ap-south-1-1.ec2.cloud.redislabs.com"}
2026-04-07 21:25:24 error: Error: getaddrinfo ENOTFOUND redis-12559.crce217.ap-south-1-1.ec2.cloud.redislabs.com
    at GetAddrInfoReqWrap.onlookupall [as oncomplete] (node:dns:122:26) | {"errno":-3008,"code":"ENOTFOUND","syscall":"getaddrinfo","hostname":"redis-12559.crce217.ap-south-1-1.ec2.cloud.redislabs.com"}
2026-04-07 21:25:25 error: Error: getaddrinfo ENOTFOUND redis-12559.crce217.ap-south-1-1.ec2.cloud.redislabs.com
    at GetAddrInfoReqWrap.onlookupall [as oncomplete] (node:dns:122:26) | {"errno":-3008,"code":"ENOTFOUND","syscall":"getaddrinfo","hostname":"redis-12559.crce217.ap-south-1-1.ec2.cloud.redislabs.com"}
2026-04-07 21:25:27 error: Error: getaddrinfo ENOTFOUND redis-12559.crce217.ap-south-1-1.ec2.cloud.redislabs.com
    at GetAddrInfoReqWrap.onlookupall [as oncomplete] (node:dns:122:26) | {"errno":-3008,"code":"ENOTFOUND","syscall":"getaddrinfo","hostname":"redis-12559.crce217.ap-south-1-1.ec2.cloud.redislabs.com"}
