2026-04-17 07:05:01 error: CastError: Cast to ObjectId failed for value "{ beauticianId: new ObjectId('692eb58ed692da39bc3c1860') }" (type Object) at path "_id" for model "Schedule"
    at SchemaObjectId.cast (C:\Users\User\Desktop\completed\week23\myaro\server\node_modules\mongoose\lib\schema\objectId.js:251:11)
    at SchemaObjectId.SchemaType.applySetters (C:\Users\User\Desktop\completed\week23\myaro\server\node_modules\mongoose\lib\schemaType.js:1262:12)
    at SchemaObjectId.SchemaType.castForQuery (C:\Users\User\Desktop\completed\week23\myaro\server\node_modules\mongoose\lib\schemaType.js:1698:17)
    at cast (C:\Users\User\Desktop\completed\week23\myaro\server\node_modules\mongoose\lib\cast.js:319:34)
    at model.Query.Query.cast (C:\Users\User\Desktop\completed\week23\myaro\server\node_modules\mongoose\lib\query.js:5060:12)
    at model.Query.Query._castConditions (C:\Users\User\Desktop\completed\week23\myaro\server\node_modules\mongoose\lib\query.js:2374:10)
    at model.Query._findOne (C:\Users\User\Desktop\completed\week23\myaro\server\node_modules\mongoose\lib\query.js:2697:8)
    at model.Query.exec (C:\Users\User\Desktop\completed\week23\myaro\server\node_modules\mongoose\lib\query.js:4627:80)
    at processTicksAndRejections (node:internal/process/task_queues:103:5)
    at ScheduleRepository.findByBeauticianId (C:\Users\User\Desktop\completed\week23\myaro\server\src\infrastructure\repositories\beautician\scheduleRepository.ts:43:13)
2026-04-17 07:05:45 error: CastError: Cast to ObjectId failed for value "{ beauticianId: new ObjectId('692eb58ed692da39bc3c1860') }" (type Object) at path "_id" for model "Schedule"
    at SchemaObjectId.cast (C:\Users\User\Desktop\completed\week23\myaro\server\node_modules\mongoose\lib\schema\objectId.js:251:11)
    at SchemaObjectId.SchemaType.applySetters (C:\Users\User\Desktop\completed\week23\myaro\server\node_modules\mongoose\lib\schemaType.js:1262:12)
    at SchemaObjectId.SchemaType.castForQuery (C:\Users\User\Desktop\completed\week23\myaro\server\node_modules\mongoose\lib\schemaType.js:1698:17)
    at cast (C:\Users\User\Desktop\completed\week23\myaro\server\node_modules\mongoose\lib\cast.js:319:34)
    at model.Query.Query.cast (C:\Users\User\Desktop\completed\week23\myaro\server\node_modules\mongoose\lib\query.js:5060:12)
    at model.Query.Query._castConditions (C:\Users\User\Desktop\completed\week23\myaro\server\node_modules\mongoose\lib\query.js:2374:10)
    at model.Query._findOne (C:\Users\User\Desktop\completed\week23\myaro\server\node_modules\mongoose\lib\query.js:2697:8)
    at model.Query.exec (C:\Users\User\Desktop\completed\week23\myaro\server\node_modules\mongoose\lib\query.js:4627:80)
    at processTicksAndRejections (node:internal/process/task_queues:103:5)
    at ScheduleRepository.findByBeauticianId (C:\Users\User\Desktop\completed\week23\myaro\server\src\infrastructure\repositories\beautician\scheduleRepository.ts:43:13)
2026-04-17 07:05:56 error: CastError: Cast to ObjectId failed for value "{ beauticianId: new ObjectId('692eb58ed692da39bc3c1860') }" (type Object) at path "_id" for model "Schedule"
    at SchemaObjectId.cast (C:\Users\User\Desktop\completed\week23\myaro\server\node_modules\mongoose\lib\schema\objectId.js:251:11)
    at SchemaObjectId.SchemaType.applySetters (C:\Users\User\Desktop\completed\week23\myaro\server\node_modules\mongoose\lib\schemaType.js:1262:12)
    at SchemaObjectId.SchemaType.castForQuery (C:\Users\User\Desktop\completed\week23\myaro\server\node_modules\mongoose\lib\schemaType.js:1698:17)
    at cast (C:\Users\User\Desktop\completed\week23\myaro\server\node_modules\mongoose\lib\cast.js:319:34)
    at model.Query.Query.cast (C:\Users\User\Desktop\completed\week23\myaro\server\node_modules\mongoose\lib\query.js:5060:12)
    at model.Query.Query._castConditions (C:\Users\User\Desktop\completed\week23\myaro\server\node_modules\mongoose\lib\query.js:2374:10)
    at model.Query._findOne (C:\Users\User\Desktop\completed\week23\myaro\server\node_modules\mongoose\lib\query.js:2697:8)
    at model.Query.exec (C:\Users\User\Desktop\completed\week23\myaro\server\node_modules\mongoose\lib\query.js:4627:80)
    at processTicksAndRejections (node:internal/process/task_queues:103:5)
    at ScheduleRepository.findByBeauticianId (C:\Users\User\Desktop\completed\week23\myaro\server\src\infrastructure\repositories\beautician\scheduleRepository.ts:43:13)
2026-04-17 07:06:20 error: CastError: Cast to ObjectId failed for value "{ beauticianId: new ObjectId('692eb58ed692da39bc3c1860') }" (type Object) at path "_id" for model "Schedule"
    at SchemaObjectId.cast (C:\Users\User\Desktop\completed\week23\myaro\server\node_modules\mongoose\lib\schema\objectId.js:251:11)
    at SchemaObjectId.SchemaType.applySetters (C:\Users\User\Desktop\completed\week23\myaro\server\node_modules\mongoose\lib\schemaType.js:1262:12)
    at SchemaObjectId.SchemaType.castForQuery (C:\Users\User\Desktop\completed\week23\myaro\server\node_modules\mongoose\lib\schemaType.js:1698:17)
    at cast (C:\Users\User\Desktop\completed\week23\myaro\server\node_modules\mongoose\lib\cast.js:319:34)
    at model.Query.Query.cast (C:\Users\User\Desktop\completed\week23\myaro\server\node_modules\mongoose\lib\query.js:5060:12)
    at model.Query.Query._castConditions (C:\Users\User\Desktop\completed\week23\myaro\server\node_modules\mongoose\lib\query.js:2374:10)
    at model.Query._findOne (C:\Users\User\Desktop\completed\week23\myaro\server\node_modules\mongoose\lib\query.js:2697:8)
    at model.Query.exec (C:\Users\User\Desktop\completed\week23\myaro\server\node_modules\mongoose\lib\query.js:4627:80)
    at processTicksAndRejections (node:internal/process/task_queues:103:5)
    at ScheduleRepository.findByBeauticianId (C:\Users\User\Desktop\completed\week23\myaro\server\src\infrastructure\repositories\beautician\scheduleRepository.ts:43:13)
2026-04-17 07:07:14 error: CastError: Cast to ObjectId failed for value "{ beauticianId: new ObjectId('692eb58ed692da39bc3c1860') }" (type Object) at path "_id" for model "Schedule"
    at SchemaObjectId.cast (C:\Users\User\Desktop\completed\week23\myaro\server\node_modules\mongoose\lib\schema\objectId.js:251:11)
    at SchemaObjectId.SchemaType.applySetters (C:\Users\User\Desktop\completed\week23\myaro\server\node_modules\mongoose\lib\schemaType.js:1262:12)
    at SchemaObjectId.SchemaType.castForQuery (C:\Users\User\Desktop\completed\week23\myaro\server\node_modules\mongoose\lib\schemaType.js:1698:17)
    at cast (C:\Users\User\Desktop\completed\week23\myaro\server\node_modules\mongoose\lib\cast.js:319:34)
    at model.Query.Query.cast (C:\Users\User\Desktop\completed\week23\myaro\server\node_modules\mongoose\lib\query.js:5060:12)
    at model.Query.Query._castConditions (C:\Users\User\Desktop\completed\week23\myaro\server\node_modules\mongoose\lib\query.js:2374:10)
    at model.Query._findOne (C:\Users\User\Desktop\completed\week23\myaro\server\node_modules\mongoose\lib\query.js:2697:8)
    at model.Query.exec (C:\Users\User\Desktop\completed\week23\myaro\server\node_modules\mongoose\lib\query.js:4627:80)
    at processTicksAndRejections (node:internal/process/task_queues:103:5)
    at ScheduleRepository.findByBeauticianId (C:\Users\User\Desktop\completed\week23\myaro\server\src\infrastructure\repositories\beautician\scheduleRepository.ts:43:13)
