2026-04-10 15:41:46 error: Error: Cannot set headers after they are sent to the client
    at ServerResponse.setHeader (node:_http_outgoing:642:11)
    at ServerResponse.header (C:\Users\User\Desktop\completed\week23\myaro\server\node_modules\express\lib\response.js:684:10)
    at ServerResponse.send (C:\Users\User\Desktop\completed\week23\myaro\server\node_modules\express\lib\response.js:161:12)
    at ServerResponse.json (C:\Users\User\Desktop\completed\week23\myaro\server\node_modules\express\lib\response.js:250:15)
    at BookingController.getAllRefunsForAdmin (C:\Users\User\Desktop\completed\week23\myaro\server\src\interface\Http\controllers\public\bookingController.ts:281:30)
    at processTicksAndRejections (node:internal/process/task_queues:103:5)
2026-04-10 15:42:29 error: Error: Cannot set headers after they are sent to the client
    at ServerResponse.setHeader (node:_http_outgoing:642:11)
    at ServerResponse.header (C:\Users\User\Desktop\completed\week23\myaro\server\node_modules\express\lib\response.js:684:10)
    at ServerResponse.json (C:\Users\User\Desktop\completed\week23\myaro\server\node_modules\express\lib\response.js:247:10)
    at BookingController.getAllRefunsForAdmin (C:\Users\User\Desktop\completed\week23\myaro\server\src\interface\Http\controllers\public\bookingController.ts:281:30)
    at processTicksAndRejections (node:internal/process/task_queues:103:5)
2026-04-10 15:42:42 error: Error: Cannot set headers after they are sent to the client
    at ServerResponse.setHeader (node:_http_outgoing:642:11)
    at ServerResponse.header (C:\Users\User\Desktop\completed\week23\myaro\server\node_modules\express\lib\response.js:684:10)
    at ServerResponse.json (C:\Users\User\Desktop\completed\week23\myaro\server\node_modules\express\lib\response.js:247:10)
    at BookingController.getAllRefunsForAdmin (C:\Users\User\Desktop\completed\week23\myaro\server\src\interface\Http\controllers\public\bookingController.ts:281:30)
    at processTicksAndRejections (node:internal/process/task_queues:103:5)
2026-04-10 15:44:56 error: Error: Cannot set headers after they are sent to the client
    at ServerResponse.setHeader (node:_http_outgoing:642:11)
    at ServerResponse.header (C:\Users\User\Desktop\completed\week23\myaro\server\node_modules\express\lib\response.js:684:10)
    at ServerResponse.json (C:\Users\User\Desktop\completed\week23\myaro\server\node_modules\express\lib\response.js:247:10)
    at BookingController.getAllRefunsForAdmin (C:\Users\User\Desktop\completed\week23\myaro\server\src\interface\Http\controllers\public\bookingController.ts:281:30)
    at processTicksAndRejections (node:internal/process/task_queues:103:5)
2026-04-10 15:45:34 error: Error: Cannot set headers after they are sent to the client
    at ServerResponse.setHeader (node:_http_outgoing:642:11)
    at ServerResponse.header (C:\Users\User\Desktop\completed\week23\myaro\server\node_modules\express\lib\response.js:684:10)
    at ServerResponse.json (C:\Users\User\Desktop\completed\week23\myaro\server\node_modules\express\lib\response.js:247:10)
    at BookingController.getAllRefunsForAdmin (C:\Users\User\Desktop\completed\week23\myaro\server\src\interface\Http\controllers\public\bookingController.ts:281:30)
    at processTicksAndRejections (node:internal/process/task_queues:103:5)
2026-04-10 15:45:38 error: Error: Cannot set headers after they are sent to the client
    at ServerResponse.setHeader (node:_http_outgoing:642:11)
    at ServerResponse.header (C:\Users\User\Desktop\completed\week23\myaro\server\node_modules\express\lib\response.js:684:10)
    at ServerResponse.json (C:\Users\User\Desktop\completed\week23\myaro\server\node_modules\express\lib\response.js:247:10)
    at BookingController.getAllRefunsForAdmin (C:\Users\User\Desktop\completed\week23\myaro\server\src\interface\Http\controllers\public\bookingController.ts:281:30)
    at processTicksAndRejections (node:internal/process/task_queues:103:5)
2026-04-10 15:45:40 error: Error: Cannot set headers after they are sent to the client
    at ServerResponse.setHeader (node:_http_outgoing:642:11)
    at ServerResponse.header (C:\Users\User\Desktop\completed\week23\myaro\server\node_modules\express\lib\response.js:684:10)
    at ServerResponse.json (C:\Users\User\Desktop\completed\week23\myaro\server\node_modules\express\lib\response.js:247:10)
    at BookingController.getAllRefunsForAdmin (C:\Users\User\Desktop\completed\week23\myaro\server\src\interface\Http\controllers\public\bookingController.ts:281:30)
    at processTicksAndRejections (node:internal/process/task_queues:103:5)
2026-04-10 15:45:49 error: Error: Cannot set headers after they are sent to the client
    at ServerResponse.setHeader (node:_http_outgoing:642:11)
    at ServerResponse.header (C:\Users\User\Desktop\completed\week23\myaro\server\node_modules\express\lib\response.js:684:10)
    at ServerResponse.json (C:\Users\User\Desktop\completed\week23\myaro\server\node_modules\express\lib\response.js:247:10)
    at BookingController.getAllRefunsForAdmin (C:\Users\User\Desktop\completed\week23\myaro\server\src\interface\Http\controllers\public\bookingController.ts:281:30)
    at processTicksAndRejections (node:internal/process/task_queues:103:5)
2026-04-10 15:45:54 error: Error: Cannot set headers after they are sent to the client
    at ServerResponse.setHeader (node:_http_outgoing:642:11)
    at ServerResponse.header (C:\Users\User\Desktop\completed\week23\myaro\server\node_modules\express\lib\response.js:684:10)
    at ServerResponse.json (C:\Users\User\Desktop\completed\week23\myaro\server\node_modules\express\lib\response.js:247:10)
    at BookingController.getAllRefunsForAdmin (C:\Users\User\Desktop\completed\week23\myaro\server\src\interface\Http\controllers\public\bookingController.ts:281:30)
    at processTicksAndRejections (node:internal/process/task_queues:103:5)
2026-04-10 15:47:19 error: Error: Cannot set headers after they are sent to the client
    at ServerResponse.setHeader (node:_http_outgoing:642:11)
    at ServerResponse.header (C:\Users\User\Desktop\completed\week23\myaro\server\node_modules\express\lib\response.js:684:10)
    at ServerResponse.json (C:\Users\User\Desktop\completed\week23\myaro\server\node_modules\express\lib\response.js:247:10)
    at BookingController.getAllRefunsForAdmin (C:\Users\User\Desktop\completed\week23\myaro\server\src\interface\Http\controllers\public\bookingController.ts:281:30)
    at processTicksAndRejections (node:internal/process/task_queues:103:5)
2026-04-10 15:48:11 error: Error: Cannot set headers after they are sent to the client
    at ServerResponse.setHeader (node:_http_outgoing:642:11)
    at ServerResponse.header (C:\Users\User\Desktop\completed\week23\myaro\server\node_modules\express\lib\response.js:684:10)
    at ServerResponse.json (C:\Users\User\Desktop\completed\week23\myaro\server\node_modules\express\lib\response.js:247:10)
    at BookingController.getAllRefunsForAdmin (C:\Users\User\Desktop\completed\week23\myaro\server\src\interface\Http\controllers\public\bookingController.ts:281:30)
    at processTicksAndRejections (node:internal/process/task_queues:103:5)
2026-04-10 15:48:12 error: Error: Cannot set headers after they are sent to the client
    at ServerResponse.setHeader (node:_http_outgoing:642:11)
    at ServerResponse.header (C:\Users\User\Desktop\completed\week23\myaro\server\node_modules\express\lib\response.js:684:10)
    at ServerResponse.json (C:\Users\User\Desktop\completed\week23\myaro\server\node_modules\express\lib\response.js:247:10)
    at BookingController.getAllRefunsForAdmin (C:\Users\User\Desktop\completed\week23\myaro\server\src\interface\Http\controllers\public\bookingController.ts:281:30)
    at processTicksAndRejections (node:internal/process/task_queues:103:5)
2026-04-10 16:26:45 error: Error: Cannot set headers after they are sent to the client
    at ServerResponse.setHeader (node:_http_outgoing:642:11)
    at ServerResponse.header (C:\Users\User\Desktop\completed\week23\myaro\server\node_modules\express\lib\response.js:684:10)
    at ServerResponse.json (C:\Users\User\Desktop\completed\week23\myaro\server\node_modules\express\lib\response.js:247:10)
    at BookingController.getAllRefunsForAdmin (C:\Users\User\Desktop\completed\week23\myaro\server\src\interface\Http\controllers\public\bookingController.ts:281:30)
    at processTicksAndRejections (node:internal/process/task_queues:103:5)
2026-04-10 17:05:17 error: Error: read ECONNRESET
    at TCP.onStreamRead (node:internal/stream_base_commons:216:20) | {"errno":-4077,"code":"ECONNRESET","syscall":"read"}
2026-04-10 17:05:17 error: Error: getaddrinfo ENOTFOUND redis-12559.crce217.ap-south-1-1.ec2.cloud.redislabs.com
    at GetAddrInfoReqWrap.onlookupall [as oncomplete] (node:dns:122:26) | {"errno":-3008,"code":"ENOTFOUND","syscall":"getaddrinfo","hostname":"redis-12559.crce217.ap-south-1-1.ec2.cloud.redislabs.com"}
2026-04-10 17:05:17 error: Error: getaddrinfo ENOTFOUND redis-12559.crce217.ap-south-1-1.ec2.cloud.redislabs.com
    at GetAddrInfoReqWrap.onlookupall [as oncomplete] (node:dns:122:26) | {"errno":-3008,"code":"ENOTFOUND","syscall":"getaddrinfo","hostname":"redis-12559.crce217.ap-south-1-1.ec2.cloud.redislabs.com"}
2026-04-10 17:05:17 error: Error: getaddrinfo ENOTFOUND redis-12559.crce217.ap-south-1-1.ec2.cloud.redislabs.com
    at GetAddrInfoReqWrap.onlookupall [as oncomplete] (node:dns:122:26) | {"errno":-3008,"code":"ENOTFOUND","syscall":"getaddrinfo","hostname":"redis-12559.crce217.ap-south-1-1.ec2.cloud.redislabs.com"}
2026-04-10 17:05:18 error: Error: getaddrinfo ENOTFOUND redis-12559.crce217.ap-south-1-1.ec2.cloud.redislabs.com
    at GetAddrInfoReqWrap.onlookupall [as oncomplete] (node:dns:122:26) | {"errno":-3008,"code":"ENOTFOUND","syscall":"getaddrinfo","hostname":"redis-12559.crce217.ap-south-1-1.ec2.cloud.redislabs.com"}
2026-04-10 17:05:18 error: Error: getaddrinfo ENOTFOUND redis-12559.crce217.ap-south-1-1.ec2.cloud.redislabs.com
    at GetAddrInfoReqWrap.onlookupall [as oncomplete] (node:dns:122:26) | {"errno":-3008,"code":"ENOTFOUND","syscall":"getaddrinfo","hostname":"redis-12559.crce217.ap-south-1-1.ec2.cloud.redislabs.com"}
2026-04-10 17:05:19 error: Error: getaddrinfo ENOTFOUND redis-12559.crce217.ap-south-1-1.ec2.cloud.redislabs.com
    at GetAddrInfoReqWrap.onlookupall [as oncomplete] (node:dns:122:26) | {"errno":-3008,"code":"ENOTFOUND","syscall":"getaddrinfo","hostname":"redis-12559.crce217.ap-south-1-1.ec2.cloud.redislabs.com"}
2026-04-10 17:05:25 error: Error: read ECONNRESET
    at TCP.onStreamRead (node:internal/stream_base_commons:216:20) | {"errno":-4077,"code":"ECONNRESET","syscall":"read"}
2026-04-10 17:20:04 error: Error: read ECONNRESET
    at TCP.onStreamRead (node:internal/stream_base_commons:216:20) | {"errno":-4077,"code":"ECONNRESET","syscall":"read"}
2026-04-10 17:20:04 error: Error: getaddrinfo ENOTFOUND redis-12559.crce217.ap-south-1-1.ec2.cloud.redislabs.com
    at GetAddrInfoReqWrap.onlookupall [as oncomplete] (node:dns:122:26) | {"errno":-3008,"code":"ENOTFOUND","syscall":"getaddrinfo","hostname":"redis-12559.crce217.ap-south-1-1.ec2.cloud.redislabs.com"}
2026-04-10 17:42:42 error: Error: read ECONNRESET
    at TCP.onStreamRead (node:internal/stream_base_commons:216:20) | {"errno":-4077,"code":"ECONNRESET","syscall":"read"}
